WARNING:tensorflow:From /home/lfz5092/venv/lib/python3.5/site-packages/tensorflow_core/python/data/util/random_seed.py:58: where (from tensorflow.python.ops.array_ops) is deprecated and will be removed in a future version.
Instructions for updating:
Use tf.where in 2.0, which has the same broadcast rule as np.where
WARNING:tensorflow:From /home/lfz5092/venv/lib/python3.5/site-packages/tensorflow_core/python/ops/resource_variable_ops.py:1781: calling BaseResourceVariable.__init__ (from tensorflow.python.ops.resource_variable_ops) with constraint is deprecated and will be removed in a future version.
Instructions for updating:
If using Keras pass *_constraint arguments to layers.
create new model

Total time taken (in seconds): 29.35
[array([0.96139997, 0.        , 0.        , 0.        , 0.        ,
       0.        , 0.        , 0.        , 0.        , 0.        ]), array([0., 0., 0., 0., 0., 0., 0., 0., 0., 0.]), array([0., 0., 0., 0., 0., 0., 0., 0., 0., 0.]), array([0., 0., 0., 0., 0., 0., 0., 0., 0., 0.]), array([0., 0., 0., 0., 0., 0., 0., 0., 0., 0.]), array([0., 0., 0., 0., 0., 0., 0., 0., 0., 0.]), array([0., 0., 0., 0., 0., 0., 0., 0., 0., 0.]), array([0., 0., 0., 0., 0., 0., 0., 0., 0., 0.]), array([0., 0., 0., 0., 0., 0., 0., 0., 0., 0.]), array([0., 0., 0., 0., 0., 0., 0., 0., 0., 0.])]
load model:model/depth_task/1/1/2/

Total time taken (in seconds): 11.71
[array([0.96139997, 0.        , 0.        , 0.        , 0.        ,
       0.        , 0.        , 0.        , 0.        , 0.        ]), array([0.86849999, 0.94050002, 0.        , 0.        , 0.        ,
       0.        , 0.        , 0.        , 0.        , 0.        ]), array([0., 0., 0., 0., 0., 0., 0., 0., 0., 0.]), array([0., 0., 0., 0., 0., 0., 0., 0., 0., 0.]), array([0., 0., 0., 0., 0., 0., 0., 0., 0., 0.]), array([0., 0., 0., 0., 0., 0., 0., 0., 0., 0.]), array([0., 0., 0., 0., 0., 0., 0., 0., 0., 0.]), array([0., 0., 0., 0., 0., 0., 0., 0., 0., 0.]), array([0., 0., 0., 0., 0., 0., 0., 0., 0., 0.]), array([0., 0., 0., 0., 0., 0., 0., 0., 0., 0.])]
load model:model/depth_task/1/1/2/

Total time taken (in seconds): 11.79
[array([0.96139997, 0.        , 0.        , 0.        , 0.        ,
       0.        , 0.        , 0.        , 0.        , 0.        ]), array([0.86849999, 0.94050002, 0.        , 0.        , 0.        ,
       0.        , 0.        , 0.        , 0.        , 0.        ]), array([0.79860002, 0.89810002, 0.93949997, 0.        , 0.        ,
       0.        , 0.        , 0.        , 0.        , 0.        ]), array([0., 0., 0., 0., 0., 0., 0., 0., 0., 0.]), array([0., 0., 0., 0., 0., 0., 0., 0., 0., 0.]), array([0., 0., 0., 0., 0., 0., 0., 0., 0., 0.]), array([0., 0., 0., 0., 0., 0., 0., 0., 0., 0.]), array([0., 0., 0., 0., 0., 0., 0., 0., 0., 0.]), array([0., 0., 0., 0., 0., 0., 0., 0., 0., 0.]), array([0., 0., 0., 0., 0., 0., 0., 0., 0., 0.])]
load model:model/depth_task/1/1/2/

Total time taken (in seconds): 11.78
[array([0.96139997, 0.        , 0.        , 0.        , 0.        ,
       0.        , 0.        , 0.        , 0.        , 0.        ]), array([0.86849999, 0.94050002, 0.        , 0.        , 0.        ,
       0.        , 0.        , 0.        , 0.        , 0.        ]), array([0.79860002, 0.89810002, 0.93949997, 0.        , 0.        ,
       0.        , 0.        , 0.        , 0.        , 0.        ]), array([0.79949999, 0.87989998, 0.91549999, 0.94260001, 0.        ,
       0.        , 0.        , 0.        , 0.        , 0.        ]), array([0., 0., 0., 0., 0., 0., 0., 0., 0., 0.]), array([0., 0., 0., 0., 0., 0., 0., 0., 0., 0.]), array([0., 0., 0., 0., 0., 0., 0., 0., 0., 0.]), array([0., 0., 0., 0., 0., 0., 0., 0., 0., 0.]), array([0., 0., 0., 0., 0., 0., 0., 0., 0., 0.]), array([0., 0., 0., 0., 0., 0., 0., 0., 0., 0.])]
load model:model/depth_task/1/1/2/

Total time taken (in seconds): 11.76
[array([0.96139997, 0.        , 0.        , 0.        , 0.        ,
       0.        , 0.        , 0.        , 0.        , 0.        ]), array([0.86849999, 0.94050002, 0.        , 0.        , 0.        ,
       0.        , 0.        , 0.        , 0.        , 0.        ]), array([0.79860002, 0.89810002, 0.93949997, 0.        , 0.        ,
       0.        , 0.        , 0.        , 0.        , 0.        ]), array([0.79949999, 0.87989998, 0.91549999, 0.94260001, 0.        ,
       0.        , 0.        , 0.        , 0.        , 0.        ]), array([0.7087    , 0.86500001, 0.7744    , 0.89630002, 0.94480002,
       0.        , 0.        , 0.        , 0.        , 0.        ]), array([0., 0., 0., 0., 0., 0., 0., 0., 0., 0.]), array([0., 0., 0., 0., 0., 0., 0., 0., 0., 0.]), array([0., 0., 0., 0., 0., 0., 0., 0., 0., 0.]), array([0., 0., 0., 0., 0., 0., 0., 0., 0., 0.]), array([0., 0., 0., 0., 0., 0., 0., 0., 0., 0.])]
load model:model/depth_task/1/1/2/

Total time taken (in seconds): 11.73
[array([0.96139997, 0.        , 0.        , 0.        , 0.        ,
       0.        , 0.        , 0.        , 0.        , 0.        ]), array([0.86849999, 0.94050002, 0.        , 0.        , 0.        ,
       0.        , 0.        , 0.        , 0.        , 0.        ]), array([0.79860002, 0.89810002, 0.93949997, 0.        , 0.        ,
       0.        , 0.        , 0.        , 0.        , 0.        ]), array([0.79949999, 0.87989998, 0.91549999, 0.94260001, 0.        ,
       0.        , 0.        , 0.        , 0.        , 0.        ]), array([0.7087    , 0.86500001, 0.7744    , 0.89630002, 0.94480002,
       0.        , 0.        , 0.        , 0.        , 0.        ]), array([0.63669997, 0.83749998, 0.67900002, 0.8448    , 0.90979999,
       0.9375    , 0.        , 0.        , 0.        , 0.        ]), array([0., 0., 0., 0., 0., 0., 0., 0., 0., 0.]), array([0., 0., 0., 0., 0., 0., 0., 0., 0., 0.]), array([0., 0., 0., 0., 0., 0., 0., 0., 0., 0.]), array([0., 0., 0., 0., 0., 0., 0., 0., 0., 0.])]
load model:model/depth_task/1/1/2/

Total time taken (in seconds): 11.11
[array([0.96139997, 0.        , 0.        , 0.        , 0.        ,
       0.        , 0.        , 0.        , 0.        , 0.        ]), array([0.86849999, 0.94050002, 0.        , 0.        , 0.        ,
       0.        , 0.        , 0.        , 0.        , 0.        ]), array([0.79860002, 0.89810002, 0.93949997, 0.        , 0.        ,
       0.        , 0.        , 0.        , 0.        , 0.        ]), array([0.79949999, 0.87989998, 0.91549999, 0.94260001, 0.        ,
       0.        , 0.        , 0.        , 0.        , 0.        ]), array([0.7087    , 0.86500001, 0.7744    , 0.89630002, 0.94480002,
       0.        , 0.        , 0.        , 0.        , 0.        ]), array([0.63669997, 0.83749998, 0.67900002, 0.8448    , 0.90979999,
       0.9375    , 0.        , 0.        , 0.        , 0.        ]), array([0.60680002, 0.78359997, 0.68910003, 0.82910001, 0.89279997,
       0.91430002, 0.9411    , 0.        , 0.        , 0.        ]), array([0., 0., 0., 0., 0., 0., 0., 0., 0., 0.]), array([0., 0., 0., 0., 0., 0., 0., 0., 0., 0.]), array([0., 0., 0., 0., 0., 0., 0., 0., 0., 0.])]
load model:model/depth_task/1/1/2/

Total time taken (in seconds): 11.73
[array([0.96139997, 0.        , 0.        , 0.        , 0.        ,
       0.        , 0.        , 0.        , 0.        , 0.        ]), array([0.86849999, 0.94050002, 0.        , 0.        , 0.        ,
       0.        , 0.        , 0.        , 0.        , 0.        ]), array([0.79860002, 0.89810002, 0.93949997, 0.        , 0.        ,
       0.        , 0.        , 0.        , 0.        , 0.        ]), array([0.79949999, 0.87989998, 0.91549999, 0.94260001, 0.        ,
       0.        , 0.        , 0.        , 0.        , 0.        ]), array([0.7087    , 0.86500001, 0.7744    , 0.89630002, 0.94480002,
       0.        , 0.        , 0.        , 0.        , 0.        ]), array([0.63669997, 0.83749998, 0.67900002, 0.8448    , 0.90979999,
       0.9375    , 0.        , 0.        , 0.        , 0.        ]), array([0.60680002, 0.78359997, 0.68910003, 0.82910001, 0.89279997,
       0.91430002, 0.9411    , 0.        , 0.        , 0.        ]), array([0.59469998, 0.68360001, 0.69489998, 0.78130001, 0.78179997,
       0.86110002, 0.90869999, 0.94319999, 0.        , 0.        ]), array([0., 0., 0., 0., 0., 0., 0., 0., 0., 0.]), array([0., 0., 0., 0., 0., 0., 0., 0., 0., 0.])]
load model:model/depth_task/1/1/2/

Total time taken (in seconds): 11.65
[array([0.96139997, 0.        , 0.        , 0.        , 0.        ,
       0.        , 0.        , 0.        , 0.        , 0.        ]), array([0.86849999, 0.94050002, 0.        , 0.        , 0.        ,
       0.        , 0.        , 0.        , 0.        , 0.        ]), array([0.79860002, 0.89810002, 0.93949997, 0.        , 0.        ,
       0.        , 0.        , 0.        , 0.        , 0.        ]), array([0.79949999, 0.87989998, 0.91549999, 0.94260001, 0.        ,
       0.        , 0.        , 0.        , 0.        , 0.        ]), array([0.7087    , 0.86500001, 0.7744    , 0.89630002, 0.94480002,
       0.        , 0.        , 0.        , 0.        , 0.        ]), array([0.63669997, 0.83749998, 0.67900002, 0.8448    , 0.90979999,
       0.9375    , 0.        , 0.        , 0.        , 0.        ]), array([0.60680002, 0.78359997, 0.68910003, 0.82910001, 0.89279997,
       0.91430002, 0.9411    , 0.        , 0.        , 0.        ]), array([0.59469998, 0.68360001, 0.69489998, 0.78130001, 0.78179997,
       0.86110002, 0.90869999, 0.94319999, 0.        , 0.        ]), array([0.62029999, 0.6146    , 0.5776    , 0.80699998, 0.82849997,
       0.8423    , 0.884     , 0.91409999, 0.9425    , 0.        ]), array([0., 0., 0., 0., 0., 0., 0., 0., 0., 0.])]
load model:model/depth_task/1/1/2/

Total time taken (in seconds): 11.34
[array([0.96139997, 0.        , 0.        , 0.        , 0.        ,
       0.        , 0.        , 0.        , 0.        , 0.        ]), array([0.86849999, 0.94050002, 0.        , 0.        , 0.        ,
       0.        , 0.        , 0.        , 0.        , 0.        ]), array([0.79860002, 0.89810002, 0.93949997, 0.        , 0.        ,
       0.        , 0.        , 0.        , 0.        , 0.        ]), array([0.79949999, 0.87989998, 0.91549999, 0.94260001, 0.        ,
       0.        , 0.        , 0.        , 0.        , 0.        ]), array([0.7087    , 0.86500001, 0.7744    , 0.89630002, 0.94480002,
       0.        , 0.        , 0.        , 0.        , 0.        ]), array([0.63669997, 0.83749998, 0.67900002, 0.8448    , 0.90979999,
       0.9375    , 0.        , 0.        , 0.        , 0.        ]), array([0.60680002, 0.78359997, 0.68910003, 0.82910001, 0.89279997,
       0.91430002, 0.9411    , 0.        , 0.        , 0.        ]), array([0.59469998, 0.68360001, 0.69489998, 0.78130001, 0.78179997,
       0.86110002, 0.90869999, 0.94319999, 0.        , 0.        ]), array([0.62029999, 0.6146    , 0.5776    , 0.80699998, 0.82849997,
       0.8423    , 0.884     , 0.91409999, 0.9425    , 0.        ]), array([0.5966    , 0.55559999, 0.58029997, 0.7561    , 0.7579    ,
       0.82870001, 0.81580001, 0.8725    , 0.92000002, 0.93769997])]
create new model

Total time taken (in seconds): 12.19
[0.92839998 0.         0.         0.         0.         0.
 0.         0.         0.         0.        ]
create new model

Total time taken (in seconds): 12.06
[0.92839998 0.92629999 0.         0.         0.         0.
 0.         0.         0.         0.        ]
create new model

Total time taken (in seconds): 12.03
[0.92839998 0.92629999 0.92879999 0.         0.         0.
 0.         0.         0.         0.        ]
create new model

Total time taken (in seconds): 12.11
[0.92839998 0.92629999 0.92879999 0.93110001 0.         0.
 0.         0.         0.         0.        ]
create new model

Total time taken (in seconds): 11.77
[0.92839998 0.92629999 0.92879999 0.93110001 0.9332     0.
 0.         0.         0.         0.        ]
create new model

Total time taken (in seconds): 12.60
[0.92839998 0.92629999 0.92879999 0.93110001 0.9332     0.93120003
 0.         0.         0.         0.        ]
create new model

Total time taken (in seconds): 12.12
[0.92839998 0.92629999 0.92879999 0.93110001 0.9332     0.93120003
 0.93129998 0.         0.         0.        ]
create new model

Total time taken (in seconds): 12.14
[0.92839998 0.92629999 0.92879999 0.93110001 0.9332     0.93120003
 0.93129998 0.92879999 0.         0.        ]
create new model

Total time taken (in seconds): 12.12
[0.92839998 0.92629999 0.92879999 0.93110001 0.9332     0.93120003
 0.93129998 0.92879999 0.93239999 0.        ]
create new model

Total time taken (in seconds): 11.67
[0.92839998 0.92629999 0.92879999 0.93110001 0.9332     0.93120003
 0.93129998 0.92879999 0.93239999 0.9296    ]
[array([0.96139997, 0.        , 0.        , 0.        , 0.        ,
       0.        , 0.        , 0.        , 0.        , 0.        ]), array([0.86849999, 0.94050002, 0.        , 0.        , 0.        ,
       0.        , 0.        , 0.        , 0.        , 0.        ]), array([0.79860002, 0.89810002, 0.93949997, 0.        , 0.        ,
       0.        , 0.        , 0.        , 0.        , 0.        ]), array([0.79949999, 0.87989998, 0.91549999, 0.94260001, 0.        ,
       0.        , 0.        , 0.        , 0.        , 0.        ]), array([0.7087    , 0.86500001, 0.7744    , 0.89630002, 0.94480002,
       0.        , 0.        , 0.        , 0.        , 0.        ]), array([0.63669997, 0.83749998, 0.67900002, 0.8448    , 0.90979999,
       0.9375    , 0.        , 0.        , 0.        , 0.        ]), array([0.60680002, 0.78359997, 0.68910003, 0.82910001, 0.89279997,
       0.91430002, 0.9411    , 0.        , 0.        , 0.        ]), array([0.59469998, 0.68360001, 0.69489998, 0.78130001, 0.78179997,
       0.86110002, 0.90869999, 0.94319999, 0.        , 0.        ]), array([0.62029999, 0.6146    , 0.5776    , 0.80699998, 0.82849997,
       0.8423    , 0.884     , 0.91409999, 0.9425    , 0.        ]), array([0.5966    , 0.55559999, 0.58029997, 0.7561    , 0.7579    ,
       0.82870001, 0.81580001, 0.8725    , 0.92000002, 0.93769997])] [0.92839998 0.92629999 0.92879999 0.93110001 0.9332     0.93120003
 0.93129998 0.92879999 0.93239999 0.9296    ]
acc: 0.7621199965, bwt: -0.2010666662, tbwt: -0.1875555515
cbwt 0: -0.2691333095
cbwt 1: -0.1757625267
cbwt 2: -0.2379571199
cbwt 3: -0.1235000094
cbwt 4: -0.1106400371
cbwt 5: -0.0758999884
cbwt 6: -0.0716000001
cbwt 7: -0.0498999953
cbwt 8: -0.0224999785
create new model

Total time taken (in seconds): 35.56
[array([0.97000003, 0.        , 0.        , 0.        , 0.        ,
       0.        , 0.        , 0.        , 0.        , 0.        ]), array([0., 0., 0., 0., 0., 0., 0., 0., 0., 0.]), array([0., 0., 0., 0., 0., 0., 0., 0., 0., 0.]), array([0., 0., 0., 0., 0., 0., 0., 0., 0., 0.]), array([0., 0., 0., 0., 0., 0., 0., 0., 0., 0.]), array([0., 0., 0., 0., 0., 0., 0., 0., 0., 0.]), array([0., 0., 0., 0., 0., 0., 0., 0., 0., 0.]), array([0., 0., 0., 0., 0., 0., 0., 0., 0., 0.]), array([0., 0., 0., 0., 0., 0., 0., 0., 0., 0.]), array([0., 0., 0., 0., 0., 0., 0., 0., 0., 0.])]
load model:model/depth_task/1/1/3/

Total time taken (in seconds): 13.87
[array([0.97000003, 0.        , 0.        , 0.        , 0.        ,
       0.        , 0.        , 0.        , 0.        , 0.        ]), array([0.68800002, 0.95550001, 0.        , 0.        , 0.        ,
       0.        , 0.        , 0.        , 0.        , 0.        ]), array([0., 0., 0., 0., 0., 0., 0., 0., 0., 0.]), array([0., 0., 0., 0., 0., 0., 0., 0., 0., 0.]), array([0., 0., 0., 0., 0., 0., 0., 0., 0., 0.]), array([0., 0., 0., 0., 0., 0., 0., 0., 0., 0.]), array([0., 0., 0., 0., 0., 0., 0., 0., 0., 0.]), array([0., 0., 0., 0., 0., 0., 0., 0., 0., 0.]), array([0., 0., 0., 0., 0., 0., 0., 0., 0., 0.]), array([0., 0., 0., 0., 0., 0., 0., 0., 0., 0.])]
load model:model/depth_task/1/1/3/

Total time taken (in seconds): 14.04
[array([0.97000003, 0.        , 0.        , 0.        , 0.        ,
       0.        , 0.        , 0.        , 0.        , 0.        ]), array([0.68800002, 0.95550001, 0.        , 0.        , 0.        ,
       0.        , 0.        , 0.        , 0.        , 0.        ]), array([0.46520001, 0.87489998, 0.95819998, 0.        , 0.        ,
       0.        , 0.        , 0.        , 0.        , 0.        ]), array([0., 0., 0., 0., 0., 0., 0., 0., 0., 0.]), array([0., 0., 0., 0., 0., 0., 0., 0., 0., 0.]), array([0., 0., 0., 0., 0., 0., 0., 0., 0., 0.]), array([0., 0., 0., 0., 0., 0., 0., 0., 0., 0.]), array([0., 0., 0., 0., 0., 0., 0., 0., 0., 0.]), array([0., 0., 0., 0., 0., 0., 0., 0., 0., 0.]), array([0., 0., 0., 0., 0., 0., 0., 0., 0., 0.])]
load model:model/depth_task/1/1/3/

Total time taken (in seconds): 13.95
[array([0.97000003, 0.        , 0.        , 0.        , 0.        ,
       0.        , 0.        , 0.        , 0.        , 0.        ]), array([0.68800002, 0.95550001, 0.        , 0.        , 0.        ,
       0.        , 0.        , 0.        , 0.        , 0.        ]), array([0.46520001, 0.87489998, 0.95819998, 0.        , 0.        ,
       0.        , 0.        , 0.        , 0.        , 0.        ]), array([0.4492    , 0.8592    , 0.81830001, 0.95959997, 0.        ,
       0.        , 0.        , 0.        , 0.        , 0.        ]), array([0., 0., 0., 0., 0., 0., 0., 0., 0., 0.]), array([0., 0., 0., 0., 0., 0., 0., 0., 0., 0.]), array([0., 0., 0., 0., 0., 0., 0., 0., 0., 0.]), array([0., 0., 0., 0., 0., 0., 0., 0., 0., 0.]), array([0., 0., 0., 0., 0., 0., 0., 0., 0., 0.]), array([0., 0., 0., 0., 0., 0., 0., 0., 0., 0.])]
load model:model/depth_task/1/1/3/

Total time taken (in seconds): 13.42
[array([0.97000003, 0.        , 0.        , 0.        , 0.        ,
       0.        , 0.        , 0.        , 0.        , 0.        ]), array([0.68800002, 0.95550001, 0.        , 0.        , 0.        ,
       0.        , 0.        , 0.        , 0.        , 0.        ]), array([0.46520001, 0.87489998, 0.95819998, 0.        , 0.        ,
       0.        , 0.        , 0.        , 0.        , 0.        ]), array([0.4492    , 0.8592    , 0.81830001, 0.95959997, 0.        ,
       0.        , 0.        , 0.        , 0.        , 0.        ]), array([0.27939999, 0.71490002, 0.59189999, 0.87360001, 0.95590001,
       0.        , 0.        , 0.        , 0.        , 0.        ]), array([0., 0., 0., 0., 0., 0., 0., 0., 0., 0.]), array([0., 0., 0., 0., 0., 0., 0., 0., 0., 0.]), array([0., 0., 0., 0., 0., 0., 0., 0., 0., 0.]), array([0., 0., 0., 0., 0., 0., 0., 0., 0., 0.]), array([0., 0., 0., 0., 0., 0., 0., 0., 0., 0.])]
load model:model/depth_task/1/1/3/

Total time taken (in seconds): 13.90
[array([0.97000003, 0.        , 0.        , 0.        , 0.        ,
       0.        , 0.        , 0.        , 0.        , 0.        ]), array([0.68800002, 0.95550001, 0.        , 0.        , 0.        ,
       0.        , 0.        , 0.        , 0.        , 0.        ]), array([0.46520001, 0.87489998, 0.95819998, 0.        , 0.        ,
       0.        , 0.        , 0.        , 0.        , 0.        ]), array([0.4492    , 0.8592    , 0.81830001, 0.95959997, 0.        ,
       0.        , 0.        , 0.        , 0.        , 0.        ]), array([0.27939999, 0.71490002, 0.59189999, 0.87360001, 0.95590001,
       0.        , 0.        , 0.        , 0.        , 0.        ]), array([0.3256    , 0.5923    , 0.58890003, 0.72030002, 0.88450003,
       0.95709997, 0.        , 0.        , 0.        , 0.        ]), array([0., 0., 0., 0., 0., 0., 0., 0., 0., 0.]), array([0., 0., 0., 0., 0., 0., 0., 0., 0., 0.]), array([0., 0., 0., 0., 0., 0., 0., 0., 0., 0.]), array([0., 0., 0., 0., 0., 0., 0., 0., 0., 0.])]
load model:model/depth_task/1/1/3/

Total time taken (in seconds): 13.93
[array([0.97000003, 0.        , 0.        , 0.        , 0.        ,
       0.        , 0.        , 0.        , 0.        , 0.        ]), array([0.68800002, 0.95550001, 0.        , 0.        , 0.        ,
       0.        , 0.        , 0.        , 0.        , 0.        ]), array([0.46520001, 0.87489998, 0.95819998, 0.        , 0.        ,
       0.        , 0.        , 0.        , 0.        , 0.        ]), array([0.4492    , 0.8592    , 0.81830001, 0.95959997, 0.        ,
       0.        , 0.        , 0.        , 0.        , 0.        ]), array([0.27939999, 0.71490002, 0.59189999, 0.87360001, 0.95590001,
       0.        , 0.        , 0.        , 0.        , 0.        ]), array([0.3256    , 0.5923    , 0.58890003, 0.72030002, 0.88450003,
       0.95709997, 0.        , 0.        , 0.        , 0.        ]), array([0.2877    , 0.51999998, 0.51480001, 0.71969998, 0.88059998,
       0.86699998, 0.95310003, 0.        , 0.        , 0.        ]), array([0., 0., 0., 0., 0., 0., 0., 0., 0., 0.]), array([0., 0., 0., 0., 0., 0., 0., 0., 0., 0.]), array([0., 0., 0., 0., 0., 0., 0., 0., 0., 0.])]
load model:model/depth_task/1/1/3/

Total time taken (in seconds): 14.03
[array([0.97000003, 0.        , 0.        , 0.        , 0.        ,
       0.        , 0.        , 0.        , 0.        , 0.        ]), array([0.68800002, 0.95550001, 0.        , 0.        , 0.        ,
       0.        , 0.        , 0.        , 0.        , 0.        ]), array([0.46520001, 0.87489998, 0.95819998, 0.        , 0.        ,
       0.        , 0.        , 0.        , 0.        , 0.        ]), array([0.4492    , 0.8592    , 0.81830001, 0.95959997, 0.        ,
       0.        , 0.        , 0.        , 0.        , 0.        ]), array([0.27939999, 0.71490002, 0.59189999, 0.87360001, 0.95590001,
       0.        , 0.        , 0.        , 0.        , 0.        ]), array([0.3256    , 0.5923    , 0.58890003, 0.72030002, 0.88450003,
       0.95709997, 0.        , 0.        , 0.        , 0.        ]), array([0.2877    , 0.51999998, 0.51480001, 0.71969998, 0.88059998,
       0.86699998, 0.95310003, 0.        , 0.        , 0.        ]), array([0.2915    , 0.4567    , 0.40920001, 0.6024    , 0.70950001,
       0.80870003, 0.9131    , 0.958     , 0.        , 0.        ]), array([0., 0., 0., 0., 0., 0., 0., 0., 0., 0.]), array([0., 0., 0., 0., 0., 0., 0., 0., 0., 0.])]
load model:model/depth_task/1/1/3/

Total time taken (in seconds): 13.59
[array([0.97000003, 0.        , 0.        , 0.        , 0.        ,
       0.        , 0.        , 0.        , 0.        , 0.        ]), array([0.68800002, 0.95550001, 0.        , 0.        , 0.        ,
       0.        , 0.        , 0.        , 0.        , 0.        ]), array([0.46520001, 0.87489998, 0.95819998, 0.        , 0.        ,
       0.        , 0.        , 0.        , 0.        , 0.        ]), array([0.4492    , 0.8592    , 0.81830001, 0.95959997, 0.        ,
       0.        , 0.        , 0.        , 0.        , 0.        ]), array([0.27939999, 0.71490002, 0.59189999, 0.87360001, 0.95590001,
       0.        , 0.        , 0.        , 0.        , 0.        ]), array([0.3256    , 0.5923    , 0.58890003, 0.72030002, 0.88450003,
       0.95709997, 0.        , 0.        , 0.        , 0.        ]), array([0.2877    , 0.51999998, 0.51480001, 0.71969998, 0.88059998,
       0.86699998, 0.95310003, 0.        , 0.        , 0.        ]), array([0.2915    , 0.4567    , 0.40920001, 0.6024    , 0.70950001,
       0.80870003, 0.9131    , 0.958     , 0.        , 0.        ]), array([0.29879999, 0.4267    , 0.45680001, 0.5571    , 0.70340002,
       0.70969999, 0.77350003, 0.86379999, 0.95609999, 0.        ]), array([0., 0., 0., 0., 0., 0., 0., 0., 0., 0.])]
load model:model/depth_task/1/1/3/

Total time taken (in seconds): 13.76
[array([0.97000003, 0.        , 0.        , 0.        , 0.        ,
       0.        , 0.        , 0.        , 0.        , 0.        ]), array([0.68800002, 0.95550001, 0.        , 0.        , 0.        ,
       0.        , 0.        , 0.        , 0.        , 0.        ]), array([0.46520001, 0.87489998, 0.95819998, 0.        , 0.        ,
       0.        , 0.        , 0.        , 0.        , 0.        ]), array([0.4492    , 0.8592    , 0.81830001, 0.95959997, 0.        ,
       0.        , 0.        , 0.        , 0.        , 0.        ]), array([0.27939999, 0.71490002, 0.59189999, 0.87360001, 0.95590001,
       0.        , 0.        , 0.        , 0.        , 0.        ]), array([0.3256    , 0.5923    , 0.58890003, 0.72030002, 0.88450003,
       0.95709997, 0.        , 0.        , 0.        , 0.        ]), array([0.2877    , 0.51999998, 0.51480001, 0.71969998, 0.88059998,
       0.86699998, 0.95310003, 0.        , 0.        , 0.        ]), array([0.2915    , 0.4567    , 0.40920001, 0.6024    , 0.70950001,
       0.80870003, 0.9131    , 0.958     , 0.        , 0.        ]), array([0.29879999, 0.4267    , 0.45680001, 0.5571    , 0.70340002,
       0.70969999, 0.77350003, 0.86379999, 0.95609999, 0.        ]), array([0.32980001, 0.42250001, 0.42840001, 0.48559999, 0.58939999,
       0.63630003, 0.76310003, 0.82090002, 0.9188    , 0.95450002])]
create new model

Total time taken (in seconds): 14.51
[0.94260001 0.         0.         0.         0.         0.
 0.         0.         0.         0.        ]
create new model

Total time taken (in seconds): 15.19
[0.94260001 0.94880003 0.         0.         0.         0.
 0.         0.         0.         0.        ]
create new model

Total time taken (in seconds): 14.48
[0.94260001 0.94880003 0.94389999 0.         0.         0.
 0.         0.         0.         0.        ]
create new model

Total time taken (in seconds): 14.24
[0.94260001 0.94880003 0.94389999 0.94569999 0.         0.
 0.         0.         0.         0.        ]
create new model

Total time taken (in seconds): 14.10
[0.94260001 0.94880003 0.94389999 0.94569999 0.9429     0.
 0.         0.         0.         0.        ]
create new model

Total time taken (in seconds): 14.54
[0.94260001 0.94880003 0.94389999 0.94569999 0.9429     0.9465
 0.         0.         0.         0.        ]
create new model

Total time taken (in seconds): 14.14
[0.94260001 0.94880003 0.94389999 0.94569999 0.9429     0.9465
 0.94709998 0.         0.         0.        ]
create new model

Total time taken (in seconds): 14.56
[0.94260001 0.94880003 0.94389999 0.94569999 0.9429     0.9465
 0.94709998 0.94870001 0.         0.        ]
create new model

Total time taken (in seconds): 14.60
[0.94260001 0.94880003 0.94389999 0.94569999 0.9429     0.9465
 0.94709998 0.94870001 0.94349998 0.        ]
create new model

Total time taken (in seconds): 14.25
[0.94260001 0.94880003 0.94389999 0.94569999 0.9429     0.9465
 0.94709998 0.94870001 0.94349998 0.94569999]
[array([0.97000003, 0.        , 0.        , 0.        , 0.        ,
       0.        , 0.        , 0.        , 0.        , 0.        ]), array([0.68800002, 0.95550001, 0.        , 0.        , 0.        ,
       0.        , 0.        , 0.        , 0.        , 0.        ]), array([0.46520001, 0.87489998, 0.95819998, 0.        , 0.        ,
       0.        , 0.        , 0.        , 0.        , 0.        ]), array([0.4492    , 0.8592    , 0.81830001, 0.95959997, 0.        ,
       0.        , 0.        , 0.        , 0.        , 0.        ]), array([0.27939999, 0.71490002, 0.59189999, 0.87360001, 0.95590001,
       0.        , 0.        , 0.        , 0.        , 0.        ]), array([0.3256    , 0.5923    , 0.58890003, 0.72030002, 0.88450003,
       0.95709997, 0.        , 0.        , 0.        , 0.        ]), array([0.2877    , 0.51999998, 0.51480001, 0.71969998, 0.88059998,
       0.86699998, 0.95310003, 0.        , 0.        , 0.        ]), array([0.2915    , 0.4567    , 0.40920001, 0.6024    , 0.70950001,
       0.80870003, 0.9131    , 0.958     , 0.        , 0.        ]), array([0.29879999, 0.4267    , 0.45680001, 0.5571    , 0.70340002,
       0.70969999, 0.77350003, 0.86379999, 0.95609999, 0.        ]), array([0.32980001, 0.42250001, 0.42840001, 0.48559999, 0.58939999,
       0.63630003, 0.76310003, 0.82090002, 0.9188    , 0.95450002])] [0.94260001 0.94880003 0.94389999 0.94569999 0.9429     0.9465
 0.94709998 0.94870001 0.94349998 0.94569999]
acc: 0.6349300116, bwt: -0.3587444325, tbwt: -0.3460999893
cbwt 0: -0.5905333592
cbwt 1: -0.3471000083
cbwt 2: -0.4141571096
cbwt 3: -0.2998166382
cbwt 4: -0.2024200082
cbwt 5: -0.2016749680
cbwt 6: -0.1365333398
cbwt 7: -0.1156499982
cbwt 8: -0.0372999907
create new model

Total time taken (in seconds): 41.78
[array([0.97180003, 0.        , 0.        , 0.        , 0.        ,
       0.        , 0.        , 0.        , 0.        , 0.        ]), array([0., 0., 0., 0., 0., 0., 0., 0., 0., 0.]), array([0., 0., 0., 0., 0., 0., 0., 0., 0., 0.]), array([0., 0., 0., 0., 0., 0., 0., 0., 0., 0.]), array([0., 0., 0., 0., 0., 0., 0., 0., 0., 0.]), array([0., 0., 0., 0., 0., 0., 0., 0., 0., 0.]), array([0., 0., 0., 0., 0., 0., 0., 0., 0., 0.]), array([0., 0., 0., 0., 0., 0., 0., 0., 0., 0.]), array([0., 0., 0., 0., 0., 0., 0., 0., 0., 0.]), array([0., 0., 0., 0., 0., 0., 0., 0., 0., 0.])]
load model:model/depth_task/1/1/4/

Total time taken (in seconds): 16.42
[array([0.97180003, 0.        , 0.        , 0.        , 0.        ,
       0.        , 0.        , 0.        , 0.        , 0.        ]), array([0.4844    , 0.95639998, 0.        , 0.        , 0.        ,
       0.        , 0.        , 0.        , 0.        , 0.        ]), array([0., 0., 0., 0., 0., 0., 0., 0., 0., 0.]), array([0., 0., 0., 0., 0., 0., 0., 0., 0., 0.]), array([0., 0., 0., 0., 0., 0., 0., 0., 0., 0.]), array([0., 0., 0., 0., 0., 0., 0., 0., 0., 0.]), array([0., 0., 0., 0., 0., 0., 0., 0., 0., 0.]), array([0., 0., 0., 0., 0., 0., 0., 0., 0., 0.]), array([0., 0., 0., 0., 0., 0., 0., 0., 0., 0.]), array([0., 0., 0., 0., 0., 0., 0., 0., 0., 0.])]
load model:model/depth_task/1/1/4/

Total time taken (in seconds): 16.38
[array([0.97180003, 0.        , 0.        , 0.        , 0.        ,
       0.        , 0.        , 0.        , 0.        , 0.        ]), array([0.4844    , 0.95639998, 0.        , 0.        , 0.        ,
       0.        , 0.        , 0.        , 0.        , 0.        ]), array([0.1648    , 0.77520001, 0.9601    , 0.        , 0.        ,
       0.        , 0.        , 0.        , 0.        , 0.        ]), array([0., 0., 0., 0., 0., 0., 0., 0., 0., 0.]), array([0., 0., 0., 0., 0., 0., 0., 0., 0., 0.]), array([0., 0., 0., 0., 0., 0., 0., 0., 0., 0.]), array([0., 0., 0., 0., 0., 0., 0., 0., 0., 0.]), array([0., 0., 0., 0., 0., 0., 0., 0., 0., 0.]), array([0., 0., 0., 0., 0., 0., 0., 0., 0., 0.]), array([0., 0., 0., 0., 0., 0., 0., 0., 0., 0.])]
load model:model/depth_task/1/1/4/

Total time taken (in seconds): 16.39
[array([0.97180003, 0.        , 0.        , 0.        , 0.        ,
       0.        , 0.        , 0.        , 0.        , 0.        ]), array([0.4844    , 0.95639998, 0.        , 0.        , 0.        ,
       0.        , 0.        , 0.        , 0.        , 0.        ]), array([0.1648    , 0.77520001, 0.9601    , 0.        , 0.        ,
       0.        , 0.        , 0.        , 0.        , 0.        ]), array([0.17129999, 0.6638    , 0.86339998, 0.95779997, 0.        ,
       0.        , 0.        , 0.        , 0.        , 0.        ]), array([0., 0., 0., 0., 0., 0., 0., 0., 0., 0.]), array([0., 0., 0., 0., 0., 0., 0., 0., 0., 0.]), array([0., 0., 0., 0., 0., 0., 0., 0., 0., 0.]), array([0., 0., 0., 0., 0., 0., 0., 0., 0., 0.]), array([0., 0., 0., 0., 0., 0., 0., 0., 0., 0.]), array([0., 0., 0., 0., 0., 0., 0., 0., 0., 0.])]
load model:model/depth_task/1/1/4/

Total time taken (in seconds): 16.38
[array([0.97180003, 0.        , 0.        , 0.        , 0.        ,
       0.        , 0.        , 0.        , 0.        , 0.        ]), array([0.4844    , 0.95639998, 0.        , 0.        , 0.        ,
       0.        , 0.        , 0.        , 0.        , 0.        ]), array([0.1648    , 0.77520001, 0.9601    , 0.        , 0.        ,
       0.        , 0.        , 0.        , 0.        , 0.        ]), array([0.17129999, 0.6638    , 0.86339998, 0.95779997, 0.        ,
       0.        , 0.        , 0.        , 0.        , 0.        ]), array([0.1504    , 0.41690001, 0.5722    , 0.87010002, 0.95840001,
       0.        , 0.        , 0.        , 0.        , 0.        ]), array([0., 0., 0., 0., 0., 0., 0., 0., 0., 0.]), array([0., 0., 0., 0., 0., 0., 0., 0., 0., 0.]), array([0., 0., 0., 0., 0., 0., 0., 0., 0., 0.]), array([0., 0., 0., 0., 0., 0., 0., 0., 0., 0.]), array([0., 0., 0., 0., 0., 0., 0., 0., 0., 0.])]
load model:model/depth_task/1/1/4/

Total time taken (in seconds): 15.85
[array([0.97180003, 0.        , 0.        , 0.        , 0.        ,
       0.        , 0.        , 0.        , 0.        , 0.        ]), array([0.4844    , 0.95639998, 0.        , 0.        , 0.        ,
       0.        , 0.        , 0.        , 0.        , 0.        ]), array([0.1648    , 0.77520001, 0.9601    , 0.        , 0.        ,
       0.        , 0.        , 0.        , 0.        , 0.        ]), array([0.17129999, 0.6638    , 0.86339998, 0.95779997, 0.        ,
       0.        , 0.        , 0.        , 0.        , 0.        ]), array([0.1504    , 0.41690001, 0.5722    , 0.87010002, 0.95840001,
       0.        , 0.        , 0.        , 0.        , 0.        ]), array([0.2123    , 0.35910001, 0.50389999, 0.75239998, 0.90460002,
       0.95660001, 0.        , 0.        , 0.        , 0.        ]), array([0., 0., 0., 0., 0., 0., 0., 0., 0., 0.]), array([0., 0., 0., 0., 0., 0., 0., 0., 0., 0.]), array([0., 0., 0., 0., 0., 0., 0., 0., 0., 0.]), array([0., 0., 0., 0., 0., 0., 0., 0., 0., 0.])]
load model:model/depth_task/1/1/4/

Total time taken (in seconds): 16.35
[array([0.97180003, 0.        , 0.        , 0.        , 0.        ,
       0.        , 0.        , 0.        , 0.        , 0.        ]), array([0.4844    , 0.95639998, 0.        , 0.        , 0.        ,
       0.        , 0.        , 0.        , 0.        , 0.        ]), array([0.1648    , 0.77520001, 0.9601    , 0.        , 0.        ,
       0.        , 0.        , 0.        , 0.        , 0.        ]), array([0.17129999, 0.6638    , 0.86339998, 0.95779997, 0.        ,
       0.        , 0.        , 0.        , 0.        , 0.        ]), array([0.1504    , 0.41690001, 0.5722    , 0.87010002, 0.95840001,
       0.        , 0.        , 0.        , 0.        , 0.        ]), array([0.2123    , 0.35910001, 0.50389999, 0.75239998, 0.90460002,
       0.95660001, 0.        , 0.        , 0.        , 0.        ]), array([0.1822    , 0.35299999, 0.41530001, 0.6886    , 0.7852    ,
       0.87959999, 0.9605    , 0.        , 0.        , 0.        ]), array([0., 0., 0., 0., 0., 0., 0., 0., 0., 0.]), array([0., 0., 0., 0., 0., 0., 0., 0., 0., 0.]), array([0., 0., 0., 0., 0., 0., 0., 0., 0., 0.])]
load model:model/depth_task/1/1/4/

Total time taken (in seconds): 16.43
[array([0.97180003, 0.        , 0.        , 0.        , 0.        ,
       0.        , 0.        , 0.        , 0.        , 0.        ]), array([0.4844    , 0.95639998, 0.        , 0.        , 0.        ,
       0.        , 0.        , 0.        , 0.        , 0.        ]), array([0.1648    , 0.77520001, 0.9601    , 0.        , 0.        ,
       0.        , 0.        , 0.        , 0.        , 0.        ]), array([0.17129999, 0.6638    , 0.86339998, 0.95779997, 0.        ,
       0.        , 0.        , 0.        , 0.        , 0.        ]), array([0.1504    , 0.41690001, 0.5722    , 0.87010002, 0.95840001,
       0.        , 0.        , 0.        , 0.        , 0.        ]), array([0.2123    , 0.35910001, 0.50389999, 0.75239998, 0.90460002,
       0.95660001, 0.        , 0.        , 0.        , 0.        ]), array([0.1822    , 0.35299999, 0.41530001, 0.6886    , 0.7852    ,
       0.87959999, 0.9605    , 0.        , 0.        , 0.        ]), array([0.1504    , 0.1503    , 0.34450001, 0.6056    , 0.57779998,
       0.79519999, 0.75550002, 0.95889997, 0.        , 0.        ]), array([0., 0., 0., 0., 0., 0., 0., 0., 0., 0.]), array([0., 0., 0., 0., 0., 0., 0., 0., 0., 0.])]
load model:model/depth_task/1/1/4/

Total time taken (in seconds): 16.30
[array([0.97180003, 0.        , 0.        , 0.        , 0.        ,
       0.        , 0.        , 0.        , 0.        , 0.        ]), array([0.4844    , 0.95639998, 0.        , 0.        , 0.        ,
       0.        , 0.        , 0.        , 0.        , 0.        ]), array([0.1648    , 0.77520001, 0.9601    , 0.        , 0.        ,
       0.        , 0.        , 0.        , 0.        , 0.        ]), array([0.17129999, 0.6638    , 0.86339998, 0.95779997, 0.        ,
       0.        , 0.        , 0.        , 0.        , 0.        ]), array([0.1504    , 0.41690001, 0.5722    , 0.87010002, 0.95840001,
       0.        , 0.        , 0.        , 0.        , 0.        ]), array([0.2123    , 0.35910001, 0.50389999, 0.75239998, 0.90460002,
       0.95660001, 0.        , 0.        , 0.        , 0.        ]), array([0.1822    , 0.35299999, 0.41530001, 0.6886    , 0.7852    ,
       0.87959999, 0.9605    , 0.        , 0.        , 0.        ]), array([0.1504    , 0.1503    , 0.34450001, 0.6056    , 0.57779998,
       0.79519999, 0.75550002, 0.95889997, 0.        , 0.        ]), array([0.13500001, 0.1168    , 0.30469999, 0.5323    , 0.4623    ,
       0.65600002, 0.5212    , 0.82880002, 0.95889997, 0.        ]), array([0., 0., 0., 0., 0., 0., 0., 0., 0., 0.])]
load model:model/depth_task/1/1/4/

Total time taken (in seconds): 16.28
[array([0.97180003, 0.        , 0.        , 0.        , 0.        ,
       0.        , 0.        , 0.        , 0.        , 0.        ]), array([0.4844    , 0.95639998, 0.        , 0.        , 0.        ,
       0.        , 0.        , 0.        , 0.        , 0.        ]), array([0.1648    , 0.77520001, 0.9601    , 0.        , 0.        ,
       0.        , 0.        , 0.        , 0.        , 0.        ]), array([0.17129999, 0.6638    , 0.86339998, 0.95779997, 0.        ,
       0.        , 0.        , 0.        , 0.        , 0.        ]), array([0.1504    , 0.41690001, 0.5722    , 0.87010002, 0.95840001,
       0.        , 0.        , 0.        , 0.        , 0.        ]), array([0.2123    , 0.35910001, 0.50389999, 0.75239998, 0.90460002,
       0.95660001, 0.        , 0.        , 0.        , 0.        ]), array([0.1822    , 0.35299999, 0.41530001, 0.6886    , 0.7852    ,
       0.87959999, 0.9605    , 0.        , 0.        , 0.        ]), array([0.1504    , 0.1503    , 0.34450001, 0.6056    , 0.57779998,
       0.79519999, 0.75550002, 0.95889997, 0.        , 0.        ]), array([0.13500001, 0.1168    , 0.30469999, 0.5323    , 0.4623    ,
       0.65600002, 0.5212    , 0.82880002, 0.95889997, 0.        ]), array([0.21799999, 0.14399999, 0.23800001, 0.36320001, 0.38530001,
       0.49579999, 0.52640003, 0.69129997, 0.91060001, 0.9601    ])]
create new model

Total time taken (in seconds): 16.70
[0.95349997 0.         0.         0.         0.         0.
 0.         0.         0.         0.        ]
create new model

Total time taken (in seconds): 16.83
[0.95349997 0.95349997 0.         0.         0.         0.
 0.         0.         0.         0.        ]
create new model

Total time taken (in seconds): 16.87
[0.95349997 0.95349997 0.94620001 0.         0.         0.
 0.         0.         0.         0.        ]
create new model

Total time taken (in seconds): 16.47
[0.95349997 0.95349997 0.94620001 0.94929999 0.         0.
 0.         0.         0.         0.        ]
create new model

Total time taken (in seconds): 17.00
[0.95349997 0.95349997 0.94620001 0.94929999 0.95499998 0.
 0.         0.         0.         0.        ]
create new model

Total time taken (in seconds): 16.59
[0.95349997 0.95349997 0.94620001 0.94929999 0.95499998 0.94809997
 0.         0.         0.         0.        ]
create new model

Total time taken (in seconds): 16.47
[0.95349997 0.95349997 0.94620001 0.94929999 0.95499998 0.94809997
 0.9526     0.         0.         0.        ]
create new model

Total time taken (in seconds): 16.74
[0.95349997 0.95349997 0.94620001 0.94929999 0.95499998 0.94809997
 0.9526     0.95190001 0.         0.        ]
create new model

Total time taken (in seconds): 16.47
[0.95349997 0.95349997 0.94620001 0.94929999 0.95499998 0.94809997
 0.9526     0.95190001 0.95300001 0.        ]
create new model

Total time taken (in seconds): 16.53
[0.95349997 0.95349997 0.94620001 0.94929999 0.95499998 0.94809997
 0.9526     0.95190001 0.95300001 0.95050001]
[array([0.97180003, 0.        , 0.        , 0.        , 0.        ,
       0.        , 0.        , 0.        , 0.        , 0.        ]), array([0.4844    , 0.95639998, 0.        , 0.        , 0.        ,
       0.        , 0.        , 0.        , 0.        , 0.        ]), array([0.1648    , 0.77520001, 0.9601    , 0.        , 0.        ,
       0.        , 0.        , 0.        , 0.        , 0.        ]), array([0.17129999, 0.6638    , 0.86339998, 0.95779997, 0.        ,
       0.        , 0.        , 0.        , 0.        , 0.        ]), array([0.1504    , 0.41690001, 0.5722    , 0.87010002, 0.95840001,
       0.        , 0.        , 0.        , 0.        , 0.        ]), array([0.2123    , 0.35910001, 0.50389999, 0.75239998, 0.90460002,
       0.95660001, 0.        , 0.        , 0.        , 0.        ]), array([0.1822    , 0.35299999, 0.41530001, 0.6886    , 0.7852    ,
       0.87959999, 0.9605    , 0.        , 0.        , 0.        ]), array([0.1504    , 0.1503    , 0.34450001, 0.6056    , 0.57779998,
       0.79519999, 0.75550002, 0.95889997, 0.        , 0.        ]), array([0.13500001, 0.1168    , 0.30469999, 0.5323    , 0.4623    ,
       0.65600002, 0.5212    , 0.82880002, 0.95889997, 0.        ]), array([0.21799999, 0.14399999, 0.23800001, 0.36320001, 0.38530001,
       0.49579999, 0.52640003, 0.69129997, 0.91060001, 0.9601    ])] [0.95349997 0.95349997 0.94620001 0.94929999 0.95499998 0.94809997
 0.9526     0.95190001 0.95300001 0.95050001]
acc: 0.4932700008, bwt: -0.5185333259, tbwt: -0.5100555453
cbwt 0: -0.7641555849
cbwt 1: -0.5840124758
cbwt 2: -0.4969571403
cbwt 3: -0.3224333028
cbwt 4: -0.3353600085
cbwt 5: -0.2499500141
cbwt 6: -0.3594666521
cbwt 7: -0.1988499761
cbwt 8: -0.0482999682
