WARNING:tensorflow:From /home/lfz5092/venv/lib/python3.5/site-packages/tensorflow_core/python/data/util/random_seed.py:58: where (from tensorflow.python.ops.array_ops) is deprecated and will be removed in a future version.
Instructions for updating:
Use tf.where in 2.0, which has the same broadcast rule as np.where
WARNING:tensorflow:From /home/lfz5092/venv/lib/python3.5/site-packages/tensorflow_core/python/ops/resource_variable_ops.py:1781: calling BaseResourceVariable.__init__ (from tensorflow.python.ops.resource_variable_ops) with constraint is deprecated and will be removed in a future version.
Instructions for updating:
If using Keras pass *_constraint arguments to layers.
create new model

Total time taken (in seconds): 41.15
[array([0.9691, 0.    , 0.    , 0.    , 0.    , 0.    , 0.    , 0.    ,
       0.    , 0.    ]), array([0., 0., 0., 0., 0., 0., 0., 0., 0., 0.]), array([0., 0., 0., 0., 0., 0., 0., 0., 0., 0.]), array([0., 0., 0., 0., 0., 0., 0., 0., 0., 0.]), array([0., 0., 0., 0., 0., 0., 0., 0., 0., 0.]), array([0., 0., 0., 0., 0., 0., 0., 0., 0., 0.]), array([0., 0., 0., 0., 0., 0., 0., 0., 0., 0.]), array([0., 0., 0., 0., 0., 0., 0., 0., 0., 0.]), array([0., 0., 0., 0., 0., 0., 0., 0., 0., 0.]), array([0., 0., 0., 0., 0., 0., 0., 0., 0., 0.])]
load model:model/depth_task/1/1/3/0.4/

Total time taken (in seconds): 16.32
[array([0.9691, 0.    , 0.    , 0.    , 0.    , 0.    , 0.    , 0.    ,
       0.    , 0.    ]), array([0.93879998, 0.95060003, 0.        , 0.        , 0.        ,
       0.        , 0.        , 0.        , 0.        , 0.        ]), array([0., 0., 0., 0., 0., 0., 0., 0., 0., 0.]), array([0., 0., 0., 0., 0., 0., 0., 0., 0., 0.]), array([0., 0., 0., 0., 0., 0., 0., 0., 0., 0.]), array([0., 0., 0., 0., 0., 0., 0., 0., 0., 0.]), array([0., 0., 0., 0., 0., 0., 0., 0., 0., 0.]), array([0., 0., 0., 0., 0., 0., 0., 0., 0., 0.]), array([0., 0., 0., 0., 0., 0., 0., 0., 0., 0.]), array([0., 0., 0., 0., 0., 0., 0., 0., 0., 0.])]
load model:model/depth_task/1/1/3/0.4/

Total time taken (in seconds): 16.39
[array([0.9691, 0.    , 0.    , 0.    , 0.    , 0.    , 0.    , 0.    ,
       0.    , 0.    ]), array([0.93879998, 0.95060003, 0.        , 0.        , 0.        ,
       0.        , 0.        , 0.        , 0.        , 0.        ]), array([0.8696    , 0.93589997, 0.95380002, 0.        , 0.        ,
       0.        , 0.        , 0.        , 0.        , 0.        ]), array([0., 0., 0., 0., 0., 0., 0., 0., 0., 0.]), array([0., 0., 0., 0., 0., 0., 0., 0., 0., 0.]), array([0., 0., 0., 0., 0., 0., 0., 0., 0., 0.]), array([0., 0., 0., 0., 0., 0., 0., 0., 0., 0.]), array([0., 0., 0., 0., 0., 0., 0., 0., 0., 0.]), array([0., 0., 0., 0., 0., 0., 0., 0., 0., 0.]), array([0., 0., 0., 0., 0., 0., 0., 0., 0., 0.])]
load model:model/depth_task/1/1/3/0.4/

Total time taken (in seconds): 16.47
[array([0.9691, 0.    , 0.    , 0.    , 0.    , 0.    , 0.    , 0.    ,
       0.    , 0.    ]), array([0.93879998, 0.95060003, 0.        , 0.        , 0.        ,
       0.        , 0.        , 0.        , 0.        , 0.        ]), array([0.8696    , 0.93589997, 0.95380002, 0.        , 0.        ,
       0.        , 0.        , 0.        , 0.        , 0.        ]), array([0.83990002, 0.92140001, 0.91930002, 0.95179999, 0.        ,
       0.        , 0.        , 0.        , 0.        , 0.        ]), array([0., 0., 0., 0., 0., 0., 0., 0., 0., 0.]), array([0., 0., 0., 0., 0., 0., 0., 0., 0., 0.]), array([0., 0., 0., 0., 0., 0., 0., 0., 0., 0.]), array([0., 0., 0., 0., 0., 0., 0., 0., 0., 0.]), array([0., 0., 0., 0., 0., 0., 0., 0., 0., 0.]), array([0., 0., 0., 0., 0., 0., 0., 0., 0., 0.])]
load model:model/depth_task/1/1/3/0.4/

Total time taken (in seconds): 16.35
[array([0.9691, 0.    , 0.    , 0.    , 0.    , 0.    , 0.    , 0.    ,
       0.    , 0.    ]), array([0.93879998, 0.95060003, 0.        , 0.        , 0.        ,
       0.        , 0.        , 0.        , 0.        , 0.        ]), array([0.8696    , 0.93589997, 0.95380002, 0.        , 0.        ,
       0.        , 0.        , 0.        , 0.        , 0.        ]), array([0.83990002, 0.92140001, 0.91930002, 0.95179999, 0.        ,
       0.        , 0.        , 0.        , 0.        , 0.        ]), array([0.80839998, 0.8944    , 0.91109997, 0.93919998, 0.95109999,
       0.        , 0.        , 0.        , 0.        , 0.        ]), array([0., 0., 0., 0., 0., 0., 0., 0., 0., 0.]), array([0., 0., 0., 0., 0., 0., 0., 0., 0., 0.]), array([0., 0., 0., 0., 0., 0., 0., 0., 0., 0.]), array([0., 0., 0., 0., 0., 0., 0., 0., 0., 0.]), array([0., 0., 0., 0., 0., 0., 0., 0., 0., 0.])]
load model:model/depth_task/1/1/3/0.4/

Total time taken (in seconds): 16.38
[array([0.9691, 0.    , 0.    , 0.    , 0.    , 0.    , 0.    , 0.    ,
       0.    , 0.    ]), array([0.93879998, 0.95060003, 0.        , 0.        , 0.        ,
       0.        , 0.        , 0.        , 0.        , 0.        ]), array([0.8696    , 0.93589997, 0.95380002, 0.        , 0.        ,
       0.        , 0.        , 0.        , 0.        , 0.        ]), array([0.83990002, 0.92140001, 0.91930002, 0.95179999, 0.        ,
       0.        , 0.        , 0.        , 0.        , 0.        ]), array([0.80839998, 0.8944    , 0.91109997, 0.93919998, 0.95109999,
       0.        , 0.        , 0.        , 0.        , 0.        ]), array([0.74959999, 0.847     , 0.83810002, 0.90560001, 0.93610001,
       0.94940001, 0.        , 0.        , 0.        , 0.        ]), array([0., 0., 0., 0., 0., 0., 0., 0., 0., 0.]), array([0., 0., 0., 0., 0., 0., 0., 0., 0., 0.]), array([0., 0., 0., 0., 0., 0., 0., 0., 0., 0.]), array([0., 0., 0., 0., 0., 0., 0., 0., 0., 0.])]
load model:model/depth_task/1/1/3/0.4/

Total time taken (in seconds): 16.52
[array([0.9691, 0.    , 0.    , 0.    , 0.    , 0.    , 0.    , 0.    ,
       0.    , 0.    ]), array([0.93879998, 0.95060003, 0.        , 0.        , 0.        ,
       0.        , 0.        , 0.        , 0.        , 0.        ]), array([0.8696    , 0.93589997, 0.95380002, 0.        , 0.        ,
       0.        , 0.        , 0.        , 0.        , 0.        ]), array([0.83990002, 0.92140001, 0.91930002, 0.95179999, 0.        ,
       0.        , 0.        , 0.        , 0.        , 0.        ]), array([0.80839998, 0.8944    , 0.91109997, 0.93919998, 0.95109999,
       0.        , 0.        , 0.        , 0.        , 0.        ]), array([0.74959999, 0.847     , 0.83810002, 0.90560001, 0.93610001,
       0.94940001, 0.        , 0.        , 0.        , 0.        ]), array([0.66640002, 0.80150002, 0.79949999, 0.8513    , 0.89709997,
       0.93690002, 0.94639999, 0.        , 0.        , 0.        ]), array([0., 0., 0., 0., 0., 0., 0., 0., 0., 0.]), array([0., 0., 0., 0., 0., 0., 0., 0., 0., 0.]), array([0., 0., 0., 0., 0., 0., 0., 0., 0., 0.])]
load model:model/depth_task/1/1/3/0.4/

Total time taken (in seconds): 16.27
[array([0.9691, 0.    , 0.    , 0.    , 0.    , 0.    , 0.    , 0.    ,
       0.    , 0.    ]), array([0.93879998, 0.95060003, 0.        , 0.        , 0.        ,
       0.        , 0.        , 0.        , 0.        , 0.        ]), array([0.8696    , 0.93589997, 0.95380002, 0.        , 0.        ,
       0.        , 0.        , 0.        , 0.        , 0.        ]), array([0.83990002, 0.92140001, 0.91930002, 0.95179999, 0.        ,
       0.        , 0.        , 0.        , 0.        , 0.        ]), array([0.80839998, 0.8944    , 0.91109997, 0.93919998, 0.95109999,
       0.        , 0.        , 0.        , 0.        , 0.        ]), array([0.74959999, 0.847     , 0.83810002, 0.90560001, 0.93610001,
       0.94940001, 0.        , 0.        , 0.        , 0.        ]), array([0.66640002, 0.80150002, 0.79949999, 0.8513    , 0.89709997,
       0.93690002, 0.94639999, 0.        , 0.        , 0.        ]), array([0.59820002, 0.77490002, 0.74830002, 0.829     , 0.83139998,
       0.91210002, 0.92860001, 0.94889998, 0.        , 0.        ]), array([0., 0., 0., 0., 0., 0., 0., 0., 0., 0.]), array([0., 0., 0., 0., 0., 0., 0., 0., 0., 0.])]
load model:model/depth_task/1/1/3/0.4/

Total time taken (in seconds): 16.30
[array([0.9691, 0.    , 0.    , 0.    , 0.    , 0.    , 0.    , 0.    ,
       0.    , 0.    ]), array([0.93879998, 0.95060003, 0.        , 0.        , 0.        ,
       0.        , 0.        , 0.        , 0.        , 0.        ]), array([0.8696    , 0.93589997, 0.95380002, 0.        , 0.        ,
       0.        , 0.        , 0.        , 0.        , 0.        ]), array([0.83990002, 0.92140001, 0.91930002, 0.95179999, 0.        ,
       0.        , 0.        , 0.        , 0.        , 0.        ]), array([0.80839998, 0.8944    , 0.91109997, 0.93919998, 0.95109999,
       0.        , 0.        , 0.        , 0.        , 0.        ]), array([0.74959999, 0.847     , 0.83810002, 0.90560001, 0.93610001,
       0.94940001, 0.        , 0.        , 0.        , 0.        ]), array([0.66640002, 0.80150002, 0.79949999, 0.8513    , 0.89709997,
       0.93690002, 0.94639999, 0.        , 0.        , 0.        ]), array([0.59820002, 0.77490002, 0.74830002, 0.829     , 0.83139998,
       0.91210002, 0.92860001, 0.94889998, 0.        , 0.        ]), array([0.48320001, 0.75410002, 0.69590002, 0.78280002, 0.78509998,
       0.88029999, 0.89639997, 0.93019998, 0.94760001, 0.        ]), array([0., 0., 0., 0., 0., 0., 0., 0., 0., 0.])]
load model:model/depth_task/1/1/3/0.4/

Total time taken (in seconds): 16.41
[array([0.9691, 0.    , 0.    , 0.    , 0.    , 0.    , 0.    , 0.    ,
       0.    , 0.    ]), array([0.93879998, 0.95060003, 0.        , 0.        , 0.        ,
       0.        , 0.        , 0.        , 0.        , 0.        ]), array([0.8696    , 0.93589997, 0.95380002, 0.        , 0.        ,
       0.        , 0.        , 0.        , 0.        , 0.        ]), array([0.83990002, 0.92140001, 0.91930002, 0.95179999, 0.        ,
       0.        , 0.        , 0.        , 0.        , 0.        ]), array([0.80839998, 0.8944    , 0.91109997, 0.93919998, 0.95109999,
       0.        , 0.        , 0.        , 0.        , 0.        ]), array([0.74959999, 0.847     , 0.83810002, 0.90560001, 0.93610001,
       0.94940001, 0.        , 0.        , 0.        , 0.        ]), array([0.66640002, 0.80150002, 0.79949999, 0.8513    , 0.89709997,
       0.93690002, 0.94639999, 0.        , 0.        , 0.        ]), array([0.59820002, 0.77490002, 0.74830002, 0.829     , 0.83139998,
       0.91210002, 0.92860001, 0.94889998, 0.        , 0.        ]), array([0.48320001, 0.75410002, 0.69590002, 0.78280002, 0.78509998,
       0.88029999, 0.89639997, 0.93019998, 0.94760001, 0.        ]), array([0.4779    , 0.69199997, 0.49630001, 0.72890002, 0.71469998,
       0.80650002, 0.6972    , 0.90280002, 0.92360002, 0.94739997])]
create new model

Total time taken (in seconds): 16.88
[0.93809998 0.         0.         0.         0.         0.
 0.         0.         0.         0.        ]
create new model

Total time taken (in seconds): 16.91
[0.93809998 0.94480002 0.         0.         0.         0.
 0.         0.         0.         0.        ]
create new model

Total time taken (in seconds): 16.85
[0.93809998 0.94480002 0.93699998 0.         0.         0.
 0.         0.         0.         0.        ]
create new model

Total time taken (in seconds): 16.82
[0.93809998 0.94480002 0.93699998 0.94410002 0.         0.
 0.         0.         0.         0.        ]
create new model

Total time taken (in seconds): 16.35
[0.93809998 0.94480002 0.93699998 0.94410002 0.94199997 0.
 0.         0.         0.         0.        ]
create new model

Total time taken (in seconds): 16.30
[0.93809998 0.94480002 0.93699998 0.94410002 0.94199997 0.93540001
 0.         0.         0.         0.        ]
create new model

Total time taken (in seconds): 16.63
[0.93809998 0.94480002 0.93699998 0.94410002 0.94199997 0.93540001
 0.94069999 0.         0.         0.        ]
create new model

Total time taken (in seconds): 16.45
[0.93809998 0.94480002 0.93699998 0.94410002 0.94199997 0.93540001
 0.94069999 0.9436     0.         0.        ]
create new model

Total time taken (in seconds): 16.89
[0.93809998 0.94480002 0.93699998 0.94410002 0.94199997 0.93540001
 0.94069999 0.9436     0.9382     0.        ]
create new model

Total time taken (in seconds): 16.96
[0.93809998 0.94480002 0.93699998 0.94410002 0.94199997 0.93540001
 0.94069999 0.9436     0.9382     0.94279999]
[array([0.9691, 0.    , 0.    , 0.    , 0.    , 0.    , 0.    , 0.    ,
       0.    , 0.    ]), array([0.93879998, 0.95060003, 0.        , 0.        , 0.        ,
       0.        , 0.        , 0.        , 0.        , 0.        ]), array([0.8696    , 0.93589997, 0.95380002, 0.        , 0.        ,
       0.        , 0.        , 0.        , 0.        , 0.        ]), array([0.83990002, 0.92140001, 0.91930002, 0.95179999, 0.        ,
       0.        , 0.        , 0.        , 0.        , 0.        ]), array([0.80839998, 0.8944    , 0.91109997, 0.93919998, 0.95109999,
       0.        , 0.        , 0.        , 0.        , 0.        ]), array([0.74959999, 0.847     , 0.83810002, 0.90560001, 0.93610001,
       0.94940001, 0.        , 0.        , 0.        , 0.        ]), array([0.66640002, 0.80150002, 0.79949999, 0.8513    , 0.89709997,
       0.93690002, 0.94639999, 0.        , 0.        , 0.        ]), array([0.59820002, 0.77490002, 0.74830002, 0.829     , 0.83139998,
       0.91210002, 0.92860001, 0.94889998, 0.        , 0.        ]), array([0.48320001, 0.75410002, 0.69590002, 0.78280002, 0.78509998,
       0.88029999, 0.89639997, 0.93019998, 0.94760001, 0.        ]), array([0.4779    , 0.69199997, 0.49630001, 0.72890002, 0.71469998,
       0.80650002, 0.6972    , 0.90280002, 0.92360002, 0.94739997])] [0.93809998 0.94480002 0.93699998 0.94410002 0.94199997 0.93540001
 0.94069999 0.9436     0.9382     0.94279999]
acc: 0.7387300014, bwt: -0.2365333305, tbwt: -0.2248888810
cbwt 0: -0.2544333306
cbwt 1: -0.1229500249
cbwt 2: -0.1811571590
cbwt 3: -0.1123333176
cbwt 4: -0.1182200074
cbwt 5: -0.0654499978
cbwt 6: -0.1056666573
cbwt 7: -0.0323999822
cbwt 8: -0.0239999890
create new model

Total time taken (in seconds): 41.26
[array([0.97210002, 0.        , 0.        , 0.        , 0.        ,
       0.        , 0.        , 0.        , 0.        , 0.        ]), array([0., 0., 0., 0., 0., 0., 0., 0., 0., 0.]), array([0., 0., 0., 0., 0., 0., 0., 0., 0., 0.]), array([0., 0., 0., 0., 0., 0., 0., 0., 0., 0.]), array([0., 0., 0., 0., 0., 0., 0., 0., 0., 0.]), array([0., 0., 0., 0., 0., 0., 0., 0., 0., 0.]), array([0., 0., 0., 0., 0., 0., 0., 0., 0., 0.]), array([0., 0., 0., 0., 0., 0., 0., 0., 0., 0.]), array([0., 0., 0., 0., 0., 0., 0., 0., 0., 0.]), array([0., 0., 0., 0., 0., 0., 0., 0., 0., 0.])]
load model:model/depth_task/1/1/3/0.2/

Total time taken (in seconds): 15.96
[array([0.97210002, 0.        , 0.        , 0.        , 0.        ,
       0.        , 0.        , 0.        , 0.        , 0.        ]), array([0.90780002, 0.958     , 0.        , 0.        , 0.        ,
       0.        , 0.        , 0.        , 0.        , 0.        ]), array([0., 0., 0., 0., 0., 0., 0., 0., 0., 0.]), array([0., 0., 0., 0., 0., 0., 0., 0., 0., 0.]), array([0., 0., 0., 0., 0., 0., 0., 0., 0., 0.]), array([0., 0., 0., 0., 0., 0., 0., 0., 0., 0.]), array([0., 0., 0., 0., 0., 0., 0., 0., 0., 0.]), array([0., 0., 0., 0., 0., 0., 0., 0., 0., 0.]), array([0., 0., 0., 0., 0., 0., 0., 0., 0., 0.]), array([0., 0., 0., 0., 0., 0., 0., 0., 0., 0.])]
load model:model/depth_task/1/1/3/0.2/

Total time taken (in seconds): 16.18
[array([0.97210002, 0.        , 0.        , 0.        , 0.        ,
       0.        , 0.        , 0.        , 0.        , 0.        ]), array([0.90780002, 0.958     , 0.        , 0.        , 0.        ,
       0.        , 0.        , 0.        , 0.        , 0.        ]), array([0.83450001, 0.92940003, 0.95859998, 0.        , 0.        ,
       0.        , 0.        , 0.        , 0.        , 0.        ]), array([0., 0., 0., 0., 0., 0., 0., 0., 0., 0.]), array([0., 0., 0., 0., 0., 0., 0., 0., 0., 0.]), array([0., 0., 0., 0., 0., 0., 0., 0., 0., 0.]), array([0., 0., 0., 0., 0., 0., 0., 0., 0., 0.]), array([0., 0., 0., 0., 0., 0., 0., 0., 0., 0.]), array([0., 0., 0., 0., 0., 0., 0., 0., 0., 0.]), array([0., 0., 0., 0., 0., 0., 0., 0., 0., 0.])]
load model:model/depth_task/1/1/3/0.2/

Total time taken (in seconds): 16.42
[array([0.97210002, 0.        , 0.        , 0.        , 0.        ,
       0.        , 0.        , 0.        , 0.        , 0.        ]), array([0.90780002, 0.958     , 0.        , 0.        , 0.        ,
       0.        , 0.        , 0.        , 0.        , 0.        ]), array([0.83450001, 0.92940003, 0.95859998, 0.        , 0.        ,
       0.        , 0.        , 0.        , 0.        , 0.        ]), array([0.82090002, 0.92580003, 0.9393    , 0.95950001, 0.        ,
       0.        , 0.        , 0.        , 0.        , 0.        ]), array([0., 0., 0., 0., 0., 0., 0., 0., 0., 0.]), array([0., 0., 0., 0., 0., 0., 0., 0., 0., 0.]), array([0., 0., 0., 0., 0., 0., 0., 0., 0., 0.]), array([0., 0., 0., 0., 0., 0., 0., 0., 0., 0.]), array([0., 0., 0., 0., 0., 0., 0., 0., 0., 0.]), array([0., 0., 0., 0., 0., 0., 0., 0., 0., 0.])]
load model:model/depth_task/1/1/3/0.2/

Total time taken (in seconds): 15.85
[array([0.97210002, 0.        , 0.        , 0.        , 0.        ,
       0.        , 0.        , 0.        , 0.        , 0.        ]), array([0.90780002, 0.958     , 0.        , 0.        , 0.        ,
       0.        , 0.        , 0.        , 0.        , 0.        ]), array([0.83450001, 0.92940003, 0.95859998, 0.        , 0.        ,
       0.        , 0.        , 0.        , 0.        , 0.        ]), array([0.82090002, 0.92580003, 0.9393    , 0.95950001, 0.        ,
       0.        , 0.        , 0.        , 0.        , 0.        ]), array([0.76630002, 0.87199998, 0.93129998, 0.94440001, 0.9587    ,
       0.        , 0.        , 0.        , 0.        , 0.        ]), array([0., 0., 0., 0., 0., 0., 0., 0., 0., 0.]), array([0., 0., 0., 0., 0., 0., 0., 0., 0., 0.]), array([0., 0., 0., 0., 0., 0., 0., 0., 0., 0.]), array([0., 0., 0., 0., 0., 0., 0., 0., 0., 0.]), array([0., 0., 0., 0., 0., 0., 0., 0., 0., 0.])]
load model:model/depth_task/1/1/3/0.2/

Total time taken (in seconds): 16.42
[array([0.97210002, 0.        , 0.        , 0.        , 0.        ,
       0.        , 0.        , 0.        , 0.        , 0.        ]), array([0.90780002, 0.958     , 0.        , 0.        , 0.        ,
       0.        , 0.        , 0.        , 0.        , 0.        ]), array([0.83450001, 0.92940003, 0.95859998, 0.        , 0.        ,
       0.        , 0.        , 0.        , 0.        , 0.        ]), array([0.82090002, 0.92580003, 0.9393    , 0.95950001, 0.        ,
       0.        , 0.        , 0.        , 0.        , 0.        ]), array([0.76630002, 0.87199998, 0.93129998, 0.94440001, 0.9587    ,
       0.        , 0.        , 0.        , 0.        , 0.        ]), array([0.68010002, 0.8531    , 0.85280001, 0.89960003, 0.91469997,
       0.95859998, 0.        , 0.        , 0.        , 0.        ]), array([0., 0., 0., 0., 0., 0., 0., 0., 0., 0.]), array([0., 0., 0., 0., 0., 0., 0., 0., 0., 0.]), array([0., 0., 0., 0., 0., 0., 0., 0., 0., 0.]), array([0., 0., 0., 0., 0., 0., 0., 0., 0., 0.])]
load model:model/depth_task/1/1/3/0.2/

Total time taken (in seconds): 16.40
[array([0.97210002, 0.        , 0.        , 0.        , 0.        ,
       0.        , 0.        , 0.        , 0.        , 0.        ]), array([0.90780002, 0.958     , 0.        , 0.        , 0.        ,
       0.        , 0.        , 0.        , 0.        , 0.        ]), array([0.83450001, 0.92940003, 0.95859998, 0.        , 0.        ,
       0.        , 0.        , 0.        , 0.        , 0.        ]), array([0.82090002, 0.92580003, 0.9393    , 0.95950001, 0.        ,
       0.        , 0.        , 0.        , 0.        , 0.        ]), array([0.76630002, 0.87199998, 0.93129998, 0.94440001, 0.9587    ,
       0.        , 0.        , 0.        , 0.        , 0.        ]), array([0.68010002, 0.8531    , 0.85280001, 0.89960003, 0.91469997,
       0.95859998, 0.        , 0.        , 0.        , 0.        ]), array([0.57120001, 0.82069999, 0.83029997, 0.85790002, 0.91049999,
       0.94090003, 0.9544    , 0.        , 0.        , 0.        ]), array([0., 0., 0., 0., 0., 0., 0., 0., 0., 0.]), array([0., 0., 0., 0., 0., 0., 0., 0., 0., 0.]), array([0., 0., 0., 0., 0., 0., 0., 0., 0., 0.])]
load model:model/depth_task/1/1/3/0.2/

Total time taken (in seconds): 16.40
[array([0.97210002, 0.        , 0.        , 0.        , 0.        ,
       0.        , 0.        , 0.        , 0.        , 0.        ]), array([0.90780002, 0.958     , 0.        , 0.        , 0.        ,
       0.        , 0.        , 0.        , 0.        , 0.        ]), array([0.83450001, 0.92940003, 0.95859998, 0.        , 0.        ,
       0.        , 0.        , 0.        , 0.        , 0.        ]), array([0.82090002, 0.92580003, 0.9393    , 0.95950001, 0.        ,
       0.        , 0.        , 0.        , 0.        , 0.        ]), array([0.76630002, 0.87199998, 0.93129998, 0.94440001, 0.9587    ,
       0.        , 0.        , 0.        , 0.        , 0.        ]), array([0.68010002, 0.8531    , 0.85280001, 0.89960003, 0.91469997,
       0.95859998, 0.        , 0.        , 0.        , 0.        ]), array([0.57120001, 0.82069999, 0.83029997, 0.85790002, 0.91049999,
       0.94090003, 0.9544    , 0.        , 0.        , 0.        ]), array([0.52890003, 0.75749999, 0.8215    , 0.852     , 0.8854    ,
       0.91390002, 0.94099998, 0.958     , 0.        , 0.        ]), array([0., 0., 0., 0., 0., 0., 0., 0., 0., 0.]), array([0., 0., 0., 0., 0., 0., 0., 0., 0., 0.])]
load model:model/depth_task/1/1/3/0.2/

Total time taken (in seconds): 16.36
[array([0.97210002, 0.        , 0.        , 0.        , 0.        ,
       0.        , 0.        , 0.        , 0.        , 0.        ]), array([0.90780002, 0.958     , 0.        , 0.        , 0.        ,
       0.        , 0.        , 0.        , 0.        , 0.        ]), array([0.83450001, 0.92940003, 0.95859998, 0.        , 0.        ,
       0.        , 0.        , 0.        , 0.        , 0.        ]), array([0.82090002, 0.92580003, 0.9393    , 0.95950001, 0.        ,
       0.        , 0.        , 0.        , 0.        , 0.        ]), array([0.76630002, 0.87199998, 0.93129998, 0.94440001, 0.9587    ,
       0.        , 0.        , 0.        , 0.        , 0.        ]), array([0.68010002, 0.8531    , 0.85280001, 0.89960003, 0.91469997,
       0.95859998, 0.        , 0.        , 0.        , 0.        ]), array([0.57120001, 0.82069999, 0.83029997, 0.85790002, 0.91049999,
       0.94090003, 0.9544    , 0.        , 0.        , 0.        ]), array([0.52890003, 0.75749999, 0.8215    , 0.852     , 0.8854    ,
       0.91390002, 0.94099998, 0.958     , 0.        , 0.        ]), array([0.4813    , 0.71460003, 0.69580001, 0.81559998, 0.83710003,
       0.84649998, 0.91649997, 0.92650002, 0.95679998, 0.        ]), array([0., 0., 0., 0., 0., 0., 0., 0., 0., 0.])]
load model:model/depth_task/1/1/3/0.2/

Total time taken (in seconds): 16.46
[array([0.97210002, 0.        , 0.        , 0.        , 0.        ,
       0.        , 0.        , 0.        , 0.        , 0.        ]), array([0.90780002, 0.958     , 0.        , 0.        , 0.        ,
       0.        , 0.        , 0.        , 0.        , 0.        ]), array([0.83450001, 0.92940003, 0.95859998, 0.        , 0.        ,
       0.        , 0.        , 0.        , 0.        , 0.        ]), array([0.82090002, 0.92580003, 0.9393    , 0.95950001, 0.        ,
       0.        , 0.        , 0.        , 0.        , 0.        ]), array([0.76630002, 0.87199998, 0.93129998, 0.94440001, 0.9587    ,
       0.        , 0.        , 0.        , 0.        , 0.        ]), array([0.68010002, 0.8531    , 0.85280001, 0.89960003, 0.91469997,
       0.95859998, 0.        , 0.        , 0.        , 0.        ]), array([0.57120001, 0.82069999, 0.83029997, 0.85790002, 0.91049999,
       0.94090003, 0.9544    , 0.        , 0.        , 0.        ]), array([0.52890003, 0.75749999, 0.8215    , 0.852     , 0.8854    ,
       0.91390002, 0.94099998, 0.958     , 0.        , 0.        ]), array([0.4813    , 0.71460003, 0.69580001, 0.81559998, 0.83710003,
       0.84649998, 0.91649997, 0.92650002, 0.95679998, 0.        ]), array([0.40099999, 0.64380002, 0.56620002, 0.77240002, 0.77170002,
       0.7665    , 0.77149999, 0.89920002, 0.93599999, 0.95539999])]
create new model

Total time taken (in seconds): 16.89
[0.94379997 0.         0.         0.         0.         0.
 0.         0.         0.         0.        ]
create new model

Total time taken (in seconds): 16.87
[0.94379997 0.94989997 0.         0.         0.         0.
 0.         0.         0.         0.        ]
create new model

Total time taken (in seconds): 16.78
[0.94379997 0.94989997 0.94730002 0.         0.         0.
 0.         0.         0.         0.        ]
create new model

Total time taken (in seconds): 17.77
[0.94379997 0.94989997 0.94730002 0.94489998 0.         0.
 0.         0.         0.         0.        ]
create new model

Total time taken (in seconds): 16.34
[0.94379997 0.94989997 0.94730002 0.94489998 0.94779998 0.
 0.         0.         0.         0.        ]
create new model

Total time taken (in seconds): 16.84
[0.94379997 0.94989997 0.94730002 0.94489998 0.94779998 0.94599998
 0.         0.         0.         0.        ]
create new model

Total time taken (in seconds): 16.52
[0.94379997 0.94989997 0.94730002 0.94489998 0.94779998 0.94599998
 0.94480002 0.         0.         0.        ]
create new model

Total time taken (in seconds): 16.34
[0.94379997 0.94989997 0.94730002 0.94489998 0.94779998 0.94599998
 0.94480002 0.94340003 0.         0.        ]
create new model

Total time taken (in seconds): 16.40
[0.94379997 0.94989997 0.94730002 0.94489998 0.94779998 0.94599998
 0.94480002 0.94340003 0.95240003 0.        ]
create new model

Total time taken (in seconds): 16.91
[0.94379997 0.94989997 0.94730002 0.94489998 0.94779998 0.94599998
 0.94480002 0.94340003 0.95240003 0.94480002]
[array([0.97210002, 0.        , 0.        , 0.        , 0.        ,
       0.        , 0.        , 0.        , 0.        , 0.        ]), array([0.90780002, 0.958     , 0.        , 0.        , 0.        ,
       0.        , 0.        , 0.        , 0.        , 0.        ]), array([0.83450001, 0.92940003, 0.95859998, 0.        , 0.        ,
       0.        , 0.        , 0.        , 0.        , 0.        ]), array([0.82090002, 0.92580003, 0.9393    , 0.95950001, 0.        ,
       0.        , 0.        , 0.        , 0.        , 0.        ]), array([0.76630002, 0.87199998, 0.93129998, 0.94440001, 0.9587    ,
       0.        , 0.        , 0.        , 0.        , 0.        ]), array([0.68010002, 0.8531    , 0.85280001, 0.89960003, 0.91469997,
       0.95859998, 0.        , 0.        , 0.        , 0.        ]), array([0.57120001, 0.82069999, 0.83029997, 0.85790002, 0.91049999,
       0.94090003, 0.9544    , 0.        , 0.        , 0.        ]), array([0.52890003, 0.75749999, 0.8215    , 0.852     , 0.8854    ,
       0.91390002, 0.94099998, 0.958     , 0.        , 0.        ]), array([0.4813    , 0.71460003, 0.69580001, 0.81559998, 0.83710003,
       0.84649998, 0.91649997, 0.92650002, 0.95679998, 0.        ]), array([0.40099999, 0.64380002, 0.56620002, 0.77240002, 0.77170002,
       0.7665    , 0.77149999, 0.89920002, 0.93599999, 0.95539999])] [0.94379997 0.94989997 0.94730002 0.94489998 0.94779998 0.94599998
 0.94480002 0.94340003 0.95240003 0.94480002]
acc: 0.7483700067, bwt: -0.2340444360, tbwt: -0.2213333216
cbwt 0: -0.3063222269
cbwt 1: -0.1433874965
cbwt 2: -0.1532856992
cbwt 3: -0.1025166710
cbwt 4: -0.0948199987
cbwt 5: -0.0916499794
cbwt 6: -0.0780666868
cbwt 7: -0.0451499820
cbwt 8: -0.0207999945
create new model

Total time taken (in seconds): 39.96
[array([0.95550001, 0.        , 0.        , 0.        , 0.        ,
       0.        , 0.        , 0.        , 0.        , 0.        ]), array([0., 0., 0., 0., 0., 0., 0., 0., 0., 0.]), array([0., 0., 0., 0., 0., 0., 0., 0., 0., 0.]), array([0., 0., 0., 0., 0., 0., 0., 0., 0., 0.]), array([0., 0., 0., 0., 0., 0., 0., 0., 0., 0.]), array([0., 0., 0., 0., 0., 0., 0., 0., 0., 0.]), array([0., 0., 0., 0., 0., 0., 0., 0., 0., 0.]), array([0., 0., 0., 0., 0., 0., 0., 0., 0., 0.]), array([0., 0., 0., 0., 0., 0., 0., 0., 0., 0.]), array([0., 0., 0., 0., 0., 0., 0., 0., 0., 0.])]
load model:model/depth_task/1/1/3/0.6/

Total time taken (in seconds): 16.26
[array([0.95550001, 0.        , 0.        , 0.        , 0.        ,
       0.        , 0.        , 0.        , 0.        , 0.        ]), array([0.91729999, 0.94080001, 0.        , 0.        , 0.        ,
       0.        , 0.        , 0.        , 0.        , 0.        ]), array([0., 0., 0., 0., 0., 0., 0., 0., 0., 0.]), array([0., 0., 0., 0., 0., 0., 0., 0., 0., 0.]), array([0., 0., 0., 0., 0., 0., 0., 0., 0., 0.]), array([0., 0., 0., 0., 0., 0., 0., 0., 0., 0.]), array([0., 0., 0., 0., 0., 0., 0., 0., 0., 0.]), array([0., 0., 0., 0., 0., 0., 0., 0., 0., 0.]), array([0., 0., 0., 0., 0., 0., 0., 0., 0., 0.]), array([0., 0., 0., 0., 0., 0., 0., 0., 0., 0.])]
load model:model/depth_task/1/1/3/0.6/

Total time taken (in seconds): 16.39
[array([0.95550001, 0.        , 0.        , 0.        , 0.        ,
       0.        , 0.        , 0.        , 0.        , 0.        ]), array([0.91729999, 0.94080001, 0.        , 0.        , 0.        ,
       0.        , 0.        , 0.        , 0.        , 0.        ]), array([0.86699998, 0.92900002, 0.94349998, 0.        , 0.        ,
       0.        , 0.        , 0.        , 0.        , 0.        ]), array([0., 0., 0., 0., 0., 0., 0., 0., 0., 0.]), array([0., 0., 0., 0., 0., 0., 0., 0., 0., 0.]), array([0., 0., 0., 0., 0., 0., 0., 0., 0., 0.]), array([0., 0., 0., 0., 0., 0., 0., 0., 0., 0.]), array([0., 0., 0., 0., 0., 0., 0., 0., 0., 0.]), array([0., 0., 0., 0., 0., 0., 0., 0., 0., 0.]), array([0., 0., 0., 0., 0., 0., 0., 0., 0., 0.])]
load model:model/depth_task/1/1/3/0.6/

Total time taken (in seconds): 16.34
[array([0.95550001, 0.        , 0.        , 0.        , 0.        ,
       0.        , 0.        , 0.        , 0.        , 0.        ]), array([0.91729999, 0.94080001, 0.        , 0.        , 0.        ,
       0.        , 0.        , 0.        , 0.        , 0.        ]), array([0.86699998, 0.92900002, 0.94349998, 0.        , 0.        ,
       0.        , 0.        , 0.        , 0.        , 0.        ]), array([0.7902    , 0.90859997, 0.91790003, 0.93830001, 0.        ,
       0.        , 0.        , 0.        , 0.        , 0.        ]), array([0., 0., 0., 0., 0., 0., 0., 0., 0., 0.]), array([0., 0., 0., 0., 0., 0., 0., 0., 0., 0.]), array([0., 0., 0., 0., 0., 0., 0., 0., 0., 0.]), array([0., 0., 0., 0., 0., 0., 0., 0., 0., 0.]), array([0., 0., 0., 0., 0., 0., 0., 0., 0., 0.]), array([0., 0., 0., 0., 0., 0., 0., 0., 0., 0.])]
load model:model/depth_task/1/1/3/0.6/

Total time taken (in seconds): 16.54
[array([0.95550001, 0.        , 0.        , 0.        , 0.        ,
       0.        , 0.        , 0.        , 0.        , 0.        ]), array([0.91729999, 0.94080001, 0.        , 0.        , 0.        ,
       0.        , 0.        , 0.        , 0.        , 0.        ]), array([0.86699998, 0.92900002, 0.94349998, 0.        , 0.        ,
       0.        , 0.        , 0.        , 0.        , 0.        ]), array([0.7902    , 0.90859997, 0.91790003, 0.93830001, 0.        ,
       0.        , 0.        , 0.        , 0.        , 0.        ]), array([0.74760002, 0.85939997, 0.90640002, 0.92070001, 0.93620002,
       0.        , 0.        , 0.        , 0.        , 0.        ]), array([0., 0., 0., 0., 0., 0., 0., 0., 0., 0.]), array([0., 0., 0., 0., 0., 0., 0., 0., 0., 0.]), array([0., 0., 0., 0., 0., 0., 0., 0., 0., 0.]), array([0., 0., 0., 0., 0., 0., 0., 0., 0., 0.]), array([0., 0., 0., 0., 0., 0., 0., 0., 0., 0.])]
load model:model/depth_task/1/1/3/0.6/

Total time taken (in seconds): 16.37
[array([0.95550001, 0.        , 0.        , 0.        , 0.        ,
       0.        , 0.        , 0.        , 0.        , 0.        ]), array([0.91729999, 0.94080001, 0.        , 0.        , 0.        ,
       0.        , 0.        , 0.        , 0.        , 0.        ]), array([0.86699998, 0.92900002, 0.94349998, 0.        , 0.        ,
       0.        , 0.        , 0.        , 0.        , 0.        ]), array([0.7902    , 0.90859997, 0.91790003, 0.93830001, 0.        ,
       0.        , 0.        , 0.        , 0.        , 0.        ]), array([0.74760002, 0.85939997, 0.90640002, 0.92070001, 0.93620002,
       0.        , 0.        , 0.        , 0.        , 0.        ]), array([0.70249999, 0.84789997, 0.85930002, 0.8962    , 0.92089999,
       0.93360001, 0.        , 0.        , 0.        , 0.        ]), array([0., 0., 0., 0., 0., 0., 0., 0., 0., 0.]), array([0., 0., 0., 0., 0., 0., 0., 0., 0., 0.]), array([0., 0., 0., 0., 0., 0., 0., 0., 0., 0.]), array([0., 0., 0., 0., 0., 0., 0., 0., 0., 0.])]
load model:model/depth_task/1/1/3/0.6/

Total time taken (in seconds): 16.15
[array([0.95550001, 0.        , 0.        , 0.        , 0.        ,
       0.        , 0.        , 0.        , 0.        , 0.        ]), array([0.91729999, 0.94080001, 0.        , 0.        , 0.        ,
       0.        , 0.        , 0.        , 0.        , 0.        ]), array([0.86699998, 0.92900002, 0.94349998, 0.        , 0.        ,
       0.        , 0.        , 0.        , 0.        , 0.        ]), array([0.7902    , 0.90859997, 0.91790003, 0.93830001, 0.        ,
       0.        , 0.        , 0.        , 0.        , 0.        ]), array([0.74760002, 0.85939997, 0.90640002, 0.92070001, 0.93620002,
       0.        , 0.        , 0.        , 0.        , 0.        ]), array([0.70249999, 0.84789997, 0.85930002, 0.8962    , 0.92089999,
       0.93360001, 0.        , 0.        , 0.        , 0.        ]), array([0.68220001, 0.8154    , 0.84149998, 0.8585    , 0.89999998,
       0.92019999, 0.93430001, 0.        , 0.        , 0.        ]), array([0., 0., 0., 0., 0., 0., 0., 0., 0., 0.]), array([0., 0., 0., 0., 0., 0., 0., 0., 0., 0.]), array([0., 0., 0., 0., 0., 0., 0., 0., 0., 0.])]
load model:model/depth_task/1/1/3/0.6/

Total time taken (in seconds): 16.33
[array([0.95550001, 0.        , 0.        , 0.        , 0.        ,
       0.        , 0.        , 0.        , 0.        , 0.        ]), array([0.91729999, 0.94080001, 0.        , 0.        , 0.        ,
       0.        , 0.        , 0.        , 0.        , 0.        ]), array([0.86699998, 0.92900002, 0.94349998, 0.        , 0.        ,
       0.        , 0.        , 0.        , 0.        , 0.        ]), array([0.7902    , 0.90859997, 0.91790003, 0.93830001, 0.        ,
       0.        , 0.        , 0.        , 0.        , 0.        ]), array([0.74760002, 0.85939997, 0.90640002, 0.92070001, 0.93620002,
       0.        , 0.        , 0.        , 0.        , 0.        ]), array([0.70249999, 0.84789997, 0.85930002, 0.8962    , 0.92089999,
       0.93360001, 0.        , 0.        , 0.        , 0.        ]), array([0.68220001, 0.8154    , 0.84149998, 0.8585    , 0.89999998,
       0.92019999, 0.93430001, 0.        , 0.        , 0.        ]), array([0.62480003, 0.75999999, 0.80199999, 0.81349999, 0.82679999,
       0.88010001, 0.90670002, 0.9285    , 0.        , 0.        ]), array([0., 0., 0., 0., 0., 0., 0., 0., 0., 0.]), array([0., 0., 0., 0., 0., 0., 0., 0., 0., 0.])]
load model:model/depth_task/1/1/3/0.6/

Total time taken (in seconds): 16.42
[array([0.95550001, 0.        , 0.        , 0.        , 0.        ,
       0.        , 0.        , 0.        , 0.        , 0.        ]), array([0.91729999, 0.94080001, 0.        , 0.        , 0.        ,
       0.        , 0.        , 0.        , 0.        , 0.        ]), array([0.86699998, 0.92900002, 0.94349998, 0.        , 0.        ,
       0.        , 0.        , 0.        , 0.        , 0.        ]), array([0.7902    , 0.90859997, 0.91790003, 0.93830001, 0.        ,
       0.        , 0.        , 0.        , 0.        , 0.        ]), array([0.74760002, 0.85939997, 0.90640002, 0.92070001, 0.93620002,
       0.        , 0.        , 0.        , 0.        , 0.        ]), array([0.70249999, 0.84789997, 0.85930002, 0.8962    , 0.92089999,
       0.93360001, 0.        , 0.        , 0.        , 0.        ]), array([0.68220001, 0.8154    , 0.84149998, 0.8585    , 0.89999998,
       0.92019999, 0.93430001, 0.        , 0.        , 0.        ]), array([0.62480003, 0.75999999, 0.80199999, 0.81349999, 0.82679999,
       0.88010001, 0.90670002, 0.9285    , 0.        , 0.        ]), array([0.46290001, 0.67500001, 0.7374    , 0.81239998, 0.83899999,
       0.85409999, 0.89960003, 0.89340001, 0.92269999, 0.        ]), array([0., 0., 0., 0., 0., 0., 0., 0., 0., 0.])]
load model:model/depth_task/1/1/3/0.6/

Total time taken (in seconds): 16.41
[array([0.95550001, 0.        , 0.        , 0.        , 0.        ,
       0.        , 0.        , 0.        , 0.        , 0.        ]), array([0.91729999, 0.94080001, 0.        , 0.        , 0.        ,
       0.        , 0.        , 0.        , 0.        , 0.        ]), array([0.86699998, 0.92900002, 0.94349998, 0.        , 0.        ,
       0.        , 0.        , 0.        , 0.        , 0.        ]), array([0.7902    , 0.90859997, 0.91790003, 0.93830001, 0.        ,
       0.        , 0.        , 0.        , 0.        , 0.        ]), array([0.74760002, 0.85939997, 0.90640002, 0.92070001, 0.93620002,
       0.        , 0.        , 0.        , 0.        , 0.        ]), array([0.70249999, 0.84789997, 0.85930002, 0.8962    , 0.92089999,
       0.93360001, 0.        , 0.        , 0.        , 0.        ]), array([0.68220001, 0.8154    , 0.84149998, 0.8585    , 0.89999998,
       0.92019999, 0.93430001, 0.        , 0.        , 0.        ]), array([0.62480003, 0.75999999, 0.80199999, 0.81349999, 0.82679999,
       0.88010001, 0.90670002, 0.9285    , 0.        , 0.        ]), array([0.46290001, 0.67500001, 0.7374    , 0.81239998, 0.83899999,
       0.85409999, 0.89960003, 0.89340001, 0.92269999, 0.        ]), array([0.40149999, 0.61119998, 0.62690002, 0.76099998, 0.7809    ,
       0.84109998, 0.79470003, 0.89399999, 0.90789998, 0.93019998])]
create new model

Total time taken (in seconds): 16.77
[0.92879999 0.         0.         0.         0.         0.
 0.         0.         0.         0.        ]
create new model

Total time taken (in seconds): 16.68
[0.92879999 0.92659998 0.         0.         0.         0.
 0.         0.         0.         0.        ]
create new model

Total time taken (in seconds): 16.89
[0.92879999 0.92659998 0.92479998 0.         0.         0.
 0.         0.         0.         0.        ]
create new model

Total time taken (in seconds): 16.91
[0.92879999 0.92659998 0.92479998 0.92940003 0.         0.
 0.         0.         0.         0.        ]
create new model

Total time taken (in seconds): 16.39
[0.92879999 0.92659998 0.92479998 0.92940003 0.9228     0.
 0.         0.         0.         0.        ]
create new model

Total time taken (in seconds): 16.93
[0.92879999 0.92659998 0.92479998 0.92940003 0.9228     0.93129998
 0.         0.         0.         0.        ]
create new model

Total time taken (in seconds): 16.35
[0.92879999 0.92659998 0.92479998 0.92940003 0.9228     0.93129998
 0.92479998 0.         0.         0.        ]
create new model

Total time taken (in seconds): 16.80
[0.92879999 0.92659998 0.92479998 0.92940003 0.9228     0.93129998
 0.92479998 0.92189997 0.         0.        ]
create new model

Total time taken (in seconds): 16.78
[0.92879999 0.92659998 0.92479998 0.92940003 0.9228     0.93129998
 0.92479998 0.92189997 0.92869997 0.        ]
create new model

Total time taken (in seconds): 16.39
[0.92879999 0.92659998 0.92479998 0.92940003 0.9228     0.93129998
 0.92479998 0.92189997 0.92869997 0.92269999]
[array([0.95550001, 0.        , 0.        , 0.        , 0.        ,
       0.        , 0.        , 0.        , 0.        , 0.        ]), array([0.91729999, 0.94080001, 0.        , 0.        , 0.        ,
       0.        , 0.        , 0.        , 0.        , 0.        ]), array([0.86699998, 0.92900002, 0.94349998, 0.        , 0.        ,
       0.        , 0.        , 0.        , 0.        , 0.        ]), array([0.7902    , 0.90859997, 0.91790003, 0.93830001, 0.        ,
       0.        , 0.        , 0.        , 0.        , 0.        ]), array([0.74760002, 0.85939997, 0.90640002, 0.92070001, 0.93620002,
       0.        , 0.        , 0.        , 0.        , 0.        ]), array([0.70249999, 0.84789997, 0.85930002, 0.8962    , 0.92089999,
       0.93360001, 0.        , 0.        , 0.        , 0.        ]), array([0.68220001, 0.8154    , 0.84149998, 0.8585    , 0.89999998,
       0.92019999, 0.93430001, 0.        , 0.        , 0.        ]), array([0.62480003, 0.75999999, 0.80199999, 0.81349999, 0.82679999,
       0.88010001, 0.90670002, 0.9285    , 0.        , 0.        ]), array([0.46290001, 0.67500001, 0.7374    , 0.81239998, 0.83899999,
       0.85409999, 0.89960003, 0.89340001, 0.92269999, 0.        ]), array([0.40149999, 0.61119998, 0.62690002, 0.76099998, 0.7809    ,
       0.84109998, 0.79470003, 0.89399999, 0.90789998, 0.93019998])] [0.92879999 0.92659998 0.92479998 0.92940003 0.9228     0.93129998
 0.92479998 0.92189997 0.92869997 0.92269999]
acc: 0.7549399912, bwt: -0.2015777893, tbwt: -0.1910999947
cbwt 0: -0.2670555611
cbwt 1: -0.1399875209
cbwt 2: -0.1304428322
cbwt 3: -0.0945833524
cbwt 4: -0.0826800346
cbwt 5: -0.0597250164
cbwt 6: -0.0672999819
cbwt 7: -0.0347999930
cbwt 8: -0.0148000121
