WARNING:tensorflow:From /home/lfz5092/venv/lib/python3.5/site-packages/tensorflow_core/python/data/util/random_seed.py:58: where (from tensorflow.python.ops.array_ops) is deprecated and will be removed in a future version.
Instructions for updating:
Use tf.where in 2.0, which has the same broadcast rule as np.where
WARNING:tensorflow:From /home/lfz5092/venv/lib/python3.5/site-packages/tensorflow_core/python/ops/resource_variable_ops.py:1781: calling BaseResourceVariable.__init__ (from tensorflow.python.ops.resource_variable_ops) with constraint is deprecated and will be removed in a future version.
Instructions for updating:
If using Keras pass *_constraint arguments to layers.
create new model

Total time taken (in seconds): 35.88
[array([0.97180003, 0.        , 0.        , 0.        , 0.        ,
       0.        , 0.        , 0.        , 0.        , 0.        ]), array([0., 0., 0., 0., 0., 0., 0., 0., 0., 0.]), array([0., 0., 0., 0., 0., 0., 0., 0., 0., 0.]), array([0., 0., 0., 0., 0., 0., 0., 0., 0., 0.]), array([0., 0., 0., 0., 0., 0., 0., 0., 0., 0.]), array([0., 0., 0., 0., 0., 0., 0., 0., 0., 0.]), array([0., 0., 0., 0., 0., 0., 0., 0., 0., 0.]), array([0., 0., 0., 0., 0., 0., 0., 0., 0., 0.]), array([0., 0., 0., 0., 0., 0., 0., 0., 0., 0.]), array([0., 0., 0., 0., 0., 0., 0., 0., 0., 0.])]
load model:model/task/1/

Total time taken (in seconds): 14.02
[array([0.97180003, 0.        , 0.        , 0.        , 0.        ,
       0.        , 0.        , 0.        , 0.        , 0.        ]), array([0.70469999, 0.95599997, 0.        , 0.        , 0.        ,
       0.        , 0.        , 0.        , 0.        , 0.        ]), array([0., 0., 0., 0., 0., 0., 0., 0., 0., 0.]), array([0., 0., 0., 0., 0., 0., 0., 0., 0., 0.]), array([0., 0., 0., 0., 0., 0., 0., 0., 0., 0.]), array([0., 0., 0., 0., 0., 0., 0., 0., 0., 0.]), array([0., 0., 0., 0., 0., 0., 0., 0., 0., 0.]), array([0., 0., 0., 0., 0., 0., 0., 0., 0., 0.]), array([0., 0., 0., 0., 0., 0., 0., 0., 0., 0.]), array([0., 0., 0., 0., 0., 0., 0., 0., 0., 0.])]
load model:model/task/1/

Total time taken (in seconds): 14.02
[array([0.97180003, 0.        , 0.        , 0.        , 0.        ,
       0.        , 0.        , 0.        , 0.        , 0.        ]), array([0.70469999, 0.95599997, 0.        , 0.        , 0.        ,
       0.        , 0.        , 0.        , 0.        , 0.        ]), array([0.51050001, 0.89679998, 0.95829999, 0.        , 0.        ,
       0.        , 0.        , 0.        , 0.        , 0.        ]), array([0., 0., 0., 0., 0., 0., 0., 0., 0., 0.]), array([0., 0., 0., 0., 0., 0., 0., 0., 0., 0.]), array([0., 0., 0., 0., 0., 0., 0., 0., 0., 0.]), array([0., 0., 0., 0., 0., 0., 0., 0., 0., 0.]), array([0., 0., 0., 0., 0., 0., 0., 0., 0., 0.]), array([0., 0., 0., 0., 0., 0., 0., 0., 0., 0.]), array([0., 0., 0., 0., 0., 0., 0., 0., 0., 0.])]
load model:model/task/1/

Total time taken (in seconds): 14.11
[array([0.97180003, 0.        , 0.        , 0.        , 0.        ,
       0.        , 0.        , 0.        , 0.        , 0.        ]), array([0.70469999, 0.95599997, 0.        , 0.        , 0.        ,
       0.        , 0.        , 0.        , 0.        , 0.        ]), array([0.51050001, 0.89679998, 0.95829999, 0.        , 0.        ,
       0.        , 0.        , 0.        , 0.        , 0.        ]), array([0.52020001, 0.79220003, 0.824     , 0.96109998, 0.        ,
       0.        , 0.        , 0.        , 0.        , 0.        ]), array([0., 0., 0., 0., 0., 0., 0., 0., 0., 0.]), array([0., 0., 0., 0., 0., 0., 0., 0., 0., 0.]), array([0., 0., 0., 0., 0., 0., 0., 0., 0., 0.]), array([0., 0., 0., 0., 0., 0., 0., 0., 0., 0.]), array([0., 0., 0., 0., 0., 0., 0., 0., 0., 0.]), array([0., 0., 0., 0., 0., 0., 0., 0., 0., 0.])]
load model:model/task/1/

Total time taken (in seconds): 13.98
[array([0.97180003, 0.        , 0.        , 0.        , 0.        ,
       0.        , 0.        , 0.        , 0.        , 0.        ]), array([0.70469999, 0.95599997, 0.        , 0.        , 0.        ,
       0.        , 0.        , 0.        , 0.        , 0.        ]), array([0.51050001, 0.89679998, 0.95829999, 0.        , 0.        ,
       0.        , 0.        , 0.        , 0.        , 0.        ]), array([0.52020001, 0.79220003, 0.824     , 0.96109998, 0.        ,
       0.        , 0.        , 0.        , 0.        , 0.        ]), array([0.36660001, 0.74790001, 0.8326    , 0.9228    , 0.95950001,
       0.        , 0.        , 0.        , 0.        , 0.        ]), array([0., 0., 0., 0., 0., 0., 0., 0., 0., 0.]), array([0., 0., 0., 0., 0., 0., 0., 0., 0., 0.]), array([0., 0., 0., 0., 0., 0., 0., 0., 0., 0.]), array([0., 0., 0., 0., 0., 0., 0., 0., 0., 0.]), array([0., 0., 0., 0., 0., 0., 0., 0., 0., 0.])]
load model:model/task/1/

Total time taken (in seconds): 13.57
[array([0.97180003, 0.        , 0.        , 0.        , 0.        ,
       0.        , 0.        , 0.        , 0.        , 0.        ]), array([0.70469999, 0.95599997, 0.        , 0.        , 0.        ,
       0.        , 0.        , 0.        , 0.        , 0.        ]), array([0.51050001, 0.89679998, 0.95829999, 0.        , 0.        ,
       0.        , 0.        , 0.        , 0.        , 0.        ]), array([0.52020001, 0.79220003, 0.824     , 0.96109998, 0.        ,
       0.        , 0.        , 0.        , 0.        , 0.        ]), array([0.36660001, 0.74790001, 0.8326    , 0.9228    , 0.95950001,
       0.        , 0.        , 0.        , 0.        , 0.        ]), array([0.2419    , 0.70810002, 0.7827    , 0.8635    , 0.89960003,
       0.95719999, 0.        , 0.        , 0.        , 0.        ]), array([0., 0., 0., 0., 0., 0., 0., 0., 0., 0.]), array([0., 0., 0., 0., 0., 0., 0., 0., 0., 0.]), array([0., 0., 0., 0., 0., 0., 0., 0., 0., 0.]), array([0., 0., 0., 0., 0., 0., 0., 0., 0., 0.])]
load model:model/task/1/

Total time taken (in seconds): 14.04
[array([0.97180003, 0.        , 0.        , 0.        , 0.        ,
       0.        , 0.        , 0.        , 0.        , 0.        ]), array([0.70469999, 0.95599997, 0.        , 0.        , 0.        ,
       0.        , 0.        , 0.        , 0.        , 0.        ]), array([0.51050001, 0.89679998, 0.95829999, 0.        , 0.        ,
       0.        , 0.        , 0.        , 0.        , 0.        ]), array([0.52020001, 0.79220003, 0.824     , 0.96109998, 0.        ,
       0.        , 0.        , 0.        , 0.        , 0.        ]), array([0.36660001, 0.74790001, 0.8326    , 0.9228    , 0.95950001,
       0.        , 0.        , 0.        , 0.        , 0.        ]), array([0.2419    , 0.70810002, 0.7827    , 0.8635    , 0.89960003,
       0.95719999, 0.        , 0.        , 0.        , 0.        ]), array([0.30090001, 0.53329998, 0.65399998, 0.73379999, 0.85299999,
       0.92900002, 0.96130002, 0.        , 0.        , 0.        ]), array([0., 0., 0., 0., 0., 0., 0., 0., 0., 0.]), array([0., 0., 0., 0., 0., 0., 0., 0., 0., 0.]), array([0., 0., 0., 0., 0., 0., 0., 0., 0., 0.])]
load model:model/task/1/

Total time taken (in seconds): 14.02
[array([0.97180003, 0.        , 0.        , 0.        , 0.        ,
       0.        , 0.        , 0.        , 0.        , 0.        ]), array([0.70469999, 0.95599997, 0.        , 0.        , 0.        ,
       0.        , 0.        , 0.        , 0.        , 0.        ]), array([0.51050001, 0.89679998, 0.95829999, 0.        , 0.        ,
       0.        , 0.        , 0.        , 0.        , 0.        ]), array([0.52020001, 0.79220003, 0.824     , 0.96109998, 0.        ,
       0.        , 0.        , 0.        , 0.        , 0.        ]), array([0.36660001, 0.74790001, 0.8326    , 0.9228    , 0.95950001,
       0.        , 0.        , 0.        , 0.        , 0.        ]), array([0.2419    , 0.70810002, 0.7827    , 0.8635    , 0.89960003,
       0.95719999, 0.        , 0.        , 0.        , 0.        ]), array([0.30090001, 0.53329998, 0.65399998, 0.73379999, 0.85299999,
       0.92900002, 0.96130002, 0.        , 0.        , 0.        ]), array([0.29089999, 0.31369999, 0.4456    , 0.55599999, 0.61119998,
       0.75599998, 0.80260003, 0.95730001, 0.        , 0.        ]), array([0., 0., 0., 0., 0., 0., 0., 0., 0., 0.]), array([0., 0., 0., 0., 0., 0., 0., 0., 0., 0.])]
load model:model/task/1/

Total time taken (in seconds): 14.00
[array([0.97180003, 0.        , 0.        , 0.        , 0.        ,
       0.        , 0.        , 0.        , 0.        , 0.        ]), array([0.70469999, 0.95599997, 0.        , 0.        , 0.        ,
       0.        , 0.        , 0.        , 0.        , 0.        ]), array([0.51050001, 0.89679998, 0.95829999, 0.        , 0.        ,
       0.        , 0.        , 0.        , 0.        , 0.        ]), array([0.52020001, 0.79220003, 0.824     , 0.96109998, 0.        ,
       0.        , 0.        , 0.        , 0.        , 0.        ]), array([0.36660001, 0.74790001, 0.8326    , 0.9228    , 0.95950001,
       0.        , 0.        , 0.        , 0.        , 0.        ]), array([0.2419    , 0.70810002, 0.7827    , 0.8635    , 0.89960003,
       0.95719999, 0.        , 0.        , 0.        , 0.        ]), array([0.30090001, 0.53329998, 0.65399998, 0.73379999, 0.85299999,
       0.92900002, 0.96130002, 0.        , 0.        , 0.        ]), array([0.29089999, 0.31369999, 0.4456    , 0.55599999, 0.61119998,
       0.75599998, 0.80260003, 0.95730001, 0.        , 0.        ]), array([0.2552    , 0.30309999, 0.34619999, 0.39140001, 0.449     ,
       0.5898    , 0.65249997, 0.77819997, 0.95889997, 0.        ]), array([0., 0., 0., 0., 0., 0., 0., 0., 0., 0.])]
load model:model/task/1/

Total time taken (in seconds): 13.89
[array([0.97180003, 0.        , 0.        , 0.        , 0.        ,
       0.        , 0.        , 0.        , 0.        , 0.        ]), array([0.70469999, 0.95599997, 0.        , 0.        , 0.        ,
       0.        , 0.        , 0.        , 0.        , 0.        ]), array([0.51050001, 0.89679998, 0.95829999, 0.        , 0.        ,
       0.        , 0.        , 0.        , 0.        , 0.        ]), array([0.52020001, 0.79220003, 0.824     , 0.96109998, 0.        ,
       0.        , 0.        , 0.        , 0.        , 0.        ]), array([0.36660001, 0.74790001, 0.8326    , 0.9228    , 0.95950001,
       0.        , 0.        , 0.        , 0.        , 0.        ]), array([0.2419    , 0.70810002, 0.7827    , 0.8635    , 0.89960003,
       0.95719999, 0.        , 0.        , 0.        , 0.        ]), array([0.30090001, 0.53329998, 0.65399998, 0.73379999, 0.85299999,
       0.92900002, 0.96130002, 0.        , 0.        , 0.        ]), array([0.29089999, 0.31369999, 0.4456    , 0.55599999, 0.61119998,
       0.75599998, 0.80260003, 0.95730001, 0.        , 0.        ]), array([0.2552    , 0.30309999, 0.34619999, 0.39140001, 0.449     ,
       0.5898    , 0.65249997, 0.77819997, 0.95889997, 0.        ]), array([0.2498    , 0.34689999, 0.38870001, 0.35620001, 0.4199    ,
       0.58130002, 0.51800001, 0.75400001, 0.93019998, 0.95649999])]
create new model

Total time taken (in seconds): 14.52
[0.9483 0.     0.     0.     0.     0.     0.     0.     0.     0.    ]
create new model

Total time taken (in seconds): 14.52
[0.9483     0.94859999 0.         0.         0.         0.
 0.         0.         0.         0.        ]
create new model

Total time taken (in seconds): 14.49
[0.9483     0.94859999 0.94279999 0.         0.         0.
 0.         0.         0.         0.        ]
create new model

Total time taken (in seconds): 14.51
[0.9483     0.94859999 0.94279999 0.9479     0.         0.
 0.         0.         0.         0.        ]
create new model

Total time taken (in seconds): 13.96
[0.9483     0.94859999 0.94279999 0.9479     0.94599998 0.
 0.         0.         0.         0.        ]
create new model

Total time taken (in seconds): 14.15
[0.9483     0.94859999 0.94279999 0.9479     0.94599998 0.94400001
 0.         0.         0.         0.        ]
create new model

Total time taken (in seconds): 14.52
[0.9483     0.94859999 0.94279999 0.9479     0.94599998 0.94400001
 0.94349998 0.         0.         0.        ]
create new model

Total time taken (in seconds): 14.53
[0.9483     0.94859999 0.94279999 0.9479     0.94599998 0.94400001
 0.94349998 0.94859999 0.         0.        ]
create new model

Total time taken (in seconds): 14.44
[0.9483     0.94859999 0.94279999 0.9479     0.94599998 0.94400001
 0.94349998 0.94859999 0.94620001 0.        ]
create new model

Total time taken (in seconds): 14.39
[0.9483     0.94859999 0.94279999 0.9479     0.94599998 0.94400001
 0.94349998 0.94859999 0.94620001 0.94080001]
[array([0.97180003, 0.        , 0.        , 0.        , 0.        ,
       0.        , 0.        , 0.        , 0.        , 0.        ]), array([0.70469999, 0.95599997, 0.        , 0.        , 0.        ,
       0.        , 0.        , 0.        , 0.        , 0.        ]), array([0.51050001, 0.89679998, 0.95829999, 0.        , 0.        ,
       0.        , 0.        , 0.        , 0.        , 0.        ]), array([0.52020001, 0.79220003, 0.824     , 0.96109998, 0.        ,
       0.        , 0.        , 0.        , 0.        , 0.        ]), array([0.36660001, 0.74790001, 0.8326    , 0.9228    , 0.95950001,
       0.        , 0.        , 0.        , 0.        , 0.        ]), array([0.2419    , 0.70810002, 0.7827    , 0.8635    , 0.89960003,
       0.95719999, 0.        , 0.        , 0.        , 0.        ]), array([0.30090001, 0.53329998, 0.65399998, 0.73379999, 0.85299999,
       0.92900002, 0.96130002, 0.        , 0.        , 0.        ]), array([0.29089999, 0.31369999, 0.4456    , 0.55599999, 0.61119998,
       0.75599998, 0.80260003, 0.95730001, 0.        , 0.        ]), array([0.2552    , 0.30309999, 0.34619999, 0.39140001, 0.449     ,
       0.5898    , 0.65249997, 0.77819997, 0.95889997, 0.        ]), array([0.2498    , 0.34689999, 0.38870001, 0.35620001, 0.4199    ,
       0.58130002, 0.51800001, 0.75400001, 0.93019998, 0.95649999])] [0.9483     0.94859999 0.94279999 0.9479     0.94599998 0.94400001
 0.94349998 0.94859999 0.94620001 0.94080001]
acc: 0.5501500010, bwt: -0.4551555514, tbwt: -0.4412111044
cbwt 0: -0.5895000266
cbwt 1: -0.3757499717
cbwt 2: -0.3477571394
cbwt 3: -0.3238166471
cbwt 4: -0.3129600167
cbwt 5: -0.2431749851
cbwt 6: -0.3036000133
cbwt 7: -0.1912000179
cbwt 8: -0.0286999941
create new model

Total time taken (in seconds): 35.46
[array([0.7845, 0.    , 0.    , 0.    , 0.    , 0.    , 0.    , 0.    ,
       0.    , 0.    ]), array([0., 0., 0., 0., 0., 0., 0., 0., 0., 0.]), array([0., 0., 0., 0., 0., 0., 0., 0., 0., 0.]), array([0., 0., 0., 0., 0., 0., 0., 0., 0., 0.]), array([0., 0., 0., 0., 0., 0., 0., 0., 0., 0.]), array([0., 0., 0., 0., 0., 0., 0., 0., 0., 0.]), array([0., 0., 0., 0., 0., 0., 0., 0., 0., 0.]), array([0., 0., 0., 0., 0., 0., 0., 0., 0., 0.]), array([0., 0., 0., 0., 0., 0., 0., 0., 0., 0.]), array([0., 0., 0., 0., 0., 0., 0., 0., 0., 0.])]
load model:model/task/2/

Total time taken (in seconds): 13.84
[array([0.7845, 0.    , 0.    , 0.    , 0.    , 0.    , 0.    , 0.    ,
       0.    , 0.    ]), array([0.72860003, 0.77590001, 0.        , 0.        , 0.        ,
       0.        , 0.        , 0.        , 0.        , 0.        ]), array([0., 0., 0., 0., 0., 0., 0., 0., 0., 0.]), array([0., 0., 0., 0., 0., 0., 0., 0., 0., 0.]), array([0., 0., 0., 0., 0., 0., 0., 0., 0., 0.]), array([0., 0., 0., 0., 0., 0., 0., 0., 0., 0.]), array([0., 0., 0., 0., 0., 0., 0., 0., 0., 0.]), array([0., 0., 0., 0., 0., 0., 0., 0., 0., 0.]), array([0., 0., 0., 0., 0., 0., 0., 0., 0., 0.]), array([0., 0., 0., 0., 0., 0., 0., 0., 0., 0.])]
load model:model/task/2/

Total time taken (in seconds): 13.58
[array([0.7845, 0.    , 0.    , 0.    , 0.    , 0.    , 0.    , 0.    ,
       0.    , 0.    ]), array([0.72860003, 0.77590001, 0.        , 0.        , 0.        ,
       0.        , 0.        , 0.        , 0.        , 0.        ]), array([0.48460001, 0.74690002, 0.7687    , 0.        , 0.        ,
       0.        , 0.        , 0.        , 0.        , 0.        ]), array([0., 0., 0., 0., 0., 0., 0., 0., 0., 0.]), array([0., 0., 0., 0., 0., 0., 0., 0., 0., 0.]), array([0., 0., 0., 0., 0., 0., 0., 0., 0., 0.]), array([0., 0., 0., 0., 0., 0., 0., 0., 0., 0.]), array([0., 0., 0., 0., 0., 0., 0., 0., 0., 0.]), array([0., 0., 0., 0., 0., 0., 0., 0., 0., 0.]), array([0., 0., 0., 0., 0., 0., 0., 0., 0., 0.])]
load model:model/task/2/

Total time taken (in seconds): 14.06
[array([0.7845, 0.    , 0.    , 0.    , 0.    , 0.    , 0.    , 0.    ,
       0.    , 0.    ]), array([0.72860003, 0.77590001, 0.        , 0.        , 0.        ,
       0.        , 0.        , 0.        , 0.        , 0.        ]), array([0.48460001, 0.74690002, 0.7687    , 0.        , 0.        ,
       0.        , 0.        , 0.        , 0.        , 0.        ]), array([0.63319999, 0.75929999, 0.73710001, 0.83380002, 0.        ,
       0.        , 0.        , 0.        , 0.        , 0.        ]), array([0., 0., 0., 0., 0., 0., 0., 0., 0., 0.]), array([0., 0., 0., 0., 0., 0., 0., 0., 0., 0.]), array([0., 0., 0., 0., 0., 0., 0., 0., 0., 0.]), array([0., 0., 0., 0., 0., 0., 0., 0., 0., 0.]), array([0., 0., 0., 0., 0., 0., 0., 0., 0., 0.]), array([0., 0., 0., 0., 0., 0., 0., 0., 0., 0.])]
load model:model/task/2/

Total time taken (in seconds): 14.20
[array([0.7845, 0.    , 0.    , 0.    , 0.    , 0.    , 0.    , 0.    ,
       0.    , 0.    ]), array([0.72860003, 0.77590001, 0.        , 0.        , 0.        ,
       0.        , 0.        , 0.        , 0.        , 0.        ]), array([0.48460001, 0.74690002, 0.7687    , 0.        , 0.        ,
       0.        , 0.        , 0.        , 0.        , 0.        ]), array([0.63319999, 0.75929999, 0.73710001, 0.83380002, 0.        ,
       0.        , 0.        , 0.        , 0.        , 0.        ]), array([0.48300001, 0.6476    , 0.6541    , 0.75059998, 0.57669997,
       0.        , 0.        , 0.        , 0.        , 0.        ]), array([0., 0., 0., 0., 0., 0., 0., 0., 0., 0.]), array([0., 0., 0., 0., 0., 0., 0., 0., 0., 0.]), array([0., 0., 0., 0., 0., 0., 0., 0., 0., 0.]), array([0., 0., 0., 0., 0., 0., 0., 0., 0., 0.]), array([0., 0., 0., 0., 0., 0., 0., 0., 0., 0.])]
load model:model/task/2/

Total time taken (in seconds): 13.90
[array([0.7845, 0.    , 0.    , 0.    , 0.    , 0.    , 0.    , 0.    ,
       0.    , 0.    ]), array([0.72860003, 0.77590001, 0.        , 0.        , 0.        ,
       0.        , 0.        , 0.        , 0.        , 0.        ]), array([0.48460001, 0.74690002, 0.7687    , 0.        , 0.        ,
       0.        , 0.        , 0.        , 0.        , 0.        ]), array([0.63319999, 0.75929999, 0.73710001, 0.83380002, 0.        ,
       0.        , 0.        , 0.        , 0.        , 0.        ]), array([0.48300001, 0.6476    , 0.6541    , 0.75059998, 0.57669997,
       0.        , 0.        , 0.        , 0.        , 0.        ]), array([0.3285    , 0.57230002, 0.6311    , 0.72430003, 0.54549998,
       0.7615    , 0.        , 0.        , 0.        , 0.        ]), array([0., 0., 0., 0., 0., 0., 0., 0., 0., 0.]), array([0., 0., 0., 0., 0., 0., 0., 0., 0., 0.]), array([0., 0., 0., 0., 0., 0., 0., 0., 0., 0.]), array([0., 0., 0., 0., 0., 0., 0., 0., 0., 0.])]
load model:model/task/2/

Total time taken (in seconds): 13.63
[array([0.7845, 0.    , 0.    , 0.    , 0.    , 0.    , 0.    , 0.    ,
       0.    , 0.    ]), array([0.72860003, 0.77590001, 0.        , 0.        , 0.        ,
       0.        , 0.        , 0.        , 0.        , 0.        ]), array([0.48460001, 0.74690002, 0.7687    , 0.        , 0.        ,
       0.        , 0.        , 0.        , 0.        , 0.        ]), array([0.63319999, 0.75929999, 0.73710001, 0.83380002, 0.        ,
       0.        , 0.        , 0.        , 0.        , 0.        ]), array([0.48300001, 0.6476    , 0.6541    , 0.75059998, 0.57669997,
       0.        , 0.        , 0.        , 0.        , 0.        ]), array([0.3285    , 0.57230002, 0.6311    , 0.72430003, 0.54549998,
       0.7615    , 0.        , 0.        , 0.        , 0.        ]), array([0.4544    , 0.56010002, 0.59890002, 0.75279999, 0.58560002,
       0.71429998, 0.85540003, 0.        , 0.        , 0.        ]), array([0., 0., 0., 0., 0., 0., 0., 0., 0., 0.]), array([0., 0., 0., 0., 0., 0., 0., 0., 0., 0.]), array([0., 0., 0., 0., 0., 0., 0., 0., 0., 0.])]
load model:model/task/2/

Total time taken (in seconds): 14.03
[array([0.7845, 0.    , 0.    , 0.    , 0.    , 0.    , 0.    , 0.    ,
       0.    , 0.    ]), array([0.72860003, 0.77590001, 0.        , 0.        , 0.        ,
       0.        , 0.        , 0.        , 0.        , 0.        ]), array([0.48460001, 0.74690002, 0.7687    , 0.        , 0.        ,
       0.        , 0.        , 0.        , 0.        , 0.        ]), array([0.63319999, 0.75929999, 0.73710001, 0.83380002, 0.        ,
       0.        , 0.        , 0.        , 0.        , 0.        ]), array([0.48300001, 0.6476    , 0.6541    , 0.75059998, 0.57669997,
       0.        , 0.        , 0.        , 0.        , 0.        ]), array([0.3285    , 0.57230002, 0.6311    , 0.72430003, 0.54549998,
       0.7615    , 0.        , 0.        , 0.        , 0.        ]), array([0.4544    , 0.56010002, 0.59890002, 0.75279999, 0.58560002,
       0.71429998, 0.85540003, 0.        , 0.        , 0.        ]), array([0.41350001, 0.45379999, 0.48820001, 0.65780002, 0.4824    ,
       0.685     , 0.77590001, 0.85439998, 0.        , 0.        ]), array([0., 0., 0., 0., 0., 0., 0., 0., 0., 0.]), array([0., 0., 0., 0., 0., 0., 0., 0., 0., 0.])]
load model:model/task/2/

Total time taken (in seconds): 13.98
[array([0.7845, 0.    , 0.    , 0.    , 0.    , 0.    , 0.    , 0.    ,
       0.    , 0.    ]), array([0.72860003, 0.77590001, 0.        , 0.        , 0.        ,
       0.        , 0.        , 0.        , 0.        , 0.        ]), array([0.48460001, 0.74690002, 0.7687    , 0.        , 0.        ,
       0.        , 0.        , 0.        , 0.        , 0.        ]), array([0.63319999, 0.75929999, 0.73710001, 0.83380002, 0.        ,
       0.        , 0.        , 0.        , 0.        , 0.        ]), array([0.48300001, 0.6476    , 0.6541    , 0.75059998, 0.57669997,
       0.        , 0.        , 0.        , 0.        , 0.        ]), array([0.3285    , 0.57230002, 0.6311    , 0.72430003, 0.54549998,
       0.7615    , 0.        , 0.        , 0.        , 0.        ]), array([0.4544    , 0.56010002, 0.59890002, 0.75279999, 0.58560002,
       0.71429998, 0.85540003, 0.        , 0.        , 0.        ]), array([0.41350001, 0.45379999, 0.48820001, 0.65780002, 0.4824    ,
       0.685     , 0.77590001, 0.85439998, 0.        , 0.        ]), array([0.33570001, 0.25150001, 0.2419    , 0.55150002, 0.46650001,
       0.5438    , 0.58649999, 0.80119997, 0.4734    , 0.        ]), array([0., 0., 0., 0., 0., 0., 0., 0., 0., 0.])]
load model:model/task/2/

Total time taken (in seconds): 13.79
[array([0.7845, 0.    , 0.    , 0.    , 0.    , 0.    , 0.    , 0.    ,
       0.    , 0.    ]), array([0.72860003, 0.77590001, 0.        , 0.        , 0.        ,
       0.        , 0.        , 0.        , 0.        , 0.        ]), array([0.48460001, 0.74690002, 0.7687    , 0.        , 0.        ,
       0.        , 0.        , 0.        , 0.        , 0.        ]), array([0.63319999, 0.75929999, 0.73710001, 0.83380002, 0.        ,
       0.        , 0.        , 0.        , 0.        , 0.        ]), array([0.48300001, 0.6476    , 0.6541    , 0.75059998, 0.57669997,
       0.        , 0.        , 0.        , 0.        , 0.        ]), array([0.3285    , 0.57230002, 0.6311    , 0.72430003, 0.54549998,
       0.7615    , 0.        , 0.        , 0.        , 0.        ]), array([0.4544    , 0.56010002, 0.59890002, 0.75279999, 0.58560002,
       0.71429998, 0.85540003, 0.        , 0.        , 0.        ]), array([0.41350001, 0.45379999, 0.48820001, 0.65780002, 0.4824    ,
       0.685     , 0.77590001, 0.85439998, 0.        , 0.        ]), array([0.33570001, 0.25150001, 0.2419    , 0.55150002, 0.46650001,
       0.5438    , 0.58649999, 0.80119997, 0.4734    , 0.        ]), array([0.3285    , 0.27939999, 0.34419999, 0.59600002, 0.45609999,
       0.60039997, 0.7119    , 0.81309998, 0.4666    , 0.82270002])]
create new model

Total time taken (in seconds): 14.40
[0.85070002 0.         0.         0.         0.         0.
 0.         0.         0.         0.        ]
create new model

Total time taken (in seconds): 13.97
[0.85070002 0.67659998 0.         0.         0.         0.
 0.         0.         0.         0.        ]
create new model

Total time taken (in seconds): 14.44
[0.85070002 0.67659998 0.77310002 0.         0.         0.
 0.         0.         0.         0.        ]
create new model

Total time taken (in seconds): 14.17
[0.85070002 0.67659998 0.77310002 0.85540003 0.         0.
 0.         0.         0.         0.        ]
create new model

Total time taken (in seconds): 14.42
[0.85070002 0.67659998 0.77310002 0.85540003 0.84869999 0.
 0.         0.         0.         0.        ]
create new model

Total time taken (in seconds): 14.10
[0.85070002 0.67659998 0.77310002 0.85540003 0.84869999 0.75370002
 0.         0.         0.         0.        ]
create new model

Total time taken (in seconds): 14.60
[0.85070002 0.67659998 0.77310002 0.85540003 0.84869999 0.75370002
 0.7608     0.         0.         0.        ]
create new model

Total time taken (in seconds): 14.52
[0.85070002 0.67659998 0.77310002 0.85540003 0.84869999 0.75370002
 0.7608     0.77160001 0.         0.        ]
create new model

Total time taken (in seconds): 14.18
[0.85070002 0.67659998 0.77310002 0.85540003 0.84869999 0.75370002
 0.7608     0.77160001 0.8635     0.        ]
create new model

Total time taken (in seconds): 14.53
[0.85070002 0.67659998 0.77310002 0.85540003 0.84869999 0.75370002
 0.7608     0.77160001 0.8635     0.68010002]
[array([0.7845, 0.    , 0.    , 0.    , 0.    , 0.    , 0.    , 0.    ,
       0.    , 0.    ]), array([0.72860003, 0.77590001, 0.        , 0.        , 0.        ,
       0.        , 0.        , 0.        , 0.        , 0.        ]), array([0.48460001, 0.74690002, 0.7687    , 0.        , 0.        ,
       0.        , 0.        , 0.        , 0.        , 0.        ]), array([0.63319999, 0.75929999, 0.73710001, 0.83380002, 0.        ,
       0.        , 0.        , 0.        , 0.        , 0.        ]), array([0.48300001, 0.6476    , 0.6541    , 0.75059998, 0.57669997,
       0.        , 0.        , 0.        , 0.        , 0.        ]), array([0.3285    , 0.57230002, 0.6311    , 0.72430003, 0.54549998,
       0.7615    , 0.        , 0.        , 0.        , 0.        ]), array([0.4544    , 0.56010002, 0.59890002, 0.75279999, 0.58560002,
       0.71429998, 0.85540003, 0.        , 0.        , 0.        ]), array([0.41350001, 0.45379999, 0.48820001, 0.65780002, 0.4824    ,
       0.685     , 0.77590001, 0.85439998, 0.        , 0.        ]), array([0.33570001, 0.25150001, 0.2419    , 0.55150002, 0.46650001,
       0.5438    , 0.58649999, 0.80119997, 0.4734    , 0.        ]), array([0.3285    , 0.27939999, 0.34419999, 0.59600002, 0.45609999,
       0.60039997, 0.7119    , 0.81309998, 0.4666    , 0.82270002])] [0.85070002 0.67659998 0.77310002 0.85540003 0.84869999 0.75370002
 0.7608     0.77160001 0.8635     0.68010002]
acc: 0.5418899953, bwt: -0.2320111195, tbwt: -0.2842111256
cbwt 0: -0.3189444409
cbwt 1: -0.2420375012
cbwt 2: -0.2407714299
cbwt 3: -0.1616333425
cbwt 4: -0.0694799721
cbwt 5: -0.1256250143
cbwt 6: -0.1639666955
cbwt 7: -0.0472500026
cbwt 8: -0.0067999959
create new model

Total time taken (in seconds): 35.49
[array([0.97000003, 0.        , 0.        , 0.        , 0.        ,
       0.        , 0.        , 0.        , 0.        , 0.        ]), array([0., 0., 0., 0., 0., 0., 0., 0., 0., 0.]), array([0., 0., 0., 0., 0., 0., 0., 0., 0., 0.]), array([0., 0., 0., 0., 0., 0., 0., 0., 0., 0.]), array([0., 0., 0., 0., 0., 0., 0., 0., 0., 0.]), array([0., 0., 0., 0., 0., 0., 0., 0., 0., 0.]), array([0., 0., 0., 0., 0., 0., 0., 0., 0., 0.]), array([0., 0., 0., 0., 0., 0., 0., 0., 0., 0.]), array([0., 0., 0., 0., 0., 0., 0., 0., 0., 0.]), array([0., 0., 0., 0., 0., 0., 0., 0., 0., 0.])]
load model:model/task/3/

Total time taken (in seconds): 14.06
[array([0.97000003, 0.        , 0.        , 0.        , 0.        ,
       0.        , 0.        , 0.        , 0.        , 0.        ]), array([0.8154, 0.9569, 0.    , 0.    , 0.    , 0.    , 0.    , 0.    ,
       0.    , 0.    ]), array([0., 0., 0., 0., 0., 0., 0., 0., 0., 0.]), array([0., 0., 0., 0., 0., 0., 0., 0., 0., 0.]), array([0., 0., 0., 0., 0., 0., 0., 0., 0., 0.]), array([0., 0., 0., 0., 0., 0., 0., 0., 0., 0.]), array([0., 0., 0., 0., 0., 0., 0., 0., 0., 0.]), array([0., 0., 0., 0., 0., 0., 0., 0., 0., 0.]), array([0., 0., 0., 0., 0., 0., 0., 0., 0., 0.]), array([0., 0., 0., 0., 0., 0., 0., 0., 0., 0.])]
load model:model/task/3/

Total time taken (in seconds): 13.85
[array([0.97000003, 0.        , 0.        , 0.        , 0.        ,
       0.        , 0.        , 0.        , 0.        , 0.        ]), array([0.8154, 0.9569, 0.    , 0.    , 0.    , 0.    , 0.    , 0.    ,
       0.    , 0.    ]), array([0.52880001, 0.80489999, 0.87639999, 0.        , 0.        ,
       0.        , 0.        , 0.        , 0.        , 0.        ]), array([0., 0., 0., 0., 0., 0., 0., 0., 0., 0.]), array([0., 0., 0., 0., 0., 0., 0., 0., 0., 0.]), array([0., 0., 0., 0., 0., 0., 0., 0., 0., 0.]), array([0., 0., 0., 0., 0., 0., 0., 0., 0., 0.]), array([0., 0., 0., 0., 0., 0., 0., 0., 0., 0.]), array([0., 0., 0., 0., 0., 0., 0., 0., 0., 0.]), array([0., 0., 0., 0., 0., 0., 0., 0., 0., 0.])]
load model:model/task/3/

Total time taken (in seconds): 14.33
[array([0.97000003, 0.        , 0.        , 0.        , 0.        ,
       0.        , 0.        , 0.        , 0.        , 0.        ]), array([0.8154, 0.9569, 0.    , 0.    , 0.    , 0.    , 0.    , 0.    ,
       0.    , 0.    ]), array([0.52880001, 0.80489999, 0.87639999, 0.        , 0.        ,
       0.        , 0.        , 0.        , 0.        , 0.        ]), array([0.4874    , 0.67699999, 0.67500001, 0.95810002, 0.        ,
       0.        , 0.        , 0.        , 0.        , 0.        ]), array([0., 0., 0., 0., 0., 0., 0., 0., 0., 0.]), array([0., 0., 0., 0., 0., 0., 0., 0., 0., 0.]), array([0., 0., 0., 0., 0., 0., 0., 0., 0., 0.]), array([0., 0., 0., 0., 0., 0., 0., 0., 0., 0.]), array([0., 0., 0., 0., 0., 0., 0., 0., 0., 0.]), array([0., 0., 0., 0., 0., 0., 0., 0., 0., 0.])]
load model:model/task/3/

Total time taken (in seconds): 14.03
[array([0.97000003, 0.        , 0.        , 0.        , 0.        ,
       0.        , 0.        , 0.        , 0.        , 0.        ]), array([0.8154, 0.9569, 0.    , 0.    , 0.    , 0.    , 0.    , 0.    ,
       0.    , 0.    ]), array([0.52880001, 0.80489999, 0.87639999, 0.        , 0.        ,
       0.        , 0.        , 0.        , 0.        , 0.        ]), array([0.4874    , 0.67699999, 0.67500001, 0.95810002, 0.        ,
       0.        , 0.        , 0.        , 0.        , 0.        ]), array([0.5007    , 0.72960001, 0.62830001, 0.87260002, 0.96210003,
       0.        , 0.        , 0.        , 0.        , 0.        ]), array([0., 0., 0., 0., 0., 0., 0., 0., 0., 0.]), array([0., 0., 0., 0., 0., 0., 0., 0., 0., 0.]), array([0., 0., 0., 0., 0., 0., 0., 0., 0., 0.]), array([0., 0., 0., 0., 0., 0., 0., 0., 0., 0.]), array([0., 0., 0., 0., 0., 0., 0., 0., 0., 0.])]
load model:model/task/3/

Total time taken (in seconds): 14.04
[array([0.97000003, 0.        , 0.        , 0.        , 0.        ,
       0.        , 0.        , 0.        , 0.        , 0.        ]), array([0.8154, 0.9569, 0.    , 0.    , 0.    , 0.    , 0.    , 0.    ,
       0.    , 0.    ]), array([0.52880001, 0.80489999, 0.87639999, 0.        , 0.        ,
       0.        , 0.        , 0.        , 0.        , 0.        ]), array([0.4874    , 0.67699999, 0.67500001, 0.95810002, 0.        ,
       0.        , 0.        , 0.        , 0.        , 0.        ]), array([0.5007    , 0.72960001, 0.62830001, 0.87260002, 0.96210003,
       0.        , 0.        , 0.        , 0.        , 0.        ]), array([0.35479999, 0.67839998, 0.55010003, 0.83530003, 0.89050001,
       0.95829999, 0.        , 0.        , 0.        , 0.        ]), array([0., 0., 0., 0., 0., 0., 0., 0., 0., 0.]), array([0., 0., 0., 0., 0., 0., 0., 0., 0., 0.]), array([0., 0., 0., 0., 0., 0., 0., 0., 0., 0.]), array([0., 0., 0., 0., 0., 0., 0., 0., 0., 0.])]
load model:model/task/3/

Total time taken (in seconds): 13.98
[array([0.97000003, 0.        , 0.        , 0.        , 0.        ,
       0.        , 0.        , 0.        , 0.        , 0.        ]), array([0.8154, 0.9569, 0.    , 0.    , 0.    , 0.    , 0.    , 0.    ,
       0.    , 0.    ]), array([0.52880001, 0.80489999, 0.87639999, 0.        , 0.        ,
       0.        , 0.        , 0.        , 0.        , 0.        ]), array([0.4874    , 0.67699999, 0.67500001, 0.95810002, 0.        ,
       0.        , 0.        , 0.        , 0.        , 0.        ]), array([0.5007    , 0.72960001, 0.62830001, 0.87260002, 0.96210003,
       0.        , 0.        , 0.        , 0.        , 0.        ]), array([0.35479999, 0.67839998, 0.55010003, 0.83530003, 0.89050001,
       0.95829999, 0.        , 0.        , 0.        , 0.        ]), array([0.36770001, 0.5226    , 0.4955    , 0.6649    , 0.76740003,
       0.92079997, 0.95850003, 0.        , 0.        , 0.        ]), array([0., 0., 0., 0., 0., 0., 0., 0., 0., 0.]), array([0., 0., 0., 0., 0., 0., 0., 0., 0., 0.]), array([0., 0., 0., 0., 0., 0., 0., 0., 0., 0.])]
load model:model/task/3/

Total time taken (in seconds): 14.02
[array([0.97000003, 0.        , 0.        , 0.        , 0.        ,
       0.        , 0.        , 0.        , 0.        , 0.        ]), array([0.8154, 0.9569, 0.    , 0.    , 0.    , 0.    , 0.    , 0.    ,
       0.    , 0.    ]), array([0.52880001, 0.80489999, 0.87639999, 0.        , 0.        ,
       0.        , 0.        , 0.        , 0.        , 0.        ]), array([0.4874    , 0.67699999, 0.67500001, 0.95810002, 0.        ,
       0.        , 0.        , 0.        , 0.        , 0.        ]), array([0.5007    , 0.72960001, 0.62830001, 0.87260002, 0.96210003,
       0.        , 0.        , 0.        , 0.        , 0.        ]), array([0.35479999, 0.67839998, 0.55010003, 0.83530003, 0.89050001,
       0.95829999, 0.        , 0.        , 0.        , 0.        ]), array([0.36770001, 0.5226    , 0.4955    , 0.6649    , 0.76740003,
       0.92079997, 0.95850003, 0.        , 0.        , 0.        ]), array([0.3371    , 0.3423    , 0.41229999, 0.54040003, 0.70490003,
       0.78070003, 0.88730001, 0.95850003, 0.        , 0.        ]), array([0., 0., 0., 0., 0., 0., 0., 0., 0., 0.]), array([0., 0., 0., 0., 0., 0., 0., 0., 0., 0.])]
load model:model/task/3/

Total time taken (in seconds): 14.05
[array([0.97000003, 0.        , 0.        , 0.        , 0.        ,
       0.        , 0.        , 0.        , 0.        , 0.        ]), array([0.8154, 0.9569, 0.    , 0.    , 0.    , 0.    , 0.    , 0.    ,
       0.    , 0.    ]), array([0.52880001, 0.80489999, 0.87639999, 0.        , 0.        ,
       0.        , 0.        , 0.        , 0.        , 0.        ]), array([0.4874    , 0.67699999, 0.67500001, 0.95810002, 0.        ,
       0.        , 0.        , 0.        , 0.        , 0.        ]), array([0.5007    , 0.72960001, 0.62830001, 0.87260002, 0.96210003,
       0.        , 0.        , 0.        , 0.        , 0.        ]), array([0.35479999, 0.67839998, 0.55010003, 0.83530003, 0.89050001,
       0.95829999, 0.        , 0.        , 0.        , 0.        ]), array([0.36770001, 0.5226    , 0.4955    , 0.6649    , 0.76740003,
       0.92079997, 0.95850003, 0.        , 0.        , 0.        ]), array([0.3371    , 0.3423    , 0.41229999, 0.54040003, 0.70490003,
       0.78070003, 0.88730001, 0.95850003, 0.        , 0.        ]), array([0.37920001, 0.36300001, 0.2825    , 0.52950001, 0.60290003,
       0.76340002, 0.78969997, 0.87349999, 0.95859998, 0.        ]), array([0., 0., 0., 0., 0., 0., 0., 0., 0., 0.])]
load model:model/task/3/

Total time taken (in seconds): 14.00
[array([0.97000003, 0.        , 0.        , 0.        , 0.        ,
       0.        , 0.        , 0.        , 0.        , 0.        ]), array([0.8154, 0.9569, 0.    , 0.    , 0.    , 0.    , 0.    , 0.    ,
       0.    , 0.    ]), array([0.52880001, 0.80489999, 0.87639999, 0.        , 0.        ,
       0.        , 0.        , 0.        , 0.        , 0.        ]), array([0.4874    , 0.67699999, 0.67500001, 0.95810002, 0.        ,
       0.        , 0.        , 0.        , 0.        , 0.        ]), array([0.5007    , 0.72960001, 0.62830001, 0.87260002, 0.96210003,
       0.        , 0.        , 0.        , 0.        , 0.        ]), array([0.35479999, 0.67839998, 0.55010003, 0.83530003, 0.89050001,
       0.95829999, 0.        , 0.        , 0.        , 0.        ]), array([0.36770001, 0.5226    , 0.4955    , 0.6649    , 0.76740003,
       0.92079997, 0.95850003, 0.        , 0.        , 0.        ]), array([0.3371    , 0.3423    , 0.41229999, 0.54040003, 0.70490003,
       0.78070003, 0.88730001, 0.95850003, 0.        , 0.        ]), array([0.37920001, 0.36300001, 0.2825    , 0.52950001, 0.60290003,
       0.76340002, 0.78969997, 0.87349999, 0.95859998, 0.        ]), array([0.3436    , 0.28389999, 0.34540001, 0.4276    , 0.40529999,
       0.69419998, 0.66439998, 0.6983    , 0.91649997, 0.95670003])]
create new model

Total time taken (in seconds): 14.53
[0.9436 0.     0.     0.     0.     0.     0.     0.     0.     0.    ]
create new model

Total time taken (in seconds): 14.38
[0.9436     0.94489998 0.         0.         0.         0.
 0.         0.         0.         0.        ]
create new model

Total time taken (in seconds): 14.48
[0.9436     0.94489998 0.94859999 0.         0.         0.
 0.         0.         0.         0.        ]
create new model

Total time taken (in seconds): 14.48
[0.9436     0.94489998 0.94859999 0.94550002 0.         0.
 0.         0.         0.         0.        ]
create new model

Total time taken (in seconds): 14.54
[0.9436     0.94489998 0.94859999 0.94550002 0.94419998 0.
 0.         0.         0.         0.        ]
create new model

Total time taken (in seconds): 14.36
[0.9436     0.94489998 0.94859999 0.94550002 0.94419998 0.94630003
 0.         0.         0.         0.        ]
create new model

Total time taken (in seconds): 14.01
[0.9436     0.94489998 0.94859999 0.94550002 0.94419998 0.94630003
 0.94749999 0.         0.         0.        ]
create new model

Total time taken (in seconds): 14.40
[0.9436     0.94489998 0.94859999 0.94550002 0.94419998 0.94630003
 0.94749999 0.94929999 0.         0.        ]
create new model

Total time taken (in seconds): 14.21
[0.9436     0.94489998 0.94859999 0.94550002 0.94419998 0.94630003
 0.94749999 0.94929999 0.94370002 0.        ]
create new model

Total time taken (in seconds): 14.48
[0.9436     0.94489998 0.94859999 0.94550002 0.94419998 0.94630003
 0.94749999 0.94929999 0.94370002 0.94550002]
[array([0.97000003, 0.        , 0.        , 0.        , 0.        ,
       0.        , 0.        , 0.        , 0.        , 0.        ]), array([0.8154, 0.9569, 0.    , 0.    , 0.    , 0.    , 0.    , 0.    ,
       0.    , 0.    ]), array([0.52880001, 0.80489999, 0.87639999, 0.        , 0.        ,
       0.        , 0.        , 0.        , 0.        , 0.        ]), array([0.4874    , 0.67699999, 0.67500001, 0.95810002, 0.        ,
       0.        , 0.        , 0.        , 0.        , 0.        ]), array([0.5007    , 0.72960001, 0.62830001, 0.87260002, 0.96210003,
       0.        , 0.        , 0.        , 0.        , 0.        ]), array([0.35479999, 0.67839998, 0.55010003, 0.83530003, 0.89050001,
       0.95829999, 0.        , 0.        , 0.        , 0.        ]), array([0.36770001, 0.5226    , 0.4955    , 0.6649    , 0.76740003,
       0.92079997, 0.95850003, 0.        , 0.        , 0.        ]), array([0.3371    , 0.3423    , 0.41229999, 0.54040003, 0.70490003,
       0.78070003, 0.88730001, 0.95850003, 0.        , 0.        ]), array([0.37920001, 0.36300001, 0.2825    , 0.52950001, 0.60290003,
       0.76340002, 0.78969997, 0.87349999, 0.95859998, 0.        ]), array([0.3436    , 0.28389999, 0.34540001, 0.4276    , 0.40529999,
       0.69419998, 0.66439998, 0.6983    , 0.91649997, 0.95670003])] [0.9436     0.94489998 0.94859999 0.94550002 0.94419998 0.94630003
 0.94749999 0.94929999 0.94370002 0.94550002]
acc: 0.5735899955, bwt: -0.4198000199, tbwt: -0.4149333404
cbwt 0: -0.5128111376
cbwt 1: -0.4066875055
cbwt 2: -0.3922428446
cbwt 3: -0.3130500068
cbwt 4: -0.2879000127
cbwt 5: -0.1685249954
cbwt 6: -0.1780333718
cbwt 7: -0.1726000309
cbwt 8: -0.0421000123
create new model

Total time taken (in seconds): 34.20
[array([0.96109998, 0.        , 0.        , 0.        , 0.        ,
       0.        , 0.        , 0.        , 0.        , 0.        ]), array([0., 0., 0., 0., 0., 0., 0., 0., 0., 0.]), array([0., 0., 0., 0., 0., 0., 0., 0., 0., 0.]), array([0., 0., 0., 0., 0., 0., 0., 0., 0., 0.]), array([0., 0., 0., 0., 0., 0., 0., 0., 0., 0.]), array([0., 0., 0., 0., 0., 0., 0., 0., 0., 0.]), array([0., 0., 0., 0., 0., 0., 0., 0., 0., 0.]), array([0., 0., 0., 0., 0., 0., 0., 0., 0., 0.]), array([0., 0., 0., 0., 0., 0., 0., 0., 0., 0.]), array([0., 0., 0., 0., 0., 0., 0., 0., 0., 0.])]
load model:model/task/4/

Total time taken (in seconds): 14.03
[array([0.96109998, 0.        , 0.        , 0.        , 0.        ,
       0.        , 0.        , 0.        , 0.        , 0.        ]), array([0.80900002, 0.9508    , 0.        , 0.        , 0.        ,
       0.        , 0.        , 0.        , 0.        , 0.        ]), array([0., 0., 0., 0., 0., 0., 0., 0., 0., 0.]), array([0., 0., 0., 0., 0., 0., 0., 0., 0., 0.]), array([0., 0., 0., 0., 0., 0., 0., 0., 0., 0.]), array([0., 0., 0., 0., 0., 0., 0., 0., 0., 0.]), array([0., 0., 0., 0., 0., 0., 0., 0., 0., 0.]), array([0., 0., 0., 0., 0., 0., 0., 0., 0., 0.]), array([0., 0., 0., 0., 0., 0., 0., 0., 0., 0.]), array([0., 0., 0., 0., 0., 0., 0., 0., 0., 0.])]
load model:model/task/4/

Total time taken (in seconds): 14.32
[array([0.96109998, 0.        , 0.        , 0.        , 0.        ,
       0.        , 0.        , 0.        , 0.        , 0.        ]), array([0.80900002, 0.9508    , 0.        , 0.        , 0.        ,
       0.        , 0.        , 0.        , 0.        , 0.        ]), array([0.58459997, 0.90140003, 0.95179999, 0.        , 0.        ,
       0.        , 0.        , 0.        , 0.        , 0.        ]), array([0., 0., 0., 0., 0., 0., 0., 0., 0., 0.]), array([0., 0., 0., 0., 0., 0., 0., 0., 0., 0.]), array([0., 0., 0., 0., 0., 0., 0., 0., 0., 0.]), array([0., 0., 0., 0., 0., 0., 0., 0., 0., 0.]), array([0., 0., 0., 0., 0., 0., 0., 0., 0., 0.]), array([0., 0., 0., 0., 0., 0., 0., 0., 0., 0.]), array([0., 0., 0., 0., 0., 0., 0., 0., 0., 0.])]
load model:model/task/4/

Total time taken (in seconds): 14.26
[array([0.96109998, 0.        , 0.        , 0.        , 0.        ,
       0.        , 0.        , 0.        , 0.        , 0.        ]), array([0.80900002, 0.9508    , 0.        , 0.        , 0.        ,
       0.        , 0.        , 0.        , 0.        , 0.        ]), array([0.58459997, 0.90140003, 0.95179999, 0.        , 0.        ,
       0.        , 0.        , 0.        , 0.        , 0.        ]), array([0.63029999, 0.8229    , 0.89630002, 0.9562    , 0.        ,
       0.        , 0.        , 0.        , 0.        , 0.        ]), array([0., 0., 0., 0., 0., 0., 0., 0., 0., 0.]), array([0., 0., 0., 0., 0., 0., 0., 0., 0., 0.]), array([0., 0., 0., 0., 0., 0., 0., 0., 0., 0.]), array([0., 0., 0., 0., 0., 0., 0., 0., 0., 0.]), array([0., 0., 0., 0., 0., 0., 0., 0., 0., 0.]), array([0., 0., 0., 0., 0., 0., 0., 0., 0., 0.])]
load model:model/task/4/

Total time taken (in seconds): 14.07
[array([0.96109998, 0.        , 0.        , 0.        , 0.        ,
       0.        , 0.        , 0.        , 0.        , 0.        ]), array([0.80900002, 0.9508    , 0.        , 0.        , 0.        ,
       0.        , 0.        , 0.        , 0.        , 0.        ]), array([0.58459997, 0.90140003, 0.95179999, 0.        , 0.        ,
       0.        , 0.        , 0.        , 0.        , 0.        ]), array([0.63029999, 0.8229    , 0.89630002, 0.9562    , 0.        ,
       0.        , 0.        , 0.        , 0.        , 0.        ]), array([0.54390001, 0.70719999, 0.8276    , 0.90009999, 0.95450002,
       0.        , 0.        , 0.        , 0.        , 0.        ]), array([0., 0., 0., 0., 0., 0., 0., 0., 0., 0.]), array([0., 0., 0., 0., 0., 0., 0., 0., 0., 0.]), array([0., 0., 0., 0., 0., 0., 0., 0., 0., 0.]), array([0., 0., 0., 0., 0., 0., 0., 0., 0., 0.]), array([0., 0., 0., 0., 0., 0., 0., 0., 0., 0.])]
load model:model/task/4/

Total time taken (in seconds): 14.13
[array([0.96109998, 0.        , 0.        , 0.        , 0.        ,
       0.        , 0.        , 0.        , 0.        , 0.        ]), array([0.80900002, 0.9508    , 0.        , 0.        , 0.        ,
       0.        , 0.        , 0.        , 0.        , 0.        ]), array([0.58459997, 0.90140003, 0.95179999, 0.        , 0.        ,
       0.        , 0.        , 0.        , 0.        , 0.        ]), array([0.63029999, 0.8229    , 0.89630002, 0.9562    , 0.        ,
       0.        , 0.        , 0.        , 0.        , 0.        ]), array([0.54390001, 0.70719999, 0.8276    , 0.90009999, 0.95450002,
       0.        , 0.        , 0.        , 0.        , 0.        ]), array([0.49380001, 0.65179998, 0.71600002, 0.83670002, 0.92009997,
       0.95370001, 0.        , 0.        , 0.        , 0.        ]), array([0., 0., 0., 0., 0., 0., 0., 0., 0., 0.]), array([0., 0., 0., 0., 0., 0., 0., 0., 0., 0.]), array([0., 0., 0., 0., 0., 0., 0., 0., 0., 0.]), array([0., 0., 0., 0., 0., 0., 0., 0., 0., 0.])]
load model:model/task/4/

Total time taken (in seconds): 14.05
[array([0.96109998, 0.        , 0.        , 0.        , 0.        ,
       0.        , 0.        , 0.        , 0.        , 0.        ]), array([0.80900002, 0.9508    , 0.        , 0.        , 0.        ,
       0.        , 0.        , 0.        , 0.        , 0.        ]), array([0.58459997, 0.90140003, 0.95179999, 0.        , 0.        ,
       0.        , 0.        , 0.        , 0.        , 0.        ]), array([0.63029999, 0.8229    , 0.89630002, 0.9562    , 0.        ,
       0.        , 0.        , 0.        , 0.        , 0.        ]), array([0.54390001, 0.70719999, 0.8276    , 0.90009999, 0.95450002,
       0.        , 0.        , 0.        , 0.        , 0.        ]), array([0.49380001, 0.65179998, 0.71600002, 0.83670002, 0.92009997,
       0.95370001, 0.        , 0.        , 0.        , 0.        ]), array([0.3628    , 0.53789997, 0.61059999, 0.61979997, 0.85970002,
       0.92129999, 0.95709997, 0.        , 0.        , 0.        ]), array([0., 0., 0., 0., 0., 0., 0., 0., 0., 0.]), array([0., 0., 0., 0., 0., 0., 0., 0., 0., 0.]), array([0., 0., 0., 0., 0., 0., 0., 0., 0., 0.])]
load model:model/task/4/

Total time taken (in seconds): 13.93
[array([0.96109998, 0.        , 0.        , 0.        , 0.        ,
       0.        , 0.        , 0.        , 0.        , 0.        ]), array([0.80900002, 0.9508    , 0.        , 0.        , 0.        ,
       0.        , 0.        , 0.        , 0.        , 0.        ]), array([0.58459997, 0.90140003, 0.95179999, 0.        , 0.        ,
       0.        , 0.        , 0.        , 0.        , 0.        ]), array([0.63029999, 0.8229    , 0.89630002, 0.9562    , 0.        ,
       0.        , 0.        , 0.        , 0.        , 0.        ]), array([0.54390001, 0.70719999, 0.8276    , 0.90009999, 0.95450002,
       0.        , 0.        , 0.        , 0.        , 0.        ]), array([0.49380001, 0.65179998, 0.71600002, 0.83670002, 0.92009997,
       0.95370001, 0.        , 0.        , 0.        , 0.        ]), array([0.3628    , 0.53789997, 0.61059999, 0.61979997, 0.85970002,
       0.92129999, 0.95709997, 0.        , 0.        , 0.        ]), array([0.25209999, 0.4075    , 0.4612    , 0.54790002, 0.68910003,
       0.86949998, 0.89920002, 0.9522    , 0.        , 0.        ]), array([0., 0., 0., 0., 0., 0., 0., 0., 0., 0.]), array([0., 0., 0., 0., 0., 0., 0., 0., 0., 0.])]
load model:model/task/4/

Total time taken (in seconds): 14.08
[array([0.96109998, 0.        , 0.        , 0.        , 0.        ,
       0.        , 0.        , 0.        , 0.        , 0.        ]), array([0.80900002, 0.9508    , 0.        , 0.        , 0.        ,
       0.        , 0.        , 0.        , 0.        , 0.        ]), array([0.58459997, 0.90140003, 0.95179999, 0.        , 0.        ,
       0.        , 0.        , 0.        , 0.        , 0.        ]), array([0.63029999, 0.8229    , 0.89630002, 0.9562    , 0.        ,
       0.        , 0.        , 0.        , 0.        , 0.        ]), array([0.54390001, 0.70719999, 0.8276    , 0.90009999, 0.95450002,
       0.        , 0.        , 0.        , 0.        , 0.        ]), array([0.49380001, 0.65179998, 0.71600002, 0.83670002, 0.92009997,
       0.95370001, 0.        , 0.        , 0.        , 0.        ]), array([0.3628    , 0.53789997, 0.61059999, 0.61979997, 0.85970002,
       0.92129999, 0.95709997, 0.        , 0.        , 0.        ]), array([0.25209999, 0.4075    , 0.4612    , 0.54790002, 0.68910003,
       0.86949998, 0.89920002, 0.9522    , 0.        , 0.        ]), array([0.2438    , 0.41949999, 0.3804    , 0.54070002, 0.57050002,
       0.78240001, 0.80900002, 0.87480003, 0.95289999, 0.        ]), array([0., 0., 0., 0., 0., 0., 0., 0., 0., 0.])]
load model:model/task/4/

Total time taken (in seconds): 14.06
[array([0.96109998, 0.        , 0.        , 0.        , 0.        ,
       0.        , 0.        , 0.        , 0.        , 0.        ]), array([0.80900002, 0.9508    , 0.        , 0.        , 0.        ,
       0.        , 0.        , 0.        , 0.        , 0.        ]), array([0.58459997, 0.90140003, 0.95179999, 0.        , 0.        ,
       0.        , 0.        , 0.        , 0.        , 0.        ]), array([0.63029999, 0.8229    , 0.89630002, 0.9562    , 0.        ,
       0.        , 0.        , 0.        , 0.        , 0.        ]), array([0.54390001, 0.70719999, 0.8276    , 0.90009999, 0.95450002,
       0.        , 0.        , 0.        , 0.        , 0.        ]), array([0.49380001, 0.65179998, 0.71600002, 0.83670002, 0.92009997,
       0.95370001, 0.        , 0.        , 0.        , 0.        ]), array([0.3628    , 0.53789997, 0.61059999, 0.61979997, 0.85970002,
       0.92129999, 0.95709997, 0.        , 0.        , 0.        ]), array([0.25209999, 0.4075    , 0.4612    , 0.54790002, 0.68910003,
       0.86949998, 0.89920002, 0.9522    , 0.        , 0.        ]), array([0.2438    , 0.41949999, 0.3804    , 0.54070002, 0.57050002,
       0.78240001, 0.80900002, 0.87480003, 0.95289999, 0.        ]), array([0.1978    , 0.35319999, 0.3671    , 0.48199999, 0.4474    ,
       0.60799998, 0.76380002, 0.79970002, 0.92510003, 0.95660001])]
create new model

Total time taken (in seconds): 14.59
[0.93709999 0.         0.         0.         0.         0.
 0.         0.         0.         0.        ]
create new model

Total time taken (in seconds): 14.57
[0.93709999 0.93940002 0.         0.         0.         0.
 0.         0.         0.         0.        ]
create new model

Total time taken (in seconds): 16.03
[0.93709999 0.93940002 0.93720001 0.         0.         0.
 0.         0.         0.         0.        ]
create new model

Total time taken (in seconds): 14.47
[0.93709999 0.93940002 0.93720001 0.93809998 0.         0.
 0.         0.         0.         0.        ]
create new model

Total time taken (in seconds): 14.22
[0.93709999 0.93940002 0.93720001 0.93809998 0.93720001 0.
 0.         0.         0.         0.        ]
create new model

Total time taken (in seconds): 13.99
[0.93709999 0.93940002 0.93720001 0.93809998 0.93720001 0.9404
 0.         0.         0.         0.        ]
create new model

Total time taken (in seconds): 14.62
[0.93709999 0.93940002 0.93720001 0.93809998 0.93720001 0.9404
 0.93580002 0.         0.         0.        ]
create new model

Total time taken (in seconds): 14.16
[0.93709999 0.93940002 0.93720001 0.93809998 0.93720001 0.9404
 0.93580002 0.9386     0.         0.        ]
create new model

Total time taken (in seconds): 14.62
[0.93709999 0.93940002 0.93720001 0.93809998 0.93720001 0.9404
 0.93580002 0.9386     0.93629998 0.        ]
create new model

Total time taken (in seconds): 14.07
[0.93709999 0.93940002 0.93720001 0.93809998 0.93720001 0.9404
 0.93580002 0.9386     0.93629998 0.93900001]
[array([0.96109998, 0.        , 0.        , 0.        , 0.        ,
       0.        , 0.        , 0.        , 0.        , 0.        ]), array([0.80900002, 0.9508    , 0.        , 0.        , 0.        ,
       0.        , 0.        , 0.        , 0.        , 0.        ]), array([0.58459997, 0.90140003, 0.95179999, 0.        , 0.        ,
       0.        , 0.        , 0.        , 0.        , 0.        ]), array([0.63029999, 0.8229    , 0.89630002, 0.9562    , 0.        ,
       0.        , 0.        , 0.        , 0.        , 0.        ]), array([0.54390001, 0.70719999, 0.8276    , 0.90009999, 0.95450002,
       0.        , 0.        , 0.        , 0.        , 0.        ]), array([0.49380001, 0.65179998, 0.71600002, 0.83670002, 0.92009997,
       0.95370001, 0.        , 0.        , 0.        , 0.        ]), array([0.3628    , 0.53789997, 0.61059999, 0.61979997, 0.85970002,
       0.92129999, 0.95709997, 0.        , 0.        , 0.        ]), array([0.25209999, 0.4075    , 0.4612    , 0.54790002, 0.68910003,
       0.86949998, 0.89920002, 0.9522    , 0.        , 0.        ]), array([0.2438    , 0.41949999, 0.3804    , 0.54070002, 0.57050002,
       0.78240001, 0.80900002, 0.87480003, 0.95289999, 0.        ]), array([0.1978    , 0.35319999, 0.3671    , 0.48199999, 0.4474    ,
       0.60799998, 0.76380002, 0.79970002, 0.92510003, 0.95660001])] [0.93709999 0.93940002 0.93720001 0.93809998 0.93720001 0.9404
 0.93580002 0.9386     0.93629998 0.93900001]
acc: 0.5900700048, bwt: -0.4051333252, tbwt: -0.3884444419
cbwt 0: -0.5035333170
cbwt 1: -0.3506250083
cbwt 2: -0.3433428407
cbwt 3: -0.3016666671
cbwt 4: -0.2571400106
cbwt 5: -0.1584000140
cbwt 6: -0.1330999533
cbwt 7: -0.1149499714
cbwt 8: -0.0277999640

--------

create new model

Total time taken (in seconds): 35.89
[array([0.94849998, 0.        , 0.        , 0.        , 0.        ,
       0.        , 0.        , 0.        , 0.        , 0.        ]), array([0., 0., 0., 0., 0., 0., 0., 0., 0., 0.]), array([0., 0., 0., 0., 0., 0., 0., 0., 0., 0.]), array([0., 0., 0., 0., 0., 0., 0., 0., 0., 0.]), array([0., 0., 0., 0., 0., 0., 0., 0., 0., 0.]), array([0., 0., 0., 0., 0., 0., 0., 0., 0., 0.]), array([0., 0., 0., 0., 0., 0., 0., 0., 0., 0.]), array([0., 0., 0., 0., 0., 0., 0., 0., 0., 0.]), array([0., 0., 0., 0., 0., 0., 0., 0., 0., 0.]), array([0., 0., 0., 0., 0., 0., 0., 0., 0., 0.])]
load model:model/test_task/2/

Total time taken (in seconds): 14.04
[array([0.94849998, 0.        , 0.        , 0.        , 0.        ,
       0.        , 0.        , 0.        , 0.        , 0.        ]), array([0.90499997, 0.94019997, 0.        , 0.        , 0.        ,
       0.        , 0.        , 0.        , 0.        , 0.        ]), array([0., 0., 0., 0., 0., 0., 0., 0., 0., 0.]), array([0., 0., 0., 0., 0., 0., 0., 0., 0., 0.]), array([0., 0., 0., 0., 0., 0., 0., 0., 0., 0.]), array([0., 0., 0., 0., 0., 0., 0., 0., 0., 0.]), array([0., 0., 0., 0., 0., 0., 0., 0., 0., 0.]), array([0., 0., 0., 0., 0., 0., 0., 0., 0., 0.]), array([0., 0., 0., 0., 0., 0., 0., 0., 0., 0.]), array([0., 0., 0., 0., 0., 0., 0., 0., 0., 0.])]
load model:model/test_task/2/

Total time taken (in seconds): 14.13
[array([0.94849998, 0.        , 0.        , 0.        , 0.        ,
       0.        , 0.        , 0.        , 0.        , 0.        ]), array([0.90499997, 0.94019997, 0.        , 0.        , 0.        ,
       0.        , 0.        , 0.        , 0.        , 0.        ]), array([0.80900002, 0.89249998, 0.93110001, 0.        , 0.        ,
       0.        , 0.        , 0.        , 0.        , 0.        ]), array([0., 0., 0., 0., 0., 0., 0., 0., 0., 0.]), array([0., 0., 0., 0., 0., 0., 0., 0., 0., 0.]), array([0., 0., 0., 0., 0., 0., 0., 0., 0., 0.]), array([0., 0., 0., 0., 0., 0., 0., 0., 0., 0.]), array([0., 0., 0., 0., 0., 0., 0., 0., 0., 0.]), array([0., 0., 0., 0., 0., 0., 0., 0., 0., 0.]), array([0., 0., 0., 0., 0., 0., 0., 0., 0., 0.])]
load model:model/test_task/2/

Total time taken (in seconds): 14.04
[array([0.94849998, 0.        , 0.        , 0.        , 0.        ,
       0.        , 0.        , 0.        , 0.        , 0.        ]), array([0.90499997, 0.94019997, 0.        , 0.        , 0.        ,
       0.        , 0.        , 0.        , 0.        , 0.        ]), array([0.80900002, 0.89249998, 0.93110001, 0.        , 0.        ,
       0.        , 0.        , 0.        , 0.        , 0.        ]), array([0.75599998, 0.85119998, 0.8865    , 0.93279999, 0.        ,
       0.        , 0.        , 0.        , 0.        , 0.        ]), array([0., 0., 0., 0., 0., 0., 0., 0., 0., 0.]), array([0., 0., 0., 0., 0., 0., 0., 0., 0., 0.]), array([0., 0., 0., 0., 0., 0., 0., 0., 0., 0.]), array([0., 0., 0., 0., 0., 0., 0., 0., 0., 0.]), array([0., 0., 0., 0., 0., 0., 0., 0., 0., 0.]), array([0., 0., 0., 0., 0., 0., 0., 0., 0., 0.])]
load model:model/test_task/2/

Total time taken (in seconds): 13.96
[array([0.94849998, 0.        , 0.        , 0.        , 0.        ,
       0.        , 0.        , 0.        , 0.        , 0.        ]), array([0.90499997, 0.94019997, 0.        , 0.        , 0.        ,
       0.        , 0.        , 0.        , 0.        , 0.        ]), array([0.80900002, 0.89249998, 0.93110001, 0.        , 0.        ,
       0.        , 0.        , 0.        , 0.        , 0.        ]), array([0.75599998, 0.85119998, 0.8865    , 0.93279999, 0.        ,
       0.        , 0.        , 0.        , 0.        , 0.        ]), array([0.66039997, 0.84189999, 0.86799997, 0.88389999, 0.92540002,
       0.        , 0.        , 0.        , 0.        , 0.        ]), array([0., 0., 0., 0., 0., 0., 0., 0., 0., 0.]), array([0., 0., 0., 0., 0., 0., 0., 0., 0., 0.]), array([0., 0., 0., 0., 0., 0., 0., 0., 0., 0.]), array([0., 0., 0., 0., 0., 0., 0., 0., 0., 0.]), array([0., 0., 0., 0., 0., 0., 0., 0., 0., 0.])]
load model:model/test_task/2/

Total time taken (in seconds): 14.06
[array([0.94849998, 0.        , 0.        , 0.        , 0.        ,
       0.        , 0.        , 0.        , 0.        , 0.        ]), array([0.90499997, 0.94019997, 0.        , 0.        , 0.        ,
       0.        , 0.        , 0.        , 0.        , 0.        ]), array([0.80900002, 0.89249998, 0.93110001, 0.        , 0.        ,
       0.        , 0.        , 0.        , 0.        , 0.        ]), array([0.75599998, 0.85119998, 0.8865    , 0.93279999, 0.        ,
       0.        , 0.        , 0.        , 0.        , 0.        ]), array([0.66039997, 0.84189999, 0.86799997, 0.88389999, 0.92540002,
       0.        , 0.        , 0.        , 0.        , 0.        ]), array([0.53469998, 0.7823    , 0.83490002, 0.86059999, 0.8858    ,
       0.93910003, 0.        , 0.        , 0.        , 0.        ]), array([0., 0., 0., 0., 0., 0., 0., 0., 0., 0.]), array([0., 0., 0., 0., 0., 0., 0., 0., 0., 0.]), array([0., 0., 0., 0., 0., 0., 0., 0., 0., 0.]), array([0., 0., 0., 0., 0., 0., 0., 0., 0., 0.])]
load model:model/test_task/2/

Total time taken (in seconds): 14.01
[array([0.94849998, 0.        , 0.        , 0.        , 0.        ,
       0.        , 0.        , 0.        , 0.        , 0.        ]), array([0.90499997, 0.94019997, 0.        , 0.        , 0.        ,
       0.        , 0.        , 0.        , 0.        , 0.        ]), array([0.80900002, 0.89249998, 0.93110001, 0.        , 0.        ,
       0.        , 0.        , 0.        , 0.        , 0.        ]), array([0.75599998, 0.85119998, 0.8865    , 0.93279999, 0.        ,
       0.        , 0.        , 0.        , 0.        , 0.        ]), array([0.66039997, 0.84189999, 0.86799997, 0.88389999, 0.92540002,
       0.        , 0.        , 0.        , 0.        , 0.        ]), array([0.53469998, 0.7823    , 0.83490002, 0.86059999, 0.8858    ,
       0.93910003, 0.        , 0.        , 0.        , 0.        ]), array([0.5456    , 0.61839998, 0.73610002, 0.74070001, 0.84930003,
       0.89789999, 0.9429    , 0.        , 0.        , 0.        ]), array([0., 0., 0., 0., 0., 0., 0., 0., 0., 0.]), array([0., 0., 0., 0., 0., 0., 0., 0., 0., 0.]), array([0., 0., 0., 0., 0., 0., 0., 0., 0., 0.])]
load model:model/test_task/2/

Total time taken (in seconds): 13.88
[array([0.94849998, 0.        , 0.        , 0.        , 0.        ,
       0.        , 0.        , 0.        , 0.        , 0.        ]), array([0.90499997, 0.94019997, 0.        , 0.        , 0.        ,
       0.        , 0.        , 0.        , 0.        , 0.        ]), array([0.80900002, 0.89249998, 0.93110001, 0.        , 0.        ,
       0.        , 0.        , 0.        , 0.        , 0.        ]), array([0.75599998, 0.85119998, 0.8865    , 0.93279999, 0.        ,
       0.        , 0.        , 0.        , 0.        , 0.        ]), array([0.66039997, 0.84189999, 0.86799997, 0.88389999, 0.92540002,
       0.        , 0.        , 0.        , 0.        , 0.        ]), array([0.53469998, 0.7823    , 0.83490002, 0.86059999, 0.8858    ,
       0.93910003, 0.        , 0.        , 0.        , 0.        ]), array([0.5456    , 0.61839998, 0.73610002, 0.74070001, 0.84930003,
       0.89789999, 0.9429    , 0.        , 0.        , 0.        ]), array([0.3969    , 0.45719999, 0.57029998, 0.72850001, 0.71240002,
       0.8373    , 0.88819999, 0.94090003, 0.        , 0.        ]), array([0., 0., 0., 0., 0., 0., 0., 0., 0., 0.]), array([0., 0., 0., 0., 0., 0., 0., 0., 0., 0.])]
load model:model/test_task/2/

Total time taken (in seconds): 13.91
[array([0.94849998, 0.        , 0.        , 0.        , 0.        ,
       0.        , 0.        , 0.        , 0.        , 0.        ]), array([0.90499997, 0.94019997, 0.        , 0.        , 0.        ,
       0.        , 0.        , 0.        , 0.        , 0.        ]), array([0.80900002, 0.89249998, 0.93110001, 0.        , 0.        ,
       0.        , 0.        , 0.        , 0.        , 0.        ]), array([0.75599998, 0.85119998, 0.8865    , 0.93279999, 0.        ,
       0.        , 0.        , 0.        , 0.        , 0.        ]), array([0.66039997, 0.84189999, 0.86799997, 0.88389999, 0.92540002,
       0.        , 0.        , 0.        , 0.        , 0.        ]), array([0.53469998, 0.7823    , 0.83490002, 0.86059999, 0.8858    ,
       0.93910003, 0.        , 0.        , 0.        , 0.        ]), array([0.5456    , 0.61839998, 0.73610002, 0.74070001, 0.84930003,
       0.89789999, 0.9429    , 0.        , 0.        , 0.        ]), array([0.3969    , 0.45719999, 0.57029998, 0.72850001, 0.71240002,
       0.8373    , 0.88819999, 0.94090003, 0.        , 0.        ]), array([0.29719999, 0.37970001, 0.40490001, 0.59420002, 0.52869999,
       0.6293    , 0.78789997, 0.81879997, 0.93959999, 0.        ]), array([0., 0., 0., 0., 0., 0., 0., 0., 0., 0.])]
load model:model/test_task/2/

Total time taken (in seconds): 14.05
[array([0.94849998, 0.        , 0.        , 0.        , 0.        ,
       0.        , 0.        , 0.        , 0.        , 0.        ]), array([0.90499997, 0.94019997, 0.        , 0.        , 0.        ,
       0.        , 0.        , 0.        , 0.        , 0.        ]), array([0.80900002, 0.89249998, 0.93110001, 0.        , 0.        ,
       0.        , 0.        , 0.        , 0.        , 0.        ]), array([0.75599998, 0.85119998, 0.8865    , 0.93279999, 0.        ,
       0.        , 0.        , 0.        , 0.        , 0.        ]), array([0.66039997, 0.84189999, 0.86799997, 0.88389999, 0.92540002,
       0.        , 0.        , 0.        , 0.        , 0.        ]), array([0.53469998, 0.7823    , 0.83490002, 0.86059999, 0.8858    ,
       0.93910003, 0.        , 0.        , 0.        , 0.        ]), array([0.5456    , 0.61839998, 0.73610002, 0.74070001, 0.84930003,
       0.89789999, 0.9429    , 0.        , 0.        , 0.        ]), array([0.3969    , 0.45719999, 0.57029998, 0.72850001, 0.71240002,
       0.8373    , 0.88819999, 0.94090003, 0.        , 0.        ]), array([0.29719999, 0.37970001, 0.40490001, 0.59420002, 0.52869999,
       0.6293    , 0.78789997, 0.81879997, 0.93959999, 0.        ]), array([0.30419999, 0.2683    , 0.3141    , 0.52200001, 0.5499    ,
       0.588     , 0.6498    , 0.72310001, 0.8664    , 0.85290003])]
create new model

Total time taken (in seconds): 14.59
[0.84920001 0.         0.         0.         0.         0.
 0.         0.         0.         0.        ]
create new model

Total time taken (in seconds): 14.01
[0.84920001 0.92129999 0.         0.         0.         0.
 0.         0.         0.         0.        ]
create new model

Total time taken (in seconds): 14.22
[0.84920001 0.92129999 0.73720002 0.         0.         0.
 0.         0.         0.         0.        ]
create new model

Total time taken (in seconds): 15.09
[0.84920001 0.92129999 0.73720002 0.82770002 0.         0.
 0.         0.         0.         0.        ]
create new model

Total time taken (in seconds): 14.51
[0.84920001 0.92129999 0.73720002 0.82770002 0.85479999 0.
 0.         0.         0.         0.        ]
create new model

Total time taken (in seconds): 14.51
[0.84920001 0.92129999 0.73720002 0.82770002 0.85479999 0.68129998
 0.         0.         0.         0.        ]
create new model

Total time taken (in seconds): 14.33
[0.84920001 0.92129999 0.73720002 0.82770002 0.85479999 0.68129998
 0.84390002 0.         0.         0.        ]
create new model

Total time taken (in seconds): 14.39
[0.84920001 0.92129999 0.73720002 0.82770002 0.85479999 0.68129998
 0.84390002 0.69029999 0.         0.        ]
create new model

Total time taken (in seconds): 14.58
[0.84920001 0.92129999 0.73720002 0.82770002 0.85479999 0.68129998
 0.84390002 0.69029999 0.9242     0.        ]
create new model

Total time taken (in seconds): 14.26
[0.84920001 0.92129999 0.73720002 0.82770002 0.85479999 0.68129998
 0.84390002 0.69029999 0.9242     0.8326    ]
[array([0.94849998, 0.        , 0.        , 0.        , 0.        ,
       0.        , 0.        , 0.        , 0.        , 0.        ]), array([0.90499997, 0.94019997, 0.        , 0.        , 0.        ,
       0.        , 0.        , 0.        , 0.        , 0.        ]), array([0.80900002, 0.89249998, 0.93110001, 0.        , 0.        ,
       0.        , 0.        , 0.        , 0.        , 0.        ]), array([0.75599998, 0.85119998, 0.8865    , 0.93279999, 0.        ,
       0.        , 0.        , 0.        , 0.        , 0.        ]), array([0.66039997, 0.84189999, 0.86799997, 0.88389999, 0.92540002,
       0.        , 0.        , 0.        , 0.        , 0.        ]), array([0.53469998, 0.7823    , 0.83490002, 0.86059999, 0.8858    ,
       0.93910003, 0.        , 0.        , 0.        , 0.        ]), array([0.5456    , 0.61839998, 0.73610002, 0.74070001, 0.84930003,
       0.89789999, 0.9429    , 0.        , 0.        , 0.        ]), array([0.3969    , 0.45719999, 0.57029998, 0.72850001, 0.71240002,
       0.8373    , 0.88819999, 0.94090003, 0.        , 0.        ]), array([0.29719999, 0.37970001, 0.40490001, 0.59420002, 0.52869999,
       0.6293    , 0.78789997, 0.81879997, 0.93959999, 0.        ]), array([0.30419999, 0.2683    , 0.3141    , 0.52200001, 0.5499    ,
       0.588     , 0.6498    , 0.72310001, 0.8664    , 0.85290003])] [0.84920001 0.92129999 0.73720002 0.82770002 0.85479999 0.68129998
 0.84390002 0.69029999 0.9242     0.8326    ]
acc: 0.5638700038, bwt: -0.4060777790, tbwt: -0.2826777796
cbwt 0: -0.3697222107
cbwt 1: -0.3037624806
cbwt 2: -0.2718428671
cbwt 3: -0.2111499906
cbwt 4: -0.2201800108
cbwt 5: -0.2009750307
cbwt 6: -0.1676000158
cbwt 7: -0.1699500382
cbwt 8: -0.0731999874
