WARNING:tensorflow:From /home/lfz5092/venv/lib/python3.5/site-packages/tensorflow_core/python/data/util/random_seed.py:58: where (from tensorflow.python.ops.array_ops) is deprecated and will be removed in a future version.
Instructions for updating:
Use tf.where in 2.0, which has the same broadcast rule as np.where
WARNING:tensorflow:From /home/lfz5092/venv/lib/python3.5/site-packages/tensorflow_core/python/ops/resource_variable_ops.py:1781: calling BaseResourceVariable.__init__ (from tensorflow.python.ops.resource_variable_ops) with constraint is deprecated and will be removed in a future version.
Instructions for updating:
If using Keras pass *_constraint arguments to layers.
create new model

Total time taken (in seconds): 35.36
[array([0.96789998, 0.        , 0.        , 0.        , 0.        ,
       0.        , 0.        , 0.        , 0.        , 0.        ]), array([0., 0., 0., 0., 0., 0., 0., 0., 0., 0.]), array([0., 0., 0., 0., 0., 0., 0., 0., 0., 0.]), array([0., 0., 0., 0., 0., 0., 0., 0., 0., 0.]), array([0., 0., 0., 0., 0., 0., 0., 0., 0., 0.]), array([0., 0., 0., 0., 0., 0., 0., 0., 0., 0.]), array([0., 0., 0., 0., 0., 0., 0., 0., 0., 0.]), array([0., 0., 0., 0., 0., 0., 0., 0., 0., 0.]), array([0., 0., 0., 0., 0., 0., 0., 0., 0., 0.]), array([0., 0., 0., 0., 0., 0., 0., 0., 0., 0.])]
load model:model/opt_task/1/1/

Total time taken (in seconds): 13.99
[array([0.96789998, 0.        , 0.        , 0.        , 0.        ,
       0.        , 0.        , 0.        , 0.        , 0.        ]), array([0.80610001, 0.95359999, 0.        , 0.        , 0.        ,
       0.        , 0.        , 0.        , 0.        , 0.        ]), array([0., 0., 0., 0., 0., 0., 0., 0., 0., 0.]), array([0., 0., 0., 0., 0., 0., 0., 0., 0., 0.]), array([0., 0., 0., 0., 0., 0., 0., 0., 0., 0.]), array([0., 0., 0., 0., 0., 0., 0., 0., 0., 0.]), array([0., 0., 0., 0., 0., 0., 0., 0., 0., 0.]), array([0., 0., 0., 0., 0., 0., 0., 0., 0., 0.]), array([0., 0., 0., 0., 0., 0., 0., 0., 0., 0.]), array([0., 0., 0., 0., 0., 0., 0., 0., 0., 0.])]
load model:model/opt_task/1/1/

Total time taken (in seconds): 14.02
[array([0.96789998, 0.        , 0.        , 0.        , 0.        ,
       0.        , 0.        , 0.        , 0.        , 0.        ]), array([0.80610001, 0.95359999, 0.        , 0.        , 0.        ,
       0.        , 0.        , 0.        , 0.        , 0.        ]), array([0.64649999, 0.8441    , 0.9576    , 0.        , 0.        ,
       0.        , 0.        , 0.        , 0.        , 0.        ]), array([0., 0., 0., 0., 0., 0., 0., 0., 0., 0.]), array([0., 0., 0., 0., 0., 0., 0., 0., 0., 0.]), array([0., 0., 0., 0., 0., 0., 0., 0., 0., 0.]), array([0., 0., 0., 0., 0., 0., 0., 0., 0., 0.]), array([0., 0., 0., 0., 0., 0., 0., 0., 0., 0.]), array([0., 0., 0., 0., 0., 0., 0., 0., 0., 0.]), array([0., 0., 0., 0., 0., 0., 0., 0., 0., 0.])]
load model:model/opt_task/1/1/

Total time taken (in seconds): 14.13
[array([0.96789998, 0.        , 0.        , 0.        , 0.        ,
       0.        , 0.        , 0.        , 0.        , 0.        ]), array([0.80610001, 0.95359999, 0.        , 0.        , 0.        ,
       0.        , 0.        , 0.        , 0.        , 0.        ]), array([0.64649999, 0.8441    , 0.9576    , 0.        , 0.        ,
       0.        , 0.        , 0.        , 0.        , 0.        ]), array([0.62080002, 0.76450002, 0.87080002, 0.95660001, 0.        ,
       0.        , 0.        , 0.        , 0.        , 0.        ]), array([0., 0., 0., 0., 0., 0., 0., 0., 0., 0.]), array([0., 0., 0., 0., 0., 0., 0., 0., 0., 0.]), array([0., 0., 0., 0., 0., 0., 0., 0., 0., 0.]), array([0., 0., 0., 0., 0., 0., 0., 0., 0., 0.]), array([0., 0., 0., 0., 0., 0., 0., 0., 0., 0.]), array([0., 0., 0., 0., 0., 0., 0., 0., 0., 0.])]
load model:model/opt_task/1/1/

Total time taken (in seconds): 13.43
[array([0.96789998, 0.        , 0.        , 0.        , 0.        ,
       0.        , 0.        , 0.        , 0.        , 0.        ]), array([0.80610001, 0.95359999, 0.        , 0.        , 0.        ,
       0.        , 0.        , 0.        , 0.        , 0.        ]), array([0.64649999, 0.8441    , 0.9576    , 0.        , 0.        ,
       0.        , 0.        , 0.        , 0.        , 0.        ]), array([0.62080002, 0.76450002, 0.87080002, 0.95660001, 0.        ,
       0.        , 0.        , 0.        , 0.        , 0.        ]), array([0.51969999, 0.63059998, 0.8089    , 0.8872    , 0.95920002,
       0.        , 0.        , 0.        , 0.        , 0.        ]), array([0., 0., 0., 0., 0., 0., 0., 0., 0., 0.]), array([0., 0., 0., 0., 0., 0., 0., 0., 0., 0.]), array([0., 0., 0., 0., 0., 0., 0., 0., 0., 0.]), array([0., 0., 0., 0., 0., 0., 0., 0., 0., 0.]), array([0., 0., 0., 0., 0., 0., 0., 0., 0., 0.])]
load model:model/opt_task/1/1/

Total time taken (in seconds): 14.02
[array([0.96789998, 0.        , 0.        , 0.        , 0.        ,
       0.        , 0.        , 0.        , 0.        , 0.        ]), array([0.80610001, 0.95359999, 0.        , 0.        , 0.        ,
       0.        , 0.        , 0.        , 0.        , 0.        ]), array([0.64649999, 0.8441    , 0.9576    , 0.        , 0.        ,
       0.        , 0.        , 0.        , 0.        , 0.        ]), array([0.62080002, 0.76450002, 0.87080002, 0.95660001, 0.        ,
       0.        , 0.        , 0.        , 0.        , 0.        ]), array([0.51969999, 0.63059998, 0.8089    , 0.8872    , 0.95920002,
       0.        , 0.        , 0.        , 0.        , 0.        ]), array([0.4091    , 0.53350002, 0.63410002, 0.68440002, 0.76609999,
       0.95730001, 0.        , 0.        , 0.        , 0.        ]), array([0., 0., 0., 0., 0., 0., 0., 0., 0., 0.]), array([0., 0., 0., 0., 0., 0., 0., 0., 0., 0.]), array([0., 0., 0., 0., 0., 0., 0., 0., 0., 0.]), array([0., 0., 0., 0., 0., 0., 0., 0., 0., 0.])]
load model:model/opt_task/1/1/

Total time taken (in seconds): 14.18
[array([0.96789998, 0.        , 0.        , 0.        , 0.        ,
       0.        , 0.        , 0.        , 0.        , 0.        ]), array([0.80610001, 0.95359999, 0.        , 0.        , 0.        ,
       0.        , 0.        , 0.        , 0.        , 0.        ]), array([0.64649999, 0.8441    , 0.9576    , 0.        , 0.        ,
       0.        , 0.        , 0.        , 0.        , 0.        ]), array([0.62080002, 0.76450002, 0.87080002, 0.95660001, 0.        ,
       0.        , 0.        , 0.        , 0.        , 0.        ]), array([0.51969999, 0.63059998, 0.8089    , 0.8872    , 0.95920002,
       0.        , 0.        , 0.        , 0.        , 0.        ]), array([0.4091    , 0.53350002, 0.63410002, 0.68440002, 0.76609999,
       0.95730001, 0.        , 0.        , 0.        , 0.        ]), array([0.41549999, 0.44670001, 0.60320002, 0.56559998, 0.66030002,
       0.83740002, 0.95740002, 0.        , 0.        , 0.        ]), array([0., 0., 0., 0., 0., 0., 0., 0., 0., 0.]), array([0., 0., 0., 0., 0., 0., 0., 0., 0., 0.]), array([0., 0., 0., 0., 0., 0., 0., 0., 0., 0.])]
load model:model/opt_task/1/1/

Total time taken (in seconds): 13.93
[array([0.96789998, 0.        , 0.        , 0.        , 0.        ,
       0.        , 0.        , 0.        , 0.        , 0.        ]), array([0.80610001, 0.95359999, 0.        , 0.        , 0.        ,
       0.        , 0.        , 0.        , 0.        , 0.        ]), array([0.64649999, 0.8441    , 0.9576    , 0.        , 0.        ,
       0.        , 0.        , 0.        , 0.        , 0.        ]), array([0.62080002, 0.76450002, 0.87080002, 0.95660001, 0.        ,
       0.        , 0.        , 0.        , 0.        , 0.        ]), array([0.51969999, 0.63059998, 0.8089    , 0.8872    , 0.95920002,
       0.        , 0.        , 0.        , 0.        , 0.        ]), array([0.4091    , 0.53350002, 0.63410002, 0.68440002, 0.76609999,
       0.95730001, 0.        , 0.        , 0.        , 0.        ]), array([0.41549999, 0.44670001, 0.60320002, 0.56559998, 0.66030002,
       0.83740002, 0.95740002, 0.        , 0.        , 0.        ]), array([0.3594    , 0.33660001, 0.59179997, 0.45550001, 0.5941    ,
       0.73979998, 0.89579999, 0.95990002, 0.        , 0.        ]), array([0., 0., 0., 0., 0., 0., 0., 0., 0., 0.]), array([0., 0., 0., 0., 0., 0., 0., 0., 0., 0.])]
load model:model/opt_task/1/1/

Total time taken (in seconds): 13.97
[array([0.96789998, 0.        , 0.        , 0.        , 0.        ,
       0.        , 0.        , 0.        , 0.        , 0.        ]), array([0.80610001, 0.95359999, 0.        , 0.        , 0.        ,
       0.        , 0.        , 0.        , 0.        , 0.        ]), array([0.64649999, 0.8441    , 0.9576    , 0.        , 0.        ,
       0.        , 0.        , 0.        , 0.        , 0.        ]), array([0.62080002, 0.76450002, 0.87080002, 0.95660001, 0.        ,
       0.        , 0.        , 0.        , 0.        , 0.        ]), array([0.51969999, 0.63059998, 0.8089    , 0.8872    , 0.95920002,
       0.        , 0.        , 0.        , 0.        , 0.        ]), array([0.4091    , 0.53350002, 0.63410002, 0.68440002, 0.76609999,
       0.95730001, 0.        , 0.        , 0.        , 0.        ]), array([0.41549999, 0.44670001, 0.60320002, 0.56559998, 0.66030002,
       0.83740002, 0.95740002, 0.        , 0.        , 0.        ]), array([0.3594    , 0.33660001, 0.59179997, 0.45550001, 0.5941    ,
       0.73979998, 0.89579999, 0.95990002, 0.        , 0.        ]), array([0.2994    , 0.31400001, 0.4395    , 0.48460001, 0.5794    ,
       0.50910002, 0.75379997, 0.8739    , 0.95770001, 0.        ]), array([0., 0., 0., 0., 0., 0., 0., 0., 0., 0.])]
load model:model/opt_task/1/1/

Total time taken (in seconds): 13.99
[array([0.96789998, 0.        , 0.        , 0.        , 0.        ,
       0.        , 0.        , 0.        , 0.        , 0.        ]), array([0.80610001, 0.95359999, 0.        , 0.        , 0.        ,
       0.        , 0.        , 0.        , 0.        , 0.        ]), array([0.64649999, 0.8441    , 0.9576    , 0.        , 0.        ,
       0.        , 0.        , 0.        , 0.        , 0.        ]), array([0.62080002, 0.76450002, 0.87080002, 0.95660001, 0.        ,
       0.        , 0.        , 0.        , 0.        , 0.        ]), array([0.51969999, 0.63059998, 0.8089    , 0.8872    , 0.95920002,
       0.        , 0.        , 0.        , 0.        , 0.        ]), array([0.4091    , 0.53350002, 0.63410002, 0.68440002, 0.76609999,
       0.95730001, 0.        , 0.        , 0.        , 0.        ]), array([0.41549999, 0.44670001, 0.60320002, 0.56559998, 0.66030002,
       0.83740002, 0.95740002, 0.        , 0.        , 0.        ]), array([0.3594    , 0.33660001, 0.59179997, 0.45550001, 0.5941    ,
       0.73979998, 0.89579999, 0.95990002, 0.        , 0.        ]), array([0.2994    , 0.31400001, 0.4395    , 0.48460001, 0.5794    ,
       0.50910002, 0.75379997, 0.8739    , 0.95770001, 0.        ]), array([0.1939    , 0.1881    , 0.38820001, 0.41530001, 0.40459999,
       0.55769998, 0.75160003, 0.81389999, 0.8635    , 0.95889997])]
create new model

Total time taken (in seconds): 14.46
[0.94760001 0.         0.         0.         0.         0.
 0.         0.         0.         0.        ]
create new model

Total time taken (in seconds): 14.00
[0.94760001 0.94330001 0.         0.         0.         0.
 0.         0.         0.         0.        ]
create new model

Total time taken (in seconds): 14.42
[0.94760001 0.94330001 0.94349998 0.         0.         0.
 0.         0.         0.         0.        ]
create new model

Total time taken (in seconds): 14.67
[0.94760001 0.94330001 0.94349998 0.94819999 0.         0.
 0.         0.         0.         0.        ]
create new model

Total time taken (in seconds): 14.35
[0.94760001 0.94330001 0.94349998 0.94819999 0.9497     0.
 0.         0.         0.         0.        ]
create new model

Total time taken (in seconds): 14.54
[0.94760001 0.94330001 0.94349998 0.94819999 0.9497     0.94450003
 0.         0.         0.         0.        ]
create new model

Total time taken (in seconds): 14.51
[0.94760001 0.94330001 0.94349998 0.94819999 0.9497     0.94450003
 0.94389999 0.         0.         0.        ]
create new model

Total time taken (in seconds): 14.47
[0.94760001 0.94330001 0.94349998 0.94819999 0.9497     0.94450003
 0.94389999 0.94700003 0.         0.        ]
create new model

Total time taken (in seconds): 15.29
[0.94760001 0.94330001 0.94349998 0.94819999 0.9497     0.94450003
 0.94389999 0.94700003 0.94520003 0.        ]
create new model

Total time taken (in seconds): 14.39
[0.94760001 0.94330001 0.94349998 0.94819999 0.9497     0.94450003
 0.94389999 0.94700003 0.94520003 0.94749999]
[array([0.96789998, 0.        , 0.        , 0.        , 0.        ,
       0.        , 0.        , 0.        , 0.        , 0.        ]), array([0.80610001, 0.95359999, 0.        , 0.        , 0.        ,
       0.        , 0.        , 0.        , 0.        , 0.        ]), array([0.64649999, 0.8441    , 0.9576    , 0.        , 0.        ,
       0.        , 0.        , 0.        , 0.        , 0.        ]), array([0.62080002, 0.76450002, 0.87080002, 0.95660001, 0.        ,
       0.        , 0.        , 0.        , 0.        , 0.        ]), array([0.51969999, 0.63059998, 0.8089    , 0.8872    , 0.95920002,
       0.        , 0.        , 0.        , 0.        , 0.        ]), array([0.4091    , 0.53350002, 0.63410002, 0.68440002, 0.76609999,
       0.95730001, 0.        , 0.        , 0.        , 0.        ]), array([0.41549999, 0.44670001, 0.60320002, 0.56559998, 0.66030002,
       0.83740002, 0.95740002, 0.        , 0.        , 0.        ]), array([0.3594    , 0.33660001, 0.59179997, 0.45550001, 0.5941    ,
       0.73979998, 0.89579999, 0.95990002, 0.        , 0.        ]), array([0.2994    , 0.31400001, 0.4395    , 0.48460001, 0.5794    ,
       0.50910002, 0.75379997, 0.8739    , 0.95770001, 0.        ]), array([0.1939    , 0.1881    , 0.38820001, 0.41530001, 0.40459999,
       0.55769998, 0.75160003, 0.81389999, 0.8635    , 0.95889997])] [0.94760001 0.94330001 0.94349998 0.94819999 0.9497     0.94450003
 0.94389999 0.94700003 0.94520003 0.94749999]
acc: 0.5535699993, bwt: -0.4500444498, tbwt: -0.4373444484
cbwt 0: -0.4934110890
cbwt 1: -0.4463374857
cbwt 2: -0.3380999906
cbwt 3: -0.3745000064
cbwt 4: -0.3583000243
cbwt 5: -0.2963000089
cbwt 6: -0.1570000251
cbwt 7: -0.1160000265
cbwt 8: -0.0942000151
create new model

Total time taken (in seconds): 35.33
[array([0.1028, 0.    , 0.    , 0.    , 0.    , 0.    , 0.    , 0.    ,
       0.    , 0.    ]), array([0., 0., 0., 0., 0., 0., 0., 0., 0., 0.]), array([0., 0., 0., 0., 0., 0., 0., 0., 0., 0.]), array([0., 0., 0., 0., 0., 0., 0., 0., 0., 0.]), array([0., 0., 0., 0., 0., 0., 0., 0., 0., 0.]), array([0., 0., 0., 0., 0., 0., 0., 0., 0., 0.]), array([0., 0., 0., 0., 0., 0., 0., 0., 0., 0.]), array([0., 0., 0., 0., 0., 0., 0., 0., 0., 0.]), array([0., 0., 0., 0., 0., 0., 0., 0., 0., 0.]), array([0., 0., 0., 0., 0., 0., 0., 0., 0., 0.])]
load model:model/opt_task/1/2/

Total time taken (in seconds): 13.76
[array([0.1028, 0.    , 0.    , 0.    , 0.    , 0.    , 0.    , 0.    ,
       0.    , 0.    ]), array([0.1028, 0.1028, 0.    , 0.    , 0.    , 0.    , 0.    , 0.    ,
       0.    , 0.    ]), array([0., 0., 0., 0., 0., 0., 0., 0., 0., 0.]), array([0., 0., 0., 0., 0., 0., 0., 0., 0., 0.]), array([0., 0., 0., 0., 0., 0., 0., 0., 0., 0.]), array([0., 0., 0., 0., 0., 0., 0., 0., 0., 0.]), array([0., 0., 0., 0., 0., 0., 0., 0., 0., 0.]), array([0., 0., 0., 0., 0., 0., 0., 0., 0., 0.]), array([0., 0., 0., 0., 0., 0., 0., 0., 0., 0.]), array([0., 0., 0., 0., 0., 0., 0., 0., 0., 0.])]
load model:model/opt_task/1/2/

Total time taken (in seconds): 13.99
[array([0.1028, 0.    , 0.    , 0.    , 0.    , 0.    , 0.    , 0.    ,
       0.    , 0.    ]), array([0.1028, 0.1028, 0.    , 0.    , 0.    , 0.    , 0.    , 0.    ,
       0.    , 0.    ]), array([0.1028, 0.1028, 0.1028, 0.    , 0.    , 0.    , 0.    , 0.    ,
       0.    , 0.    ]), array([0., 0., 0., 0., 0., 0., 0., 0., 0., 0.]), array([0., 0., 0., 0., 0., 0., 0., 0., 0., 0.]), array([0., 0., 0., 0., 0., 0., 0., 0., 0., 0.]), array([0., 0., 0., 0., 0., 0., 0., 0., 0., 0.]), array([0., 0., 0., 0., 0., 0., 0., 0., 0., 0.]), array([0., 0., 0., 0., 0., 0., 0., 0., 0., 0.]), array([0., 0., 0., 0., 0., 0., 0., 0., 0., 0.])]
load model:model/opt_task/1/2/

Total time taken (in seconds): 14.00
[array([0.1028, 0.    , 0.    , 0.    , 0.    , 0.    , 0.    , 0.    ,
       0.    , 0.    ]), array([0.1028, 0.1028, 0.    , 0.    , 0.    , 0.    , 0.    , 0.    ,
       0.    , 0.    ]), array([0.1028, 0.1028, 0.1028, 0.    , 0.    , 0.    , 0.    , 0.    ,
       0.    , 0.    ]), array([0.1028, 0.1028, 0.1028, 0.1028, 0.    , 0.    , 0.    , 0.    ,
       0.    , 0.    ]), array([0., 0., 0., 0., 0., 0., 0., 0., 0., 0.]), array([0., 0., 0., 0., 0., 0., 0., 0., 0., 0.]), array([0., 0., 0., 0., 0., 0., 0., 0., 0., 0.]), array([0., 0., 0., 0., 0., 0., 0., 0., 0., 0.]), array([0., 0., 0., 0., 0., 0., 0., 0., 0., 0.]), array([0., 0., 0., 0., 0., 0., 0., 0., 0., 0.])]
load model:model/opt_task/1/2/

Total time taken (in seconds): 13.98
[array([0.1028, 0.    , 0.    , 0.    , 0.    , 0.    , 0.    , 0.    ,
       0.    , 0.    ]), array([0.1028, 0.1028, 0.    , 0.    , 0.    , 0.    , 0.    , 0.    ,
       0.    , 0.    ]), array([0.1028, 0.1028, 0.1028, 0.    , 0.    , 0.    , 0.    , 0.    ,
       0.    , 0.    ]), array([0.1028, 0.1028, 0.1028, 0.1028, 0.    , 0.    , 0.    , 0.    ,
       0.    , 0.    ]), array([0.1028, 0.1028, 0.1028, 0.1028, 0.1028, 0.    , 0.    , 0.    ,
       0.    , 0.    ]), array([0., 0., 0., 0., 0., 0., 0., 0., 0., 0.]), array([0., 0., 0., 0., 0., 0., 0., 0., 0., 0.]), array([0., 0., 0., 0., 0., 0., 0., 0., 0., 0.]), array([0., 0., 0., 0., 0., 0., 0., 0., 0., 0.]), array([0., 0., 0., 0., 0., 0., 0., 0., 0., 0.])]
load model:model/opt_task/1/2/

Total time taken (in seconds): 13.81
[array([0.1028, 0.    , 0.    , 0.    , 0.    , 0.    , 0.    , 0.    ,
       0.    , 0.    ]), array([0.1028, 0.1028, 0.    , 0.    , 0.    , 0.    , 0.    , 0.    ,
       0.    , 0.    ]), array([0.1028, 0.1028, 0.1028, 0.    , 0.    , 0.    , 0.    , 0.    ,
       0.    , 0.    ]), array([0.1028, 0.1028, 0.1028, 0.1028, 0.    , 0.    , 0.    , 0.    ,
       0.    , 0.    ]), array([0.1028, 0.1028, 0.1028, 0.1028, 0.1028, 0.    , 0.    , 0.    ,
       0.    , 0.    ]), array([0.1028, 0.1028, 0.1028, 0.1028, 0.1028, 0.1028, 0.    , 0.    ,
       0.    , 0.    ]), array([0., 0., 0., 0., 0., 0., 0., 0., 0., 0.]), array([0., 0., 0., 0., 0., 0., 0., 0., 0., 0.]), array([0., 0., 0., 0., 0., 0., 0., 0., 0., 0.]), array([0., 0., 0., 0., 0., 0., 0., 0., 0., 0.])]
load model:model/opt_task/1/2/

Total time taken (in seconds): 13.90
[array([0.1028, 0.    , 0.    , 0.    , 0.    , 0.    , 0.    , 0.    ,
       0.    , 0.    ]), array([0.1028, 0.1028, 0.    , 0.    , 0.    , 0.    , 0.    , 0.    ,
       0.    , 0.    ]), array([0.1028, 0.1028, 0.1028, 0.    , 0.    , 0.    , 0.    , 0.    ,
       0.    , 0.    ]), array([0.1028, 0.1028, 0.1028, 0.1028, 0.    , 0.    , 0.    , 0.    ,
       0.    , 0.    ]), array([0.1028, 0.1028, 0.1028, 0.1028, 0.1028, 0.    , 0.    , 0.    ,
       0.    , 0.    ]), array([0.1028, 0.1028, 0.1028, 0.1028, 0.1028, 0.1028, 0.    , 0.    ,
       0.    , 0.    ]), array([0.1028, 0.1028, 0.1028, 0.1028, 0.1028, 0.1028, 0.1028, 0.    ,
       0.    , 0.    ]), array([0., 0., 0., 0., 0., 0., 0., 0., 0., 0.]), array([0., 0., 0., 0., 0., 0., 0., 0., 0., 0.]), array([0., 0., 0., 0., 0., 0., 0., 0., 0., 0.])]
load model:model/opt_task/1/2/

Total time taken (in seconds): 13.98
[array([0.1028, 0.    , 0.    , 0.    , 0.    , 0.    , 0.    , 0.    ,
       0.    , 0.    ]), array([0.1028, 0.1028, 0.    , 0.    , 0.    , 0.    , 0.    , 0.    ,
       0.    , 0.    ]), array([0.1028, 0.1028, 0.1028, 0.    , 0.    , 0.    , 0.    , 0.    ,
       0.    , 0.    ]), array([0.1028, 0.1028, 0.1028, 0.1028, 0.    , 0.    , 0.    , 0.    ,
       0.    , 0.    ]), array([0.1028, 0.1028, 0.1028, 0.1028, 0.1028, 0.    , 0.    , 0.    ,
       0.    , 0.    ]), array([0.1028, 0.1028, 0.1028, 0.1028, 0.1028, 0.1028, 0.    , 0.    ,
       0.    , 0.    ]), array([0.1028, 0.1028, 0.1028, 0.1028, 0.1028, 0.1028, 0.1028, 0.    ,
       0.    , 0.    ]), array([0.1028, 0.1028, 0.1028, 0.1028, 0.1028, 0.1028, 0.1028, 0.1028,
       0.    , 0.    ]), array([0., 0., 0., 0., 0., 0., 0., 0., 0., 0.]), array([0., 0., 0., 0., 0., 0., 0., 0., 0., 0.])]
load model:model/opt_task/1/2/

Total time taken (in seconds): 13.94
[array([0.1028, 0.    , 0.    , 0.    , 0.    , 0.    , 0.    , 0.    ,
       0.    , 0.    ]), array([0.1028, 0.1028, 0.    , 0.    , 0.    , 0.    , 0.    , 0.    ,
       0.    , 0.    ]), array([0.1028, 0.1028, 0.1028, 0.    , 0.    , 0.    , 0.    , 0.    ,
       0.    , 0.    ]), array([0.1028, 0.1028, 0.1028, 0.1028, 0.    , 0.    , 0.    , 0.    ,
       0.    , 0.    ]), array([0.1028, 0.1028, 0.1028, 0.1028, 0.1028, 0.    , 0.    , 0.    ,
       0.    , 0.    ]), array([0.1028, 0.1028, 0.1028, 0.1028, 0.1028, 0.1028, 0.    , 0.    ,
       0.    , 0.    ]), array([0.1028, 0.1028, 0.1028, 0.1028, 0.1028, 0.1028, 0.1028, 0.    ,
       0.    , 0.    ]), array([0.1028, 0.1028, 0.1028, 0.1028, 0.1028, 0.1028, 0.1028, 0.1028,
       0.    , 0.    ]), array([0.1028, 0.1028, 0.1028, 0.1028, 0.1028, 0.1028, 0.1028, 0.1028,
       0.1028, 0.    ]), array([0., 0., 0., 0., 0., 0., 0., 0., 0., 0.])]
load model:model/opt_task/1/2/

Total time taken (in seconds): 14.01
[array([0.1028, 0.    , 0.    , 0.    , 0.    , 0.    , 0.    , 0.    ,
       0.    , 0.    ]), array([0.1028, 0.1028, 0.    , 0.    , 0.    , 0.    , 0.    , 0.    ,
       0.    , 0.    ]), array([0.1028, 0.1028, 0.1028, 0.    , 0.    , 0.    , 0.    , 0.    ,
       0.    , 0.    ]), array([0.1028, 0.1028, 0.1028, 0.1028, 0.    , 0.    , 0.    , 0.    ,
       0.    , 0.    ]), array([0.1028, 0.1028, 0.1028, 0.1028, 0.1028, 0.    , 0.    , 0.    ,
       0.    , 0.    ]), array([0.1028, 0.1028, 0.1028, 0.1028, 0.1028, 0.1028, 0.    , 0.    ,
       0.    , 0.    ]), array([0.1028, 0.1028, 0.1028, 0.1028, 0.1028, 0.1028, 0.1028, 0.    ,
       0.    , 0.    ]), array([0.1028, 0.1028, 0.1028, 0.1028, 0.1028, 0.1028, 0.1028, 0.1028,
       0.    , 0.    ]), array([0.1028, 0.1028, 0.1028, 0.1028, 0.1028, 0.1028, 0.1028, 0.1028,
       0.1028, 0.    ]), array([0.1028, 0.1028, 0.1028, 0.1028, 0.1028, 0.1028, 0.1028, 0.1028,
       0.1028, 0.1028])]
create new model

Total time taken (in seconds): 14.10
[0.101 0.    0.    0.    0.    0.    0.    0.    0.    0.   ]
create new model

Total time taken (in seconds): 13.86
[0.101  0.0892 0.     0.     0.     0.     0.     0.     0.     0.    ]
create new model

Total time taken (in seconds): 14.45
[0.101  0.0892 0.098  0.     0.     0.     0.     0.     0.     0.    ]
create new model

Total time taken (in seconds): 14.40
[0.101  0.0892 0.098  0.101  0.     0.     0.     0.     0.     0.    ]
create new model

Total time taken (in seconds): 14.43
[0.101  0.0892 0.098  0.101  0.101  0.     0.     0.     0.     0.    ]
create new model

Total time taken (in seconds): 15.55
[0.101  0.0892 0.098  0.101  0.101  0.1028 0.     0.     0.     0.    ]
create new model

Total time taken (in seconds): 14.48
[0.101  0.0892 0.098  0.101  0.101  0.1028 0.0892 0.     0.     0.    ]
create new model

Total time taken (in seconds): 14.37
[0.101  0.0892 0.098  0.101  0.101  0.1028 0.0892 0.0982 0.     0.    ]
create new model

Total time taken (in seconds): 13.91
[0.101  0.0892 0.098  0.101  0.101  0.1028 0.0892 0.0982 0.098  0.    ]
create new model

Total time taken (in seconds): 14.01
[0.101  0.0892 0.098  0.101  0.101  0.1028 0.0892 0.0982 0.098  0.1028]
[array([0.1028, 0.    , 0.    , 0.    , 0.    , 0.    , 0.    , 0.    ,
       0.    , 0.    ]), array([0.1028, 0.1028, 0.    , 0.    , 0.    , 0.    , 0.    , 0.    ,
       0.    , 0.    ]), array([0.1028, 0.1028, 0.1028, 0.    , 0.    , 0.    , 0.    , 0.    ,
       0.    , 0.    ]), array([0.1028, 0.1028, 0.1028, 0.1028, 0.    , 0.    , 0.    , 0.    ,
       0.    , 0.    ]), array([0.1028, 0.1028, 0.1028, 0.1028, 0.1028, 0.    , 0.    , 0.    ,
       0.    , 0.    ]), array([0.1028, 0.1028, 0.1028, 0.1028, 0.1028, 0.1028, 0.    , 0.    ,
       0.    , 0.    ]), array([0.1028, 0.1028, 0.1028, 0.1028, 0.1028, 0.1028, 0.1028, 0.    ,
       0.    , 0.    ]), array([0.1028, 0.1028, 0.1028, 0.1028, 0.1028, 0.1028, 0.1028, 0.1028,
       0.    , 0.    ]), array([0.1028, 0.1028, 0.1028, 0.1028, 0.1028, 0.1028, 0.1028, 0.1028,
       0.1028, 0.    ]), array([0.1028, 0.1028, 0.1028, 0.1028, 0.1028, 0.1028, 0.1028, 0.1028,
       0.1028, 0.1028])] [0.101  0.0892 0.098  0.101  0.101  0.1028 0.0892 0.0982 0.098  0.1028]
acc: 0.1027999967, bwt: 0.0000000000, tbwt: 0.0051999970
cbwt 0: 0.0000000000
cbwt 1: 0.0000000000
cbwt 2: 0.0000000000
cbwt 3: 0.0000000000
cbwt 4: 0.0000000000
cbwt 5: 0.0000000000
cbwt 6: 0.0000000000
cbwt 7: 0.0000000000
cbwt 8: 0.0000000000
create new model

Total time taken (in seconds): 34.69
[array([0.95779997, 0.        , 0.        , 0.        , 0.        ,
       0.        , 0.        , 0.        , 0.        , 0.        ]), array([0., 0., 0., 0., 0., 0., 0., 0., 0., 0.]), array([0., 0., 0., 0., 0., 0., 0., 0., 0., 0.]), array([0., 0., 0., 0., 0., 0., 0., 0., 0., 0.]), array([0., 0., 0., 0., 0., 0., 0., 0., 0., 0.]), array([0., 0., 0., 0., 0., 0., 0., 0., 0., 0.]), array([0., 0., 0., 0., 0., 0., 0., 0., 0., 0.]), array([0., 0., 0., 0., 0., 0., 0., 0., 0., 0.]), array([0., 0., 0., 0., 0., 0., 0., 0., 0., 0.]), array([0., 0., 0., 0., 0., 0., 0., 0., 0., 0.])]
load model:model/opt_task/1/3/

Total time taken (in seconds): 14.05
[array([0.95779997, 0.        , 0.        , 0.        , 0.        ,
       0.        , 0.        , 0.        , 0.        , 0.        ]), array([0.91939998, 0.9375    , 0.        , 0.        , 0.        ,
       0.        , 0.        , 0.        , 0.        , 0.        ]), array([0., 0., 0., 0., 0., 0., 0., 0., 0., 0.]), array([0., 0., 0., 0., 0., 0., 0., 0., 0., 0.]), array([0., 0., 0., 0., 0., 0., 0., 0., 0., 0.]), array([0., 0., 0., 0., 0., 0., 0., 0., 0., 0.]), array([0., 0., 0., 0., 0., 0., 0., 0., 0., 0.]), array([0., 0., 0., 0., 0., 0., 0., 0., 0., 0.]), array([0., 0., 0., 0., 0., 0., 0., 0., 0., 0.]), array([0., 0., 0., 0., 0., 0., 0., 0., 0., 0.])]
load model:model/opt_task/1/3/

Total time taken (in seconds): 13.94
[array([0.95779997, 0.        , 0.        , 0.        , 0.        ,
       0.        , 0.        , 0.        , 0.        , 0.        ]), array([0.91939998, 0.9375    , 0.        , 0.        , 0.        ,
       0.        , 0.        , 0.        , 0.        , 0.        ]), array([0.77999997, 0.90179998, 0.9522    , 0.        , 0.        ,
       0.        , 0.        , 0.        , 0.        , 0.        ]), array([0., 0., 0., 0., 0., 0., 0., 0., 0., 0.]), array([0., 0., 0., 0., 0., 0., 0., 0., 0., 0.]), array([0., 0., 0., 0., 0., 0., 0., 0., 0., 0.]), array([0., 0., 0., 0., 0., 0., 0., 0., 0., 0.]), array([0., 0., 0., 0., 0., 0., 0., 0., 0., 0.]), array([0., 0., 0., 0., 0., 0., 0., 0., 0., 0.]), array([0., 0., 0., 0., 0., 0., 0., 0., 0., 0.])]
load model:model/opt_task/1/3/

Total time taken (in seconds): 14.05
[array([0.95779997, 0.        , 0.        , 0.        , 0.        ,
       0.        , 0.        , 0.        , 0.        , 0.        ]), array([0.91939998, 0.9375    , 0.        , 0.        , 0.        ,
       0.        , 0.        , 0.        , 0.        , 0.        ]), array([0.77999997, 0.90179998, 0.9522    , 0.        , 0.        ,
       0.        , 0.        , 0.        , 0.        , 0.        ]), array([0.54549998, 0.80010003, 0.93190002, 0.95630002, 0.        ,
       0.        , 0.        , 0.        , 0.        , 0.        ]), array([0., 0., 0., 0., 0., 0., 0., 0., 0., 0.]), array([0., 0., 0., 0., 0., 0., 0., 0., 0., 0.]), array([0., 0., 0., 0., 0., 0., 0., 0., 0., 0.]), array([0., 0., 0., 0., 0., 0., 0., 0., 0., 0.]), array([0., 0., 0., 0., 0., 0., 0., 0., 0., 0.]), array([0., 0., 0., 0., 0., 0., 0., 0., 0., 0.])]
load model:model/opt_task/1/3/

Total time taken (in seconds): 14.02
[array([0.95779997, 0.        , 0.        , 0.        , 0.        ,
       0.        , 0.        , 0.        , 0.        , 0.        ]), array([0.91939998, 0.9375    , 0.        , 0.        , 0.        ,
       0.        , 0.        , 0.        , 0.        , 0.        ]), array([0.77999997, 0.90179998, 0.9522    , 0.        , 0.        ,
       0.        , 0.        , 0.        , 0.        , 0.        ]), array([0.54549998, 0.80010003, 0.93190002, 0.95630002, 0.        ,
       0.        , 0.        , 0.        , 0.        , 0.        ]), array([0.4404    , 0.69400001, 0.8294    , 0.90179998, 0.93120003,
       0.        , 0.        , 0.        , 0.        , 0.        ]), array([0., 0., 0., 0., 0., 0., 0., 0., 0., 0.]), array([0., 0., 0., 0., 0., 0., 0., 0., 0., 0.]), array([0., 0., 0., 0., 0., 0., 0., 0., 0., 0.]), array([0., 0., 0., 0., 0., 0., 0., 0., 0., 0.]), array([0., 0., 0., 0., 0., 0., 0., 0., 0., 0.])]
load model:model/opt_task/1/3/

Total time taken (in seconds): 14.00
[array([0.95779997, 0.        , 0.        , 0.        , 0.        ,
       0.        , 0.        , 0.        , 0.        , 0.        ]), array([0.91939998, 0.9375    , 0.        , 0.        , 0.        ,
       0.        , 0.        , 0.        , 0.        , 0.        ]), array([0.77999997, 0.90179998, 0.9522    , 0.        , 0.        ,
       0.        , 0.        , 0.        , 0.        , 0.        ]), array([0.54549998, 0.80010003, 0.93190002, 0.95630002, 0.        ,
       0.        , 0.        , 0.        , 0.        , 0.        ]), array([0.4404    , 0.69400001, 0.8294    , 0.90179998, 0.93120003,
       0.        , 0.        , 0.        , 0.        , 0.        ]), array([0.4427    , 0.56690001, 0.67940003, 0.81290001, 0.88200003,
       0.96079999, 0.        , 0.        , 0.        , 0.        ]), array([0., 0., 0., 0., 0., 0., 0., 0., 0., 0.]), array([0., 0., 0., 0., 0., 0., 0., 0., 0., 0.]), array([0., 0., 0., 0., 0., 0., 0., 0., 0., 0.]), array([0., 0., 0., 0., 0., 0., 0., 0., 0., 0.])]
load model:model/opt_task/1/3/

Total time taken (in seconds): 13.99
[array([0.95779997, 0.        , 0.        , 0.        , 0.        ,
       0.        , 0.        , 0.        , 0.        , 0.        ]), array([0.91939998, 0.9375    , 0.        , 0.        , 0.        ,
       0.        , 0.        , 0.        , 0.        , 0.        ]), array([0.77999997, 0.90179998, 0.9522    , 0.        , 0.        ,
       0.        , 0.        , 0.        , 0.        , 0.        ]), array([0.54549998, 0.80010003, 0.93190002, 0.95630002, 0.        ,
       0.        , 0.        , 0.        , 0.        , 0.        ]), array([0.4404    , 0.69400001, 0.8294    , 0.90179998, 0.93120003,
       0.        , 0.        , 0.        , 0.        , 0.        ]), array([0.4427    , 0.56690001, 0.67940003, 0.81290001, 0.88200003,
       0.96079999, 0.        , 0.        , 0.        , 0.        ]), array([0.38460001, 0.39820001, 0.61860001, 0.68970001, 0.7823    ,
       0.89679998, 0.9533    , 0.        , 0.        , 0.        ]), array([0., 0., 0., 0., 0., 0., 0., 0., 0., 0.]), array([0., 0., 0., 0., 0., 0., 0., 0., 0., 0.]), array([0., 0., 0., 0., 0., 0., 0., 0., 0., 0.])]
load model:model/opt_task/1/3/

Total time taken (in seconds): 14.08
[array([0.95779997, 0.        , 0.        , 0.        , 0.        ,
       0.        , 0.        , 0.        , 0.        , 0.        ]), array([0.91939998, 0.9375    , 0.        , 0.        , 0.        ,
       0.        , 0.        , 0.        , 0.        , 0.        ]), array([0.77999997, 0.90179998, 0.9522    , 0.        , 0.        ,
       0.        , 0.        , 0.        , 0.        , 0.        ]), array([0.54549998, 0.80010003, 0.93190002, 0.95630002, 0.        ,
       0.        , 0.        , 0.        , 0.        , 0.        ]), array([0.4404    , 0.69400001, 0.8294    , 0.90179998, 0.93120003,
       0.        , 0.        , 0.        , 0.        , 0.        ]), array([0.4427    , 0.56690001, 0.67940003, 0.81290001, 0.88200003,
       0.96079999, 0.        , 0.        , 0.        , 0.        ]), array([0.38460001, 0.39820001, 0.61860001, 0.68970001, 0.7823    ,
       0.89679998, 0.9533    , 0.        , 0.        , 0.        ]), array([0.37889999, 0.46079999, 0.53539997, 0.59759998, 0.76179999,
       0.83789998, 0.91079998, 0.95749998, 0.        , 0.        ]), array([0., 0., 0., 0., 0., 0., 0., 0., 0., 0.]), array([0., 0., 0., 0., 0., 0., 0., 0., 0., 0.])]
load model:model/opt_task/1/3/

Total time taken (in seconds): 14.06
[array([0.95779997, 0.        , 0.        , 0.        , 0.        ,
       0.        , 0.        , 0.        , 0.        , 0.        ]), array([0.91939998, 0.9375    , 0.        , 0.        , 0.        ,
       0.        , 0.        , 0.        , 0.        , 0.        ]), array([0.77999997, 0.90179998, 0.9522    , 0.        , 0.        ,
       0.        , 0.        , 0.        , 0.        , 0.        ]), array([0.54549998, 0.80010003, 0.93190002, 0.95630002, 0.        ,
       0.        , 0.        , 0.        , 0.        , 0.        ]), array([0.4404    , 0.69400001, 0.8294    , 0.90179998, 0.93120003,
       0.        , 0.        , 0.        , 0.        , 0.        ]), array([0.4427    , 0.56690001, 0.67940003, 0.81290001, 0.88200003,
       0.96079999, 0.        , 0.        , 0.        , 0.        ]), array([0.38460001, 0.39820001, 0.61860001, 0.68970001, 0.7823    ,
       0.89679998, 0.9533    , 0.        , 0.        , 0.        ]), array([0.37889999, 0.46079999, 0.53539997, 0.59759998, 0.76179999,
       0.83789998, 0.91079998, 0.95749998, 0.        , 0.        ]), array([0.3017    , 0.3538    , 0.3858    , 0.45199999, 0.62910002,
       0.72719997, 0.76520002, 0.9314    , 0.95740002, 0.        ]), array([0., 0., 0., 0., 0., 0., 0., 0., 0., 0.])]
load model:model/opt_task/1/3/

Total time taken (in seconds): 14.03
[array([0.95779997, 0.        , 0.        , 0.        , 0.        ,
       0.        , 0.        , 0.        , 0.        , 0.        ]), array([0.91939998, 0.9375    , 0.        , 0.        , 0.        ,
       0.        , 0.        , 0.        , 0.        , 0.        ]), array([0.77999997, 0.90179998, 0.9522    , 0.        , 0.        ,
       0.        , 0.        , 0.        , 0.        , 0.        ]), array([0.54549998, 0.80010003, 0.93190002, 0.95630002, 0.        ,
       0.        , 0.        , 0.        , 0.        , 0.        ]), array([0.4404    , 0.69400001, 0.8294    , 0.90179998, 0.93120003,
       0.        , 0.        , 0.        , 0.        , 0.        ]), array([0.4427    , 0.56690001, 0.67940003, 0.81290001, 0.88200003,
       0.96079999, 0.        , 0.        , 0.        , 0.        ]), array([0.38460001, 0.39820001, 0.61860001, 0.68970001, 0.7823    ,
       0.89679998, 0.9533    , 0.        , 0.        , 0.        ]), array([0.37889999, 0.46079999, 0.53539997, 0.59759998, 0.76179999,
       0.83789998, 0.91079998, 0.95749998, 0.        , 0.        ]), array([0.3017    , 0.3538    , 0.3858    , 0.45199999, 0.62910002,
       0.72719997, 0.76520002, 0.9314    , 0.95740002, 0.        ]), array([0.3127    , 0.2604    , 0.3326    , 0.40099999, 0.50739998,
       0.62      , 0.76429999, 0.82370001, 0.9188    , 0.95950001])]
create new model

Total time taken (in seconds): 14.61
[0.92930001 0.         0.         0.         0.         0.
 0.         0.         0.         0.        ]
create new model

Total time taken (in seconds): 15.85
[0.92930001 0.93120003 0.         0.         0.         0.
 0.         0.         0.         0.        ]
create new model

Total time taken (in seconds): 14.49
[0.92930001 0.93120003 0.93220001 0.         0.         0.
 0.         0.         0.         0.        ]
create new model

Total time taken (in seconds): 14.66
[0.92930001 0.93120003 0.93220001 0.9271     0.         0.
 0.         0.         0.         0.        ]
create new model

Total time taken (in seconds): 14.07
[0.92930001 0.93120003 0.93220001 0.9271     0.93309999 0.
 0.         0.         0.         0.        ]
create new model

Total time taken (in seconds): 14.19
[0.92930001 0.93120003 0.93220001 0.9271     0.93309999 0.92699999
 0.         0.         0.         0.        ]
create new model

Total time taken (in seconds): 14.65
[0.92930001 0.93120003 0.93220001 0.9271     0.93309999 0.92699999
 0.93010002 0.         0.         0.        ]
create new model

Total time taken (in seconds): 14.59
[0.92930001 0.93120003 0.93220001 0.9271     0.93309999 0.92699999
 0.93010002 0.92549998 0.         0.        ]
create new model

Total time taken (in seconds): 14.16
[0.92930001 0.93120003 0.93220001 0.9271     0.93309999 0.92699999
 0.93010002 0.92549998 0.92229998 0.        ]
create new model

Total time taken (in seconds): 14.64
[0.92930001 0.93120003 0.93220001 0.9271     0.93309999 0.92699999
 0.93010002 0.92549998 0.92229998 0.93339998]
[array([0.95779997, 0.        , 0.        , 0.        , 0.        ,
       0.        , 0.        , 0.        , 0.        , 0.        ]), array([0.91939998, 0.9375    , 0.        , 0.        , 0.        ,
       0.        , 0.        , 0.        , 0.        , 0.        ]), array([0.77999997, 0.90179998, 0.9522    , 0.        , 0.        ,
       0.        , 0.        , 0.        , 0.        , 0.        ]), array([0.54549998, 0.80010003, 0.93190002, 0.95630002, 0.        ,
       0.        , 0.        , 0.        , 0.        , 0.        ]), array([0.4404    , 0.69400001, 0.8294    , 0.90179998, 0.93120003,
       0.        , 0.        , 0.        , 0.        , 0.        ]), array([0.4427    , 0.56690001, 0.67940003, 0.81290001, 0.88200003,
       0.96079999, 0.        , 0.        , 0.        , 0.        ]), array([0.38460001, 0.39820001, 0.61860001, 0.68970001, 0.7823    ,
       0.89679998, 0.9533    , 0.        , 0.        , 0.        ]), array([0.37889999, 0.46079999, 0.53539997, 0.59759998, 0.76179999,
       0.83789998, 0.91079998, 0.95749998, 0.        , 0.        ]), array([0.3017    , 0.3538    , 0.3858    , 0.45199999, 0.62910002,
       0.72719997, 0.76520002, 0.9314    , 0.95740002, 0.        ]), array([0.3127    , 0.2604    , 0.3326    , 0.40099999, 0.50739998,
       0.62      , 0.76429999, 0.82370001, 0.9188    , 0.95950001])] [0.92930001 0.93120003 0.93220001 0.9271     0.93309999 0.92699999
 0.93010002 0.92549998 0.92229998 0.93339998]
acc: 0.5900399983, bwt: -0.4025666714, tbwt: -0.3796555599
cbwt 0: -0.4571444227
cbwt 1: -0.3829999976
cbwt 2: -0.3360428470
cbwt 3: -0.3138000270
cbwt 4: -0.2186800241
cbwt 5: -0.1903250068
cbwt 6: -0.1398666700
cbwt 7: -0.0799499750
cbwt 8: -0.0386000276
